#
# A fatal error has been detected by the Java Runtime Environment:
#
#  EXCEPTION_ACCESS_VIOLATION (0xc0000005) at pc=0x14f7b397, pid=4716, tid=5788
#
# JRE version: Java(TM) SE Runtime Environment (8.0_91-b15) (build 1.8.0_91-b15)
# Java VM: Java HotSpot(TM) Client VM (25.91-b15 mixed mode windows-x86 )
# Problematic frame:
# C  0x14f7b397
#
# Failed to write core dump. Minidumps are not enabled by default on client versions of Windows
#
# If you would like to submit a bug report, please visit:
#   http://bugreport.java.com/bugreport/crash.jsp
# The crash happened outside the Java Virtual Machine in native code.
# See problematic frame for where to report the bug.
#

---------------  T H R E A D  ---------------

Current thread (0x160b6400):  JavaThread "Thread-4" [_thread_in_native, id=5788, stack(0x170c0000,0x17110000)]

siginfo: ExceptionCode=0xc0000005, ExceptionInformation=0x00000008 0x14f7b397

Registers:
EAX=0xffffff2c, EBX=0x16bccf50, ECX=0x00000000, EDX=0x00016800
ESP=0x1710f248, EBP=0x1710f248, ESI=0x1710f310, EDI=0x160b6400
EIP=0x14f7b397, EFLAGS=0x00010212

Top of Stack: (sp=0x1710f248)
0x1710f248:   1710f288 14f78efa 14f78d30 1710f270
0x1710f258:   00000004 00000001 1710f500 16bccf50
0x1710f268:   1710f288 14f76aba 1710f490 1710f500
0x1710f278:   1710f2b0 00000000 1710f310 00000000
0x1710f288:   1710f4d8 14f72131 1710f490 16bccf50
0x1710f298:   1710f500 1710f2b0 1710f2d0 623e6d83
0x1710f2a8:   00000000 14f71449 1710f310 160b6400
0x1710f2b8:   16ae7fc8 1710f2ac 160b6400 1710f7fc 

Instructions: (pc=0x14f7b397)
0x14f7b377:   
[error occurred during error reporting (printing registers, top of stack, instructions near pc), id 0xc0000005]

Register to memory mapping:

EAX=0xffffff2c is an unknown value
EBX=0x16bccf50 is an unknown value
ECX=0x00000000 is an unknown value
EDX=0x00016800 is an unknown value
ESP=0x1710f248 is pointing into the stack for thread: 0x160b6400
EBP=0x1710f248 is pointing into the stack for thread: 0x160b6400
ESI=0x1710f310 is pointing into the stack for thread: 0x160b6400
EDI=0x160b6400 is a thread


Stack: [0x170c0000,0x17110000],  sp=0x1710f248,  free space=316k
Native frames: (J=compiled Java code, j=interpreted, Vv=VM code, C=native code)
C  0x14f7b397
C  0x14f78efa
C  0x14f72131
C  0x14f72811
j  com.sun.jna.Function.invokeInt(I[Ljava/lang/Object;)I+0
j  com.sun.jna.Function.invoke([Ljava/lang/Object;Ljava/lang/Class;)Ljava/lang/Object;+309
j  com.sun.jna.Function.invoke(Ljava/lang/Class;[Ljava/lang/Object;Ljava/util/Map;)Ljava/lang/Object;+194
j  com.sun.jna.Library$Handler.invoke(Ljava/lang/Object;Ljava/lang/reflect/Method;[Ljava/lang/Object;)Ljava/lang/Object;+344
j  com.sun.proxy.$Proxy0.UFS_CaptureSingleImage(Lcom/sun/jna/Pointer;)I+16
j  GUI.Checador$4.run()V+65
j  java.lang.Thread.run()V+11
v  ~StubRoutines::call_stub
V  [jvm.dll+0x159425]
V  [jvm.dll+0x21f02e]
V  [jvm.dll+0x1594be]
V  [jvm.dll+0x159646]
V  [jvm.dll+0x1596b7]
V  [jvm.dll+0xfdd2f]
V  [jvm.dll+0x17c8ec]
V  [jvm.dll+0x17c9da]
V  [jvm.dll+0x1c0fd6]
C  [msvcr100.dll+0x10fac]
C  [msvcr100.dll+0x110b1]
C  [kernel32.dll+0x1338a]
C  [ntdll.dll+0x39902]
C  [ntdll.dll+0x398d5]
C  0x00000000

Java frames: (J=compiled Java code, j=interpreted, Vv=VM code)
j  com.sun.jna.Function.invokeInt(I[Ljava/lang/Object;)I+0
j  com.sun.jna.Function.invoke([Ljava/lang/Object;Ljava/lang/Class;)Ljava/lang/Object;+309
j  com.sun.jna.Function.invoke(Ljava/lang/Class;[Ljava/lang/Object;Ljava/util/Map;)Ljava/lang/Object;+194
j  com.sun.jna.Library$Handler.invoke(Ljava/lang/Object;Ljava/lang/reflect/Method;[Ljava/lang/Object;)Ljava/lang/Object;+344
j  com.sun.proxy.$Proxy0.UFS_CaptureSingleImage(Lcom/sun/jna/Pointer;)I+16
j  GUI.Checador$4.run()V+65
j  java.lang.Thread.run()V+11
v  ~StubRoutines::call_stub

---------------  P R O C E S S  ---------------

Java Threads: ( => current thread )
  0x160ed800 JavaThread "Thread-3" [_thread_blocked, id=2160, stack(0x17000000,0x17050000)]
=>0x160b6400 JavaThread "Thread-4" [_thread_in_native, id=5788, stack(0x170c0000,0x17110000)]
  0x160d2000 JavaThread "Thread-2" [_thread_blocked, id=5624, stack(0x16830000,0x16880000)]
  0x00d4c400 JavaThread "DestroyJavaVM" [_thread_blocked, id=5324, stack(0x007a0000,0x007f0000)]
  0x15f01000 JavaThread "AWT-EventQueue-0" [_thread_blocked, id=4116, stack(0x16460000,0x164b0000)]
  0x14e32400 JavaThread "AWT-Shutdown" [_thread_blocked, id=5784, stack(0x15410000,0x15460000)]
  0x14e2fc00 JavaThread "Java2D Disposer" daemon [_thread_blocked, id=6032, stack(0x156e0000,0x15730000)]
  0x14ce5000 JavaThread "Service Thread" daemon [_thread_blocked, id=5352, stack(0x154f0000,0x15540000)]
  0x14ccb000 JavaThread "C1 CompilerThread0" daemon [_thread_blocked, id=5096, stack(0x15460000,0x154b0000)]
  0x14cca000 JavaThread "Attach Listener" daemon [_thread_blocked, id=5936, stack(0x15380000,0x153d0000)]
  0x14cc7000 JavaThread "Signal Dispatcher" daemon [_thread_blocked, id=5828, stack(0x151d0000,0x15220000)]
  0x14ca6c00 JavaThread "Finalizer" daemon [_thread_blocked, id=6128, stack(0x15070000,0x150c0000)]
  0x14c81c00 JavaThread "Reference Handler" daemon [_thread_blocked, id=1272, stack(0x14f20000,0x14f70000)]

Other Threads:
  0x14c7b000 VMThread [stack: 0x047a0000,0x047f0000] [id=5052]

VM state:at safepoint (normal execution)

VM Mutex/Monitor currently owned by a thread:  ([mutex/lock_event])
[0x00d4a7a0] Threads_lock - owner thread: 0x14c7b000

Heap:
 def new generation   total 5184K, used 4423K [0x04800000, 0x04d90000, 0x09d50000)
  eden space 4672K,  93% used [0x04800000, 0x04c44a50, 0x04c90000)
  from space 512K,  10% used [0x04c90000, 0x04c9d3d0, 0x04d10000)
  to   space 512K,   0% used [0x04d10000, 0x04d10000, 0x04d90000)
 tenured generation   total 21036K, used 20515K [0x09d50000, 0x0b1db000, 0x14800000)
   the space 21036K,  97% used [0x09d50000, 0x0b158f98, 0x0b159000, 0x0b1db000)
 Metaspace       used 8949K, capacity 9165K, committed 9216K, reserved 9600K

Card table byte_map: [0x00c80000,0x00d10000] byte_map_base: 0x00c5c000

Polling page: 0x001f0000

CodeCache: size=32768Kb used=1105Kb max_used=1105Kb free=31662Kb
 bounds [0x02690000, 0x027a8000, 0x04690000]
 total_blobs=584 nmethods=342 adapters=173
 compilation: enabled

Compilation events (10 events):
Event: 11.759 Thread 0x14ccb000  341             java.awt.Component::isValid (20 bytes)
Event: 11.759 Thread 0x14ccb000 nmethod 341 0x027a2a88 code [0x027a2b80, 0x027a2c30]
Event: 11.962 Thread 0x14ccb000  342             sun.font.FontDesignMetrics::stringWidth (154 bytes)
Event: 11.963 Thread 0x14ccb000 nmethod 342 0x027a2c88 code [0x027a2e50, 0x027a32cc]
Event: 12.976 Thread 0x14ccb000  343             java.util.Calendar::setFieldsComputed (117 bytes)
Event: 12.976 Thread 0x14ccb000 nmethod 343 0x027a38c8 code [0x027a39e0, 0x027a3ba0]
Event: 15.112 Thread 0x14ccb000  345   !         javax.swing.UIManager::maybeInitialize (36 bytes)
Event: 15.112 Thread 0x14ccb000 nmethod 345 0x027a4108 code [0x027a4230, 0x027a4474]
Event: 15.113 Thread 0x14ccb000  346             java.util.AbstractCollection::<init> (5 bytes)
Event: 15.113 Thread 0x14ccb000 nmethod 346 0x027a4648 code [0x027a4740, 0x027a47c0]

GC Heap History (10 events):
Event: 0.694 GC heap before
{Heap before GC invocations=2 (full 0):
 def new generation   total 4928K, used 4651K [0x04800000, 0x04d50000, 0x09d50000)
  eden space 4416K,  99% used [0x04800000, 0x04c4f9b0, 0x04c50000)
  from space 512K,  46% used [0x04c50000, 0x04c8b510, 0x04cd0000)
  to   space 512K,   0% used [0x04cd0000, 0x04cd0000, 0x04d50000)
 tenured generation   total 10944K, used 1528K [0x09d50000, 0x0a800000, 0x14800000)
   the space 10944K,  13% used [0x09d50000, 0x09ece1d8, 0x09ece200, 0x0a800000)
 Metaspace       used 6807K, capacity 7008K, committed 7040K, reserved 7552K
Event: 0.697 GC heap after
Heap after GC invocations=3 (full 0):
 def new generation   total 4928K, used 238K [0x04800000, 0x04d50000, 0x09d50000)
  eden space 4416K,   0% used [0x04800000, 0x04800000, 0x04c50000)
  from space 512K,  46% used [0x04cd0000, 0x04d0b8b0, 0x04d50000)
  to   space 512K,   0% used [0x04c50000, 0x04c50000, 0x04cd0000)
 tenured generation   total 10944K, used 5676K [0x09d50000, 0x0a800000, 0x14800000)
   the space 10944K,  51% used [0x09d50000, 0x0a2db308, 0x0a2db400, 0x0a800000)
 Metaspace       used 6807K, capacity 7008K, committed 7040K, reserved 7552K
}
Event: 0.795 GC heap before
{Heap before GC invocations=3 (full 0):
 def new generation   total 4928K, used 4654K [0x04800000, 0x04d50000, 0x09d50000)
  eden space 4416K, 100% used [0x04800000, 0x04c50000, 0x04c50000)
  from space 512K,  46% used [0x04cd0000, 0x04d0b8b0, 0x04d50000)
  to   space 512K,   0% used [0x04c50000, 0x04c50000, 0x04cd0000)
 tenured generation   total 10944K, used 5676K [0x09d50000, 0x0a800000, 0x14800000)
   the space 10944K,  51% used [0x09d50000, 0x0a2db308, 0x0a2db400, 0x0a800000)
 Metaspace       used 7418K, capacity 7621K, committed 7680K, reserved 8576K
Event: 0.797 GC heap after
Heap after GC invocations=4 (full 0):
 def new generation   total 4928K, used 419K [0x04800000, 0x04d50000, 0x09d50000)
  eden space 4416K,   0% used [0x04800000, 0x04800000, 0x04c50000)
  from space 512K,  82% used [0x04c50000, 0x04cb8f68, 0x04cd0000)
  to   space 512K,   0% used [0x04cd0000, 0x04cd0000, 0x04d50000)
 tenured generation   total 10944K, used 5676K [0x09d50000, 0x0a800000, 0x14800000)
   the space 10944K,  51% used [0x09d50000, 0x0a2db308, 0x0a2db400, 0x0a800000)
 Metaspace       used 7418K, capacity 7621K, committed 7680K, reserved 8576K
}
Event: 0.893 GC heap before
{Heap before GC invocations=4 (full 0):
 def new generation   total 4928K, used 2820K [0x04800000, 0x04d50000, 0x09d50000)
  eden space 4416K,  54% used [0x04800000, 0x04a58220, 0x04c50000)
  from space 512K,  82% used [0x04c50000, 0x04cb8f68, 0x04cd0000)
  to   space 512K,   0% used [0x04cd0000, 0x04cd0000, 0x04d50000)
 tenured generation   total 10944K, used 5676K [0x09d50000, 0x0a800000, 0x14800000)
   the space 10944K,  51% used [0x09d50000, 0x0a2db308, 0x0a2db400, 0x0a800000)
 Metaspace       used 8250K, capacity 8461K, committed 8576K, reserved 8576K
Event: 0.903 GC heap after
Heap after GC invocations=5 (full 1):
 def new generation   total 5184K, used 0K [0x04800000, 0x04d90000, 0x09d50000)
  eden space 4672K,   0% used [0x04800000, 0x04800000, 0x04c90000)
  from space 512K,   0% used [0x04c90000, 0x04c90000, 0x04d10000)
  to   space 512K,   0% used [0x04d10000, 0x04d10000, 0x04d90000)
 tenured generation   total 11268K, used 6760K [0x09d50000, 0x0a851000, 0x14800000)
   the space 11268K,  59% used [0x09d50000, 0x0a3ea008, 0x0a3ea200, 0x0a851000)
 Metaspace       used 8250K, capacity 8461K, committed 8576K, reserved 8576K
}
Event: 1.611 GC heap before
{Heap before GC invocations=5 (full 1):
 def new generation   total 5184K, used 1941K [0x04800000, 0x04d90000, 0x09d50000)
  eden space 4672K,  41% used [0x04800000, 0x049e5778, 0x04c90000)
  from space 512K,   0% used [0x04c90000, 0x04c90000, 0x04d10000)
  to   space 512K,   0% used [0x04d10000, 0x04d10000, 0x04d90000)
 tenured generation   total 21036K, used 16525K [0x09d50000, 0x0b1db000, 0x14800000)
   the space 21036K,  78% used [0x09d50000, 0x0ad73698, 0x0ad73800, 0x0b1db000)
 Metaspace       used 8771K, capacity 9005K, committed 9088K, reserved 9600K
Event: 1.613 GC heap after
Heap after GC invocations=6 (full 1):
 def new generation   total 5184K, used 321K [0x04800000, 0x04d90000, 0x09d50000)
  eden space 4672K,   0% used [0x04800000, 0x04800000, 0x04c90000)
  from space 512K,  62% used [0x04d10000, 0x04d60530, 0x04d90000)
  to   space 512K,   0% used [0x04c90000, 0x04c90000, 0x04d10000)
 tenured generation   total 21036K, used 16525K [0x09d50000, 0x0b1db000, 0x14800000)
   the space 21036K,  78% used [0x09d50000, 0x0ad73698, 0x0ad73800, 0x0b1db000)
 Metaspace       used 8771K, capacity 9005K, committed 9088K, reserved 9600K
}
Event: 4.788 GC heap before
{Heap before GC invocations=6 (full 1):
 def new generation   total 5184K, used 4993K [0x04800000, 0x04d90000, 0x09d50000)
  eden space 4672K, 100% used [0x04800000, 0x04c90000, 0x04c90000)
  from space 512K,  62% used [0x04d10000, 0x04d60530, 0x04d90000)
  to   space 512K,   0% used [0x04c90000, 0x04c90000, 0x04d10000)
 tenured generation   total 21036K, used 16525K [0x09d50000, 0x0b1db000, 0x14800000)
   the space 21036K,  78% used [0x09d50000, 0x0ad73698, 0x0ad73800, 0x0b1db000)
 Metaspace       used 8946K, capacity 9165K, committed 9216K, reserved 9600K
Event: 4.790 GC heap after
Heap after GC invocations=7 (full 1):
 def new generation   total 5184K, used 52K [0x04800000, 0x04d90000, 0x09d50000)
  eden space 4672K,   0% used [0x04800000, 0x04800000, 0x04c90000)
  from space 512K,  10% used [0x04c90000, 0x04c9d3d0, 0x04d10000)
  to   space 512K,   0% used [0x04d10000, 0x04d10000, 0x04d90000)
 tenured generation   total 21036K, used 20515K [0x09d50000, 0x0b1db000, 0x14800000)
   the space 21036K,  97% used [0x09d50000, 0x0b158f98, 0x0b159000, 0x0b1db000)
 Metaspace       used 8946K, capacity 9165K, committed 9216K, reserved 9600K
}

Deoptimization events (0 events):
No events

Internal exceptions (10 events):
Event: 0.534 Thread 0x00d4c400 Exception <a 'java/lang/ClassNotFoundException': ToolBar> (0x04acf6c0) thrown at [C:\re\workspace\8-2-build-windows-i586-cygwin\jdk8u91\7017\hotspot\src\share\vm\classfile\systemDictionary.cpp, line 210]
Event: 0.534 Thread 0x00d4c400 Exception <a 'java/lang/ClassNotFoundException': ToggleButton> (0x04acfc08) thrown at [C:\re\workspace\8-2-build-windows-i586-cygwin\jdk8u91\7017\hotspot\src\share\vm\classfile\systemDictionary.cpp, line 210]
Event: 0.534 Thread 0x00d4c400 Exception <a 'java/lang/ClassNotFoundException': javax/swing/JToolBarSeparator> (0x04ad0010) thrown at [C:\re\workspace\8-2-build-windows-i586-cygwin\jdk8u91\7017\hotspot\src\share\vm\classfile\systemDictionary.cpp, line 210]
Event: 0.535 Thread 0x00d4c400 Exception <a 'java/lang/ClassNotFoundException': ToolBarSeparator> (0x04ad0468) thrown at [C:\re\workspace\8-2-build-windows-i586-cygwin\jdk8u91\7017\hotspot\src\share\vm\classfile\systemDictionary.cpp, line 210]
Event: 0.535 Thread 0x00d4c400 Exception <a 'java/lang/ClassNotFoundException': ToolTip> (0x04ad0b10) thrown at [C:\re\workspace\8-2-build-windows-i586-cygwin\jdk8u91\7017\hotspot\src\share\vm\classfile\systemDictionary.cpp, line 210]
Event: 0.536 Thread 0x00d4c400 Exception <a 'java/lang/ClassNotFoundException': Tree> (0x04ad1610) thrown at [C:\re\workspace\8-2-build-windows-i586-cygwin\jdk8u91\7017\hotspot\src\share\vm\classfile\systemDictionary.cpp, line 210]
Event: 0.536 Thread 0x00d4c400 Exception <a 'java/lang/ClassNotFoundException': Tree> (0x04ad1cb0) thrown at [C:\re\workspace\8-2-build-windows-i586-cygwin\jdk8u91\7017\hotspot\src\share\vm\classfile\systemDictionary.cpp, line 210]
Event: 0.536 Thread 0x00d4c400 Exception <a 'java/lang/ClassNotFoundException': javax/swing/JTreeCell> (0x04ad1fe8) thrown at [C:\re\workspace\8-2-build-windows-i586-cygwin\jdk8u91\7017\hotspot\src\share\vm\classfile\systemDictionary.cpp, line 210]
Event: 0.536 Thread 0x00d4c400 Exception <a 'java/lang/ClassNotFoundException': TreeCell> (0x04ad2430) thrown at [C:\re\workspace\8-2-build-windows-i586-cygwin\jdk8u91\7017\hotspot\src\share\vm\classfile\systemDictionary.cpp, line 210]
Event: 0.537 Thread 0x00d4c400 Exception <a 'java/lang/ClassNotFoundException': RootPane> (0x04ad2da8) thrown at [C:\re\workspace\8-2-build-windows-i586-cygwin\jdk8u91\7017\hotspot\src\share\vm\classfile\systemDictionary.cpp, line 210]

Events (10 events):
Event: 5.734 Thread 0x15f32400 Thread exited: 0x15f32400
Event: 16.468 Thread 0x14e19400 Thread added: 0x14e19400
Event: 16.468 Thread 0x160ed400 Thread added: 0x160ed400
Event: 16.468 Thread 0x160ed800 Thread added: 0x160ed800
Event: 16.469 Thread 0x14e19400 Thread exited: 0x14e19400
Event: 16.472 Thread 0x14e33400 Thread exited: 0x14e33400
Event: 16.472 Thread 0x160ed400 Thread exited: 0x160ed400
Event: 16.476 loading class java/util/Vector$Itr
Event: 16.476 loading class java/util/Vector$Itr done
Event: 16.477 Executing VM operation: Exit


Dynamic libraries:
0x01250000 - 0x01283000 	C:\Program Files (x86)\Java\jdk1.8.0_91\bin\java.exe
0x77200000 - 0x77380000 	C:\Windows\SysWOW64\ntdll.dll
0x74c80000 - 0x74d90000 	C:\Windows\syswow64\kernel32.dll
0x76690000 - 0x766d7000 	C:\Windows\syswow64\KERNELBASE.dll
0x76a10000 - 0x76ab1000 	C:\Windows\syswow64\ADVAPI32.dll
0x75ed0000 - 0x75f7c000 	C:\Windows\syswow64\msvcrt.dll
0x74c50000 - 0x74c69000 	C:\Windows\SysWOW64\sechost.dll
0x75190000 - 0x75280000 	C:\Windows\syswow64\RPCRT4.dll
0x74b50000 - 0x74bb0000 	C:\Windows\syswow64\SspiCli.dll
0x74b40000 - 0x74b4c000 	C:\Windows\syswow64\CRYPTBASE.dll
0x76320000 - 0x76420000 	C:\Windows\syswow64\USER32.dll
0x74fb0000 - 0x75040000 	C:\Windows\syswow64\GDI32.dll
0x74c70000 - 0x74c7a000 	C:\Windows\syswow64\LPK.dll
0x74f10000 - 0x74fad000 	C:\Windows\syswow64\USP10.dll
0x72900000 - 0x72a9e000 	C:\Windows\WinSxS\x86_microsoft.windows.common-controls_6595b64144ccf1df_6.0.7601.18837_none_41e855142bd5705d\COMCTL32.dll
0x76420000 - 0x76477000 	C:\Windows\syswow64\SHLWAPI.dll
0x76ad0000 - 0x76b30000 	C:\Windows\system32\IMM32.DLL
0x760e0000 - 0x761ac000 	C:\Windows\syswow64\MSCTF.dll
0x6e0c0000 - 0x6e17d000 	C:\Program Files (x86)\Java\jdk1.8.0_91\jre\bin\msvcr100.dll
0x623e0000 - 0x627aa000 	C:\Program Files (x86)\Java\jdk1.8.0_91\jre\bin\client\jvm.dll
0x72870000 - 0x72877000 	C:\Windows\system32\WSOCK32.dll
0x76650000 - 0x76685000 	C:\Windows\syswow64\WS2_32.dll
0x76ac0000 - 0x76ac6000 	C:\Windows\syswow64\NSI.dll
0x722f0000 - 0x72322000 	C:\Windows\system32\WINMM.dll
0x72f30000 - 0x72f39000 	C:\Windows\system32\VERSION.dll
0x74f00000 - 0x74f05000 	C:\Windows\syswow64\PSAPI.DLL
0x70650000 - 0x7065c000 	C:\Program Files (x86)\Java\jdk1.8.0_91\jre\bin\verify.dll
0x70620000 - 0x70641000 	C:\Program Files (x86)\Java\jdk1.8.0_91\jre\bin\java.dll
0x70600000 - 0x70613000 	C:\Program Files (x86)\Java\jdk1.8.0_91\jre\bin\zip.dll
0x75280000 - 0x75ecc000 	C:\Windows\syswow64\SHELL32.dll
0x761b0000 - 0x7630d000 	C:\Windows\syswow64\ole32.dll
0x771d0000 - 0x771db000 	C:\Windows\syswow64\profapi.dll
0x6cfb0000 - 0x6d0f5000 	C:\Program Files (x86)\Java\jdk1.8.0_91\jre\bin\awt.dll
0x76010000 - 0x7609f000 	C:\Windows\syswow64\OLEAUT32.dll
0x71f40000 - 0x71fc0000 	C:\Windows\system32\uxtheme.dll
0x71d90000 - 0x71da3000 	C:\Windows\system32\dwmapi.dll
0x6f910000 - 0x6f949000 	C:\Program Files (x86)\Java\jdk1.8.0_91\jre\bin\fontmanager.dll
0x705d0000 - 0x705f6000 	C:\Program Files (x86)\Java\jdk1.8.0_91\jre\bin\jpeg.dll
0x6f8f0000 - 0x6f906000 	C:\Program Files (x86)\Java\jdk1.8.0_91\jre\bin\net.dll
0x72500000 - 0x7253c000 	C:\Windows\system32\mswsock.dll
0x71fd0000 - 0x71fd6000 	C:\Windows\System32\wship6.dll
0x6f8e0000 - 0x6f8ef000 	C:\Program Files (x86)\Java\jdk1.8.0_91\jre\bin\nio.dll
0x6f8a0000 - 0x6f8d2000 	C:\Program Files (x86)\Java\jdk1.8.0_91\jre\bin\t2k.dll
0x72840000 - 0x72857000 	C:\Windows\system32\CRYPTSP.dll
0x72800000 - 0x7283b000 	C:\Windows\system32\rsaenh.dll
0x76980000 - 0x76997000 	C:\Windows\syswow64\USERENV.dll
0x746b0000 - 0x746cc000 	C:\Windows\system32\IPHLPAPI.DLL
0x73340000 - 0x73347000 	C:\Windows\system32\WINNSI.DLL
0x720f0000 - 0x720fd000 	C:\Windows\system32\dhcpcsvc6.DLL
0x72290000 - 0x722a2000 	C:\Windows\system32\dhcpcsvc.DLL
0x16bb0000 - 0x16d36000 	C:\Users\OSORIO\AppData\Local\Temp\BioMiniLib\UFScanner.dll
0x76480000 - 0x7661d000 	C:\Windows\syswow64\SETUPAPI.dll
0x76620000 - 0x76647000 	C:\Windows\syswow64\CFGMGR32.dll
0x75ff0000 - 0x76002000 	C:\Windows\syswow64\DEVOBJ.dll
0x6f890000 - 0x6f899000 	C:\Windows\system32\HID.DLL
0x6ce90000 - 0x6cfac000 	C:\Windows\system32\MFC42.DLL
0x6e030000 - 0x6e0bc000 	C:\Windows\system32\ODBC32.dll
0x72190000 - 0x721e1000 	C:\Windows\system32\WINSPOOL.DRV
0x6dff0000 - 0x6e028000 	C:\Windows\system32\odbcint.dll
0x152f0000 - 0x15327000 	C:\Users\OSORIO\AppData\Local\Temp\BioMiniLib\UFMatcher.dll
0x760a0000 - 0x760cf000 	C:\Windows\syswow64\WINTRUST.dll
0x74d90000 - 0x74eb1000 	C:\Windows\syswow64\CRYPT32.dll
0x760d0000 - 0x760dc000 	C:\Windows\syswow64\MSASN1.dll
0x00790000 - 0x0079e000 	C:\Program Files (x86)\Suprema\UFE35\bin\UFScanner_IZZIX.dll
0x6cc40000 - 0x6cc64000 	C:\Program Files (x86)\Java\jdk1.8.0_91\jre\bin\dcpr.dll
0x72360000 - 0x7244b000 	C:\Windows\system32\dbghelp.dll

VM Arguments:
jvm_args: -Dfile.encoding=UTF-8 
java_command: GUI.Checador
java_class_path (initial): C:\Program Files\NetBeans 8.1\java\modules\ext\AbsoluteLayout.jar;C:\Users\OSORIO\Documents\NetBeansProjects\siumV1\postgresql-9.4.1208.jre6.jar;C:\Users\OSORIO\Documents\NetBeansProjects\siumV1\jna.jar;C:\Users\OSORIO\Documents\NetBeansProjects\siumV1\build\classes
Launcher Type: SUN_STANDARD

Environment Variables:
PATH=C:\ProgramData\Oracle\Java\javapath;C:\Windows\system32;C:\Windows;C:\Windows\System32\Wbem;C:\Windows\System32\WindowsPowerShell\v1.0\;C:\xampp\php;C:\ProgramData\ComposerSetup\bin;C:\Program Files (x86)\Suprema\UFE35\bin;C:\Program Files (x86)\pgmodeler;C:\Program Files (x86)\Suprema\UFE35\bin;C:\Program Files\Git\cmd;C:\Users\OSORIO\AppData\Roaming\Composer\vendor\bin;C:\Program Files\Java\jdk1.8.0_91\bin;C:\Program Files (x86)\SSH Communications Security\SSH Secure Shell;C:\Program Files (x86)\Suprema\UFE35\bin
USERNAME=OSORIO
OS=Windows_NT
PROCESSOR_IDENTIFIER=Intel64 Family 6 Model 58 Stepping 9, GenuineIntel



---------------  S Y S T E M  ---------------

OS: Windows 7 , 64 bit Build 7601 (6.1.7601.23418)

CPU:total 4 (2 cores per cpu, 2 threads per core) family 6 model 58 stepping 9, cmov, cx8, fxsr, mmx, sse, sse2, sse3, ssse3, sse4.1, sse4.2, popcnt, avx, clmul, erms, ht, tsc, tscinvbit, tscinv

Memory: 4k page, physical 8279396k(1334312k free), swap 16556932k(9105664k free)

vm_info: Java HotSpot(TM) Client VM (25.91-b15) for windows-x86 JRE (1.8.0_91-b15), built on May 20 2016 17:33:18 by "java_re" with MS VC++ 10.0 (VS2010)

time: Mon Aug 15 11:09:49 2016
elapsed time: 16 seconds (0d 0h 0m 16s)

