#
# A fatal error has been detected by the Java Runtime Environment:
#
#  EXCEPTION_ACCESS_VIOLATION (0xc0000005) at pc=0x02165f66, pid=7104, tid=7140
#
# JRE version: Java(TM) SE Runtime Environment (8.0_91-b15) (build 1.8.0_91-b15)
# Java VM: Java HotSpot(TM) Client VM (25.91-b15 mixed mode windows-x86 )
# Problematic frame:
# C  0x02165f66
#
# Failed to write core dump. Minidumps are not enabled by default on client versions of Windows
#
# If you would like to submit a bug report, please visit:
#   http://bugreport.java.com/bugreport/crash.jsp
# The crash happened outside the Java Virtual Machine in native code.
# See problematic frame for where to report the bug.
#

---------------  T H R E A D  ---------------

Current thread (0x15a67000):  JavaThread "Thread-4" [_thread_in_native, id=7140, stack(0x17740000,0x17790000)]

siginfo: ExceptionCode=0xc0000005, ExceptionInformation=0x00000008 0x02165f66

Registers:
EAX=0x02165f66, EBX=0x16bf9298, ECX=0x15a67140, EDX=0x16c1ca80
ESP=0x1778f1cc, EBP=0x1778f204, ESI=0x16bf9298, EDI=0x15a67000
EIP=0x02165f66, EFLAGS=0x00010283

Top of Stack: (sp=0x1778f1cc)
0x1778f1cc:   027e3991 15a67140 1778f20c 00000004
0x1778f1dc:   00000000 09e80ae8 1778f1e4 00000000
0x1778f1ec:   1778f218 16c1ca80 00000000 16bf9298
0x1778f1fc:   00000000 1778f214 1778f240 027d4600
0x1778f20c:   0ad818e8 027ddc89 00000004 00000000
0x1778f21c:   04889030 1778f220 16bf7743 1778f250
0x1778f22c:   16c1ca80 00000000 16bf77a0 1778f214
0x1778f23c:   1778f248 1778f27c 027d48d4 00000004 

Instructions: (pc=0x02165f66)
0x02165f46:   
[error occurred during error reporting (printing registers, top of stack, instructions near pc), id 0xc0000005]

Register to memory mapping:

EAX=0x02165f66 is an unknown value
EBX={method} {0x16bf929c} 'malloc' '(J)J' in 'com/sun/jna/Memory'
ECX=0x15a67140 is an unknown value
EDX=0x16c1ca80 is pointing into metadata
ESP=0x1778f1cc is pointing into the stack for thread: 0x15a67000
EBP=0x1778f204 is pointing into the stack for thread: 0x15a67000
ESI={method} {0x16bf929c} 'malloc' '(J)J' in 'com/sun/jna/Memory'
EDI=0x15a67000 is a thread


Stack: [0x17740000,0x17790000],  sp=0x1778f1cc,  free space=316k
Native frames: (J=compiled Java code, j=interpreted, Vv=VM code, C=native code)
C  0x02165f66
j  com.sun.jna.Memory.<init>(J)V+27
j  com.sun.jna.ptr.ByReference.<init>(I)V+11
j  com.sun.jna.ptr.IntByReference.<init>(I)V+2
j  com.sun.jna.ptr.IntByReference.<init>()V+2
j  GUI.Checador.drawCurrentFingerImage()V+4
j  GUI.Checador$6.run()V+567
j  java.lang.Thread.run()V+11
v  ~StubRoutines::call_stub
V  [jvm.dll+0x159425]
V  [jvm.dll+0x21f02e]
V  [jvm.dll+0x1594be]
V  [jvm.dll+0x159646]
V  [jvm.dll+0x1596b7]
V  [jvm.dll+0xfdd2f]
V  [jvm.dll+0x17c8ec]
V  [jvm.dll+0x17c9da]
V  [jvm.dll+0x1c0fd6]
C  [msvcr100.dll+0x10fac]
C  [msvcr100.dll+0x110b1]
C  [kernel32.dll+0x1338a]
C  [ntdll.dll+0x39902]
C  [ntdll.dll+0x398d5]
C  0x00000000

Java frames: (J=compiled Java code, j=interpreted, Vv=VM code)
j  com.sun.jna.Memory.malloc(J)J+0
j  com.sun.jna.Memory.<init>(J)V+27
j  com.sun.jna.ptr.ByReference.<init>(I)V+11
j  com.sun.jna.ptr.IntByReference.<init>(I)V+2
j  com.sun.jna.ptr.IntByReference.<init>()V+2
j  GUI.Checador.drawCurrentFingerImage()V+4
j  GUI.Checador$6.run()V+567
j  java.lang.Thread.run()V+11
v  ~StubRoutines::call_stub

---------------  P R O C E S S  ---------------

Java Threads: ( => current thread )
  0x15b28000 JavaThread "Image Fetcher 0" daemon [_thread_blocked, id=7004, stack(0x15d30000,0x15d80000)]
  0x15b0f400 JavaThread "TimerQueue" daemon [_thread_blocked, id=6640, stack(0x161c0000,0x16210000)]
=>0x15a67000 JavaThread "Thread-4" [_thread_in_native, id=7140, stack(0x17740000,0x17790000)]
  0x15a38400 JavaThread "Thread-2" [_thread_blocked, id=5940, stack(0x16d50000,0x16da0000)]
  0x15855000 JavaThread "org.netbeans.modules.debugger.jpda.visual AWT Access Loop" daemon [_thread_blocked, id=6212, stack(0x15d80000,0x15dd0000)]
  0x022dc800 JavaThread "DestroyJavaVM" [_thread_blocked, id=1492, stack(0x02260000,0x022b0000)]
  0x15833400 JavaThread "AWT-EventQueue-0" [_thread_in_native, id=6104, stack(0x16580000,0x165d0000)]
  0x157e8c00 JavaThread "AWT-Shutdown" [_thread_blocked, id=5312, stack(0x15250000,0x152a0000)]
  0x157e7000 JavaThread "Java2D Disposer" daemon [_thread_blocked, id=3208, stack(0x15720000,0x15770000)]
  0x14eb0400 JavaThread "Service Thread" daemon [_thread_blocked, id=5556, stack(0x155e0000,0x15630000)]
  0x14ea4800 JavaThread "C1 CompilerThread0" daemon [_thread_blocked, id=6352, stack(0x15580000,0x155d0000)]
  0x14e94800 JavaThread "JDWP Event Helper Thread" daemon [_thread_blocked, id=6564, stack(0x15160000,0x151b0000)]
  0x14e99c00 JavaThread "Attach Listener" daemon [_thread_blocked, id=6604, stack(0x14c60000,0x14cb0000)]
  0x14e96c00 JavaThread "Signal Dispatcher" daemon [_thread_blocked, id=5324, stack(0x15200000,0x15250000)]
  0x14e77000 JavaThread "Finalizer" daemon [_thread_blocked, id=3656, stack(0x02420000,0x02470000)]
  0x14e52000 JavaThread "Reference Handler" daemon [_thread_blocked, id=3588, stack(0x021f0000,0x02240000)]

Other Threads:
  0x14e4bc00 VMThread [stack: 0x14d80000,0x14dd0000] [id=7044]

VM state:not at safepoint (normal execution)

VM Mutex/Monitor currently owned by a thread: None

Heap:
 def new generation   total 5184K, used 1815K [0x04800000, 0x04d90000, 0x09d50000)
  eden space 4672K,  27% used [0x04800000, 0x04945c10, 0x04c90000)
  from space 512K, 100% used [0x04d10000, 0x04d90000, 0x04d90000)
  to   space 512K,   0% used [0x04c90000, 0x04c90000, 0x04d10000)
 tenured generation   total 21120K, used 21058K [0x09d50000, 0x0b1f0000, 0x14800000)
   the space 21120K,  99% used [0x09d50000, 0x0b1e0a90, 0x0b1e0c00, 0x0b1f0000)
 Metaspace       used 10170K, capacity 10397K, committed 10496K, reserved 10624K

Card table byte_map: [0x022e0000,0x02370000] byte_map_base: 0x022bc000

Polling page: 0x001d0000

CodeCache: size=32768Kb used=1435Kb max_used=1435Kb free=31332Kb
 bounds [0x027d0000, 0x02938000, 0x047d0000]
 total_blobs=734 nmethods=497 adapters=176
 compilation: enabled

Compilation events (10 events):
Event: 133.764 Thread 0x14ea4800 nmethod 495 0x0292abc8 code [0x0292ace0, 0x0292ade8]
Event: 133.773 Thread 0x14ea4800  497             sun.awt.AWTAutoShutdown::notifyToolkitThreadBusy (8 bytes)
Event: 133.773 Thread 0x14ea4800 nmethod 497 0x0292aec8 code [0x0292afc0, 0x0292b04c]
Event: 133.780 Thread 0x14ea4800  498             sun.awt.AWTAutoShutdown::notifyToolkitThreadFree (8 bytes)
Event: 133.780 Thread 0x14ea4800 nmethod 498 0x0292b0c8 code [0x0292b1c0, 0x0292b24c]
Event: 133.852 Thread 0x14ea4800  499             java.awt.EventQueue::eventToCacheIndex (80 bytes)
Event: 133.853 Thread 0x14ea4800 nmethod 499 0x0292b2c8 code [0x0292b3c0, 0x0292b510]
Event: 133.853 Thread 0x14ea4800  500             java.awt.Toolkit$SelectiveAWTEventListener::eventDispatched (745 bytes)
Event: 133.855 Thread 0x14ea4800 nmethod 500 0x0292b588 code [0x0292b6c0, 0x0292bf6c]
Event: 134.653 Thread 0x14ea4800  501   !         sun.awt.image.PNGImageDecoder::produceImage (1916 bytes)

GC Heap History (10 events):
Event: 0.791 GC heap before
{Heap before GC invocations=3 (full 0):
 def new generation   total 4928K, used 4417K [0x04800000, 0x04d50000, 0x09d50000)
  eden space 4416K, 100% used [0x04800000, 0x04c50000, 0x04c50000)
  from space 512K,   0% used [0x04cd0000, 0x04cd04b8, 0x04d50000)
  to   space 512K,   0% used [0x04c50000, 0x04c50000, 0x04cd0000)
 tenured generation   total 10944K, used 5952K [0x09d50000, 0x0a800000, 0x14800000)
   the space 10944K,  54% used [0x09d50000, 0x0a3202e8, 0x0a320400, 0x0a800000)
 Metaspace       used 7568K, capacity 7755K, committed 7808K, reserved 8576K
Event: 0.792 GC heap after
Heap after GC invocations=4 (full 0):
 def new generation   total 4928K, used 195K [0x04800000, 0x04d50000, 0x09d50000)
  eden space 4416K,   0% used [0x04800000, 0x04800000, 0x04c50000)
  from space 512K,  38% used [0x04c50000, 0x04c80d18, 0x04cd0000)
  to   space 512K,   0% used [0x04cd0000, 0x04cd0000, 0x04d50000)
 tenured generation   total 10944K, used 5952K [0x09d50000, 0x0a800000, 0x14800000)
   the space 10944K,  54% used [0x09d50000, 0x0a3202e8, 0x0a320400, 0x0a800000)
 Metaspace       used 7568K, capacity 7755K, committed 7808K, reserved 8576K
}
Event: 0.875 GC heap before
{Heap before GC invocations=4 (full 0):
 def new generation   total 4928K, used 2594K [0x04800000, 0x04d50000, 0x09d50000)
  eden space 4416K,  54% used [0x04800000, 0x04a57ec8, 0x04c50000)
  from space 512K,  38% used [0x04c50000, 0x04c80d18, 0x04cd0000)
  to   space 512K,   0% used [0x04cd0000, 0x04cd0000, 0x04d50000)
 tenured generation   total 10944K, used 5952K [0x09d50000, 0x0a800000, 0x14800000)
   the space 10944K,  54% used [0x09d50000, 0x0a3202e8, 0x0a320400, 0x0a800000)
 Metaspace       used 8413K, capacity 8659K, committed 8704K, reserved 9600K
Event: 0.885 GC heap after
Heap after GC invocations=5 (full 1):
 def new generation   total 5184K, used 0K [0x04800000, 0x04d90000, 0x09d50000)
  eden space 4672K,   0% used [0x04800000, 0x04800000, 0x04c90000)
  from space 512K,   0% used [0x04c90000, 0x04c90000, 0x04d10000)
  to   space 512K,   0% used [0x04d10000, 0x04d10000, 0x04d90000)
 tenured generation   total 11352K, used 6810K [0x09d50000, 0x0a866000, 0x14800000)
   the space 11352K,  59% used [0x09d50000, 0x0a3f6a60, 0x0a3f6c00, 0x0a866000)
 Metaspace       used 8413K, capacity 8659K, committed 8704K, reserved 9600K
}
Event: 1.988 GC heap before
{Heap before GC invocations=5 (full 1):
 def new generation   total 5184K, used 2043K [0x04800000, 0x04d90000, 0x09d50000)
  eden space 4672K,  43% used [0x04800000, 0x049fed90, 0x04c90000)
  from space 512K,   0% used [0x04c90000, 0x04c90000, 0x04d10000)
  to   space 512K,   0% used [0x04d10000, 0x04d10000, 0x04d90000)
 tenured generation   total 21120K, used 16576K [0x09d50000, 0x0b1f0000, 0x14800000)
   the space 21120K,  78% used [0x09d50000, 0x0ad800f0, 0x0ad80200, 0x0b1f0000)
 Metaspace       used 8944K, capacity 9171K, committed 9216K, reserved 9600K
Event: 1.993 GC heap after
Heap after GC invocations=6 (full 1):
 def new generation   total 5184K, used 332K [0x04800000, 0x04d90000, 0x09d50000)
  eden space 4672K,   0% used [0x04800000, 0x04800000, 0x04c90000)
  from space 512K,  65% used [0x04d10000, 0x04d63360, 0x04d90000)
  to   space 512K,   0% used [0x04c90000, 0x04c90000, 0x04d10000)
 tenured generation   total 21120K, used 16576K [0x09d50000, 0x0b1f0000, 0x14800000)
   the space 21120K,  78% used [0x09d50000, 0x0ad800f0, 0x0ad80200, 0x0b1f0000)
 Metaspace       used 8944K, capacity 9171K, committed 9216K, reserved 9600K
}
Event: 5.610 GC heap before
{Heap before GC invocations=6 (full 1):
 def new generation   total 5184K, used 5004K [0x04800000, 0x04d90000, 0x09d50000)
  eden space 4672K, 100% used [0x04800000, 0x04c90000, 0x04c90000)
  from space 512K,  65% used [0x04d10000, 0x04d63360, 0x04d90000)
  to   space 512K,   0% used [0x04c90000, 0x04c90000, 0x04d10000)
 tenured generation   total 21120K, used 16576K [0x09d50000, 0x0b1f0000, 0x14800000)
   the space 21120K,  78% used [0x09d50000, 0x0ad800f0, 0x0ad80200, 0x0b1f0000)
 Metaspace       used 9218K, capacity 9459K, committed 9600K, reserved 9600K
Event: 5.613 GC heap after
Heap after GC invocations=7 (full 1):
 def new generation   total 5184K, used 137K [0x04800000, 0x04d90000, 0x09d50000)
  eden space 4672K,   0% used [0x04800000, 0x04800000, 0x04c90000)
  from space 512K,  26% used [0x04c90000, 0x04cb2628, 0x04d10000)
  to   space 512K,   0% used [0x04d10000, 0x04d10000, 0x04d90000)
 tenured generation   total 21120K, used 20574K [0x09d50000, 0x0b1f0000, 0x14800000)
   the space 21120K,  97% used [0x09d50000, 0x0b167b40, 0x0b167c00, 0x0b1f0000)
 Metaspace       used 9218K, capacity 9459K, committed 9600K, reserved 9600K
}
Event: 52.302 GC heap before
{Heap before GC invocations=7 (full 1):
 def new generation   total 5184K, used 4809K [0x04800000, 0x04d90000, 0x09d50000)
  eden space 4672K, 100% used [0x04800000, 0x04c90000, 0x04c90000)
  from space 512K,  26% used [0x04c90000, 0x04cb2628, 0x04d10000)
  to   space 512K,   0% used [0x04d10000, 0x04d10000, 0x04d90000)
 tenured generation   total 21120K, used 20574K [0x09d50000, 0x0b1f0000, 0x14800000)
   the space 21120K,  97% used [0x09d50000, 0x0b167b40, 0x0b167c00, 0x0b1f0000)
 Metaspace       used 10121K, capacity 10365K, committed 10496K, reserved 10624K
Event: 52.305 GC heap after
Heap after GC invocations=8 (full 1):
 def new generation   total 5184K, used 512K [0x04800000, 0x04d90000, 0x09d50000)
  eden space 4672K,   0% used [0x04800000, 0x04800000, 0x04c90000)
  from space 512K, 100% used [0x04d10000, 0x04d90000, 0x04d90000)
  to   space 512K,   0% used [0x04c90000, 0x04c90000, 0x04d10000)
 tenured generation   total 21120K, used 21058K [0x09d50000, 0x0b1f0000, 0x14800000)
   the space 21120K,  99% used [0x09d50000, 0x0b1e0a90, 0x0b1e0c00, 0x0b1f0000)
 Metaspace       used 10121K, capacity 10365K, committed 10496K, reserved 10624K
}

Deoptimization events (0 events):
No events

Internal exceptions (10 events):
Event: 0.517 Thread 0x022dc800 Exception <a 'java/lang/ClassNotFoundException': ToolBar> (0x04aef4b0) thrown at [C:\re\workspace\8-2-build-windows-i586-cygwin\jdk8u91\7017\hotspot\src\share\vm\classfile\systemDictionary.cpp, line 210]
Event: 0.517 Thread 0x022dc800 Exception <a 'java/lang/ClassNotFoundException': ToggleButton> (0x04aef9f8) thrown at [C:\re\workspace\8-2-build-windows-i586-cygwin\jdk8u91\7017\hotspot\src\share\vm\classfile\systemDictionary.cpp, line 210]
Event: 0.517 Thread 0x022dc800 Exception <a 'java/lang/ClassNotFoundException': javax/swing/JToolBarSeparator> (0x04aefe00) thrown at [C:\re\workspace\8-2-build-windows-i586-cygwin\jdk8u91\7017\hotspot\src\share\vm\classfile\systemDictionary.cpp, line 210]
Event: 0.517 Thread 0x022dc800 Exception <a 'java/lang/ClassNotFoundException': ToolBarSeparator> (0x04af0258) thrown at [C:\re\workspace\8-2-build-windows-i586-cygwin\jdk8u91\7017\hotspot\src\share\vm\classfile\systemDictionary.cpp, line 210]
Event: 0.517 Thread 0x022dc800 Exception <a 'java/lang/ClassNotFoundException': ToolTip> (0x04af0900) thrown at [C:\re\workspace\8-2-build-windows-i586-cygwin\jdk8u91\7017\hotspot\src\share\vm\classfile\systemDictionary.cpp, line 210]
Event: 0.518 Thread 0x022dc800 Exception <a 'java/lang/ClassNotFoundException': Tree> (0x04af13e8) thrown at [C:\re\workspace\8-2-build-windows-i586-cygwin\jdk8u91\7017\hotspot\src\share\vm\classfile\systemDictionary.cpp, line 210]
Event: 0.518 Thread 0x022dc800 Exception <a 'java/lang/ClassNotFoundException': Tree> (0x04af1a88) thrown at [C:\re\workspace\8-2-build-windows-i586-cygwin\jdk8u91\7017\hotspot\src\share\vm\classfile\systemDictionary.cpp, line 210]
Event: 0.518 Thread 0x022dc800 Exception <a 'java/lang/ClassNotFoundException': javax/swing/JTreeCell> (0x04af1dc0) thrown at [C:\re\workspace\8-2-build-windows-i586-cygwin\jdk8u91\7017\hotspot\src\share\vm\classfile\systemDictionary.cpp, line 210]
Event: 0.518 Thread 0x022dc800 Exception <a 'java/lang/ClassNotFoundException': TreeCell> (0x04af2208) thrown at [C:\re\workspace\8-2-build-windows-i586-cygwin\jdk8u91\7017\hotspot\src\share\vm\classfile\systemDictionary.cpp, line 210]
Event: 0.519 Thread 0x022dc800 Exception <a 'java/lang/ClassNotFoundException': RootPane> (0x04af2b80) thrown at [C:\re\workspace\8-2-build-windows-i586-cygwin\jdk8u91\7017\hotspot\src\share\vm\classfile\systemDictionary.cpp, line 210]

Events (10 events):
Event: 134.649 Thread 0x15b0fc00 Thread exited: 0x15b0fc00
Event: 134.652 Thread 0x15b28000 Thread added: 0x15b28000
Event: 134.652 Executing VM operation: RevokeBias
Event: 134.652 Executing VM operation: RevokeBias done
Event: 134.654 Executing VM operation: RevokeBias
Event: 134.654 Executing VM operation: RevokeBias done
Event: 134.654 Executing VM operation: RevokeBias
Event: 134.654 Executing VM operation: RevokeBias done
Event: 134.655 Executing VM operation: RevokeBias
Event: 134.655 Executing VM operation: RevokeBias done


Dynamic libraries:
0x00270000 - 0x002a3000 	C:\Program Files (x86)\Java\jdk1.8.0_91\bin\java.exe
0x77cf0000 - 0x77e70000 	C:\Windows\SysWOW64\ntdll.dll
0x76e60000 - 0x76f70000 	C:\Windows\syswow64\kernel32.dll
0x76ca0000 - 0x76ce7000 	C:\Windows\syswow64\KERNELBASE.dll
0x765b0000 - 0x76651000 	C:\Windows\syswow64\ADVAPI32.dll
0x775c0000 - 0x7766c000 	C:\Windows\syswow64\msvcrt.dll
0x76660000 - 0x76679000 	C:\Windows\SysWOW64\sechost.dll
0x77670000 - 0x77760000 	C:\Windows\syswow64\RPCRT4.dll
0x75600000 - 0x75660000 	C:\Windows\syswow64\SspiCli.dll
0x755f0000 - 0x755fc000 	C:\Windows\syswow64\CRYPTBASE.dll
0x769f0000 - 0x76af0000 	C:\Windows\syswow64\USER32.dll
0x76c10000 - 0x76ca0000 	C:\Windows\syswow64\GDI32.dll
0x76b50000 - 0x76b5a000 	C:\Windows\syswow64\LPK.dll
0x76b70000 - 0x76c0d000 	C:\Windows\syswow64\USP10.dll
0x733a0000 - 0x7353e000 	C:\Windows\WinSxS\x86_microsoft.windows.common-controls_6595b64144ccf1df_6.0.7601.18837_none_41e855142bd5705d\COMCTL32.dll
0x76310000 - 0x76367000 	C:\Windows\syswow64\SHLWAPI.dll
0x771e0000 - 0x77240000 	C:\Windows\system32\IMM32.DLL
0x77110000 - 0x771dc000 	C:\Windows\syswow64\MSCTF.dll
0x6f390000 - 0x6f44d000 	C:\Program Files (x86)\Java\jdk1.8.0_91\jre\bin\msvcr100.dll
0x5f3f0000 - 0x5f7ba000 	C:\Program Files (x86)\Java\jdk1.8.0_91\jre\bin\client\jvm.dll
0x73310000 - 0x73317000 	C:\Windows\system32\WSOCK32.dll
0x769b0000 - 0x769e5000 	C:\Windows\syswow64\WS2_32.dll
0x76e50000 - 0x76e56000 	C:\Windows\syswow64\NSI.dll
0x72c10000 - 0x72c42000 	C:\Windows\system32\WINMM.dll
0x74d30000 - 0x74d39000 	C:\Windows\system32\VERSION.dll
0x75660000 - 0x75665000 	C:\Windows\syswow64\PSAPI.DLL
0x73d70000 - 0x73d7c000 	C:\Program Files (x86)\Java\jdk1.8.0_91\jre\bin\verify.dll
0x71ac0000 - 0x71ae1000 	C:\Program Files (x86)\Java\jdk1.8.0_91\jre\bin\java.dll
0x701b0000 - 0x701d9000 	C:\Program Files (x86)\Java\jdk1.8.0_91\jre\bin\jdwp.dll
0x70730000 - 0x70737000 	C:\Program Files (x86)\Java\jdk1.8.0_91\jre\bin\npt.dll
0x70710000 - 0x70723000 	C:\Program Files (x86)\Java\jdk1.8.0_91\jre\bin\zip.dll
0x756c0000 - 0x7630c000 	C:\Windows\syswow64\SHELL32.dll
0x76cf0000 - 0x76e4d000 	C:\Windows\syswow64\ole32.dll
0x770a0000 - 0x770ab000 	C:\Windows\syswow64\profapi.dll
0x70b30000 - 0x70b39000 	C:\Program Files (x86)\Java\jdk1.8.0_91\jre\bin\dt_shmem.dll
0x5fa40000 - 0x5fb85000 	C:\Program Files (x86)\Java\jdk1.8.0_91\jre\bin\awt.dll
0x774a0000 - 0x7752f000 	C:\Windows\syswow64\OLEAUT32.dll
0x72900000 - 0x72980000 	C:\Windows\system32\uxtheme.dll
0x72240000 - 0x72253000 	C:\Windows\system32\dwmapi.dll
0x70170000 - 0x701a9000 	C:\Program Files (x86)\Java\jdk1.8.0_91\jre\bin\fontmanager.dll
0x70140000 - 0x70166000 	C:\Program Files (x86)\Java\jdk1.8.0_91\jre\bin\jpeg.dll
0x004f0000 - 0x00507000 	C:\Users\OSORIO\AppData\Local\Temp\ShellHook.dll
0x70120000 - 0x70136000 	C:\Program Files (x86)\Java\jdk1.8.0_91\jre\bin\net.dll
0x731b0000 - 0x731ec000 	C:\Windows\system32\mswsock.dll
0x73640000 - 0x73646000 	C:\Windows\System32\wship6.dll
0x70700000 - 0x7070f000 	C:\Program Files (x86)\Java\jdk1.8.0_91\jre\bin\nio.dll
0x700e0000 - 0x70112000 	C:\Program Files (x86)\Java\jdk1.8.0_91\jre\bin\t2k.dll
0x732e0000 - 0x732f7000 	C:\Windows\system32\CRYPTSP.dll
0x732a0000 - 0x732db000 	C:\Windows\system32\rsaenh.dll
0x76990000 - 0x769a7000 	C:\Windows\syswow64\USERENV.dll
0x75150000 - 0x7516c000 	C:\Windows\system32\IPHLPAPI.DLL
0x75140000 - 0x75147000 	C:\Windows\system32\WINNSI.DLL
0x72fe0000 - 0x72fed000 	C:\Windows\system32\dhcpcsvc6.DLL
0x73040000 - 0x73052000 	C:\Windows\system32\dhcpcsvc.DLL
0x16da0000 - 0x16f26000 	C:\Users\OSORIO\AppData\Local\Temp\BioMiniLib\UFScanner.dll
0x77300000 - 0x7749d000 	C:\Windows\syswow64\SETUPAPI.dll
0x76680000 - 0x766a7000 	C:\Windows\syswow64\CFGMGR32.dll
0x77240000 - 0x77252000 	C:\Windows\syswow64\DEVOBJ.dll
0x700d0000 - 0x700d9000 	C:\Windows\system32\HID.DLL
0x5f920000 - 0x5fa3c000 	C:\Windows\system32\MFC42.DLL
0x6eed0000 - 0x6ef5c000 	C:\Windows\system32\ODBC32.dll
0x720f0000 - 0x72141000 	C:\Windows\system32\WINSPOOL.DRV
0x6ee90000 - 0x6eec8000 	C:\Windows\system32\odbcint.dll
0x023e0000 - 0x02417000 	C:\Users\OSORIO\AppData\Local\Temp\BioMiniLib\UFMatcher.dll
0x75690000 - 0x756bf000 	C:\Windows\syswow64\WINTRUST.dll
0x76f70000 - 0x77091000 	C:\Windows\syswow64\CRYPT32.dll
0x775b0000 - 0x775bc000 	C:\Windows\syswow64\MSASN1.dll
0x700a0000 - 0x700c4000 	C:\Program Files (x86)\Java\jdk1.8.0_91\jre\bin\dcpr.dll
0x73060000 - 0x7314b000 	C:\Windows\system32\dbghelp.dll

VM Arguments:
jvm_args: -Xdebug -Xrunjdwp:transport=dt_shmem,address=javadebug -Dfile.encoding=UTF-8 
java_command: GUI.Checador
java_class_path (initial): C:\Program Files\NetBeans 8.1\java\modules\ext\AbsoluteLayout.jar;C:\Users\OSORIO\Documents\NetBeansProjects\siumV1\postgresql-9.4.1208.jre6.jar;C:\Users\OSORIO\Documents\NetBeansProjects\siumV1\jna.jar;C:\Users\OSORIO\Documents\NetBeansProjects\siumV1\joda-time-2.9.4-javadoc.jar;C:\Users\OSORIO\Documents\NetBeansProjects\siumV1\joda-time-2.9.4.jar;C:\Users\OSORIO\Documents\NetBeansProjects\siumV1\build\classes
Launcher Type: SUN_STANDARD

Environment Variables:
PATH=C:\ProgramData\Oracle\Java\javapath;C:\Windows\system32;C:\Windows;C:\Windows\System32\Wbem;C:\Windows\System32\WindowsPowerShell\v1.0\;C:\xampp\php;C:\ProgramData\ComposerSetup\bin;C:\Program Files (x86)\Suprema\UFE35\bin;C:\Program Files (x86)\pgmodeler;C:\Program Files (x86)\Suprema\UFE35\bin;C:\Program Files\Git\cmd;C:\Users\OSORIO\AppData\Roaming\Composer\vendor\bin;C:\Program Files\Java\jdk1.8.0_91\bin;C:\Program Files (x86)\SSH Communications Security\SSH Secure Shell;C:\Program Files (x86)\Suprema\UFE35\bin
USERNAME=OSORIO
OS=Windows_NT
PROCESSOR_IDENTIFIER=Intel64 Family 6 Model 58 Stepping 9, GenuineIntel



---------------  S Y S T E M  ---------------

OS: Windows 7 , 64 bit Build 7601 (6.1.7601.23418)

CPU:total 4 (2 cores per cpu, 2 threads per core) family 6 model 58 stepping 9, cmov, cx8, fxsr, mmx, sse, sse2, sse3, ssse3, sse4.1, sse4.2, popcnt, avx, clmul, erms, ht, tsc, tscinvbit, tscinv

Memory: 4k page, physical 8279396k(2910748k free), swap 16556932k(10927660k free)

vm_info: Java HotSpot(TM) Client VM (25.91-b15) for windows-x86 JRE (1.8.0_91-b15), built on May 20 2016 17:33:18 by "java_re" with MS VC++ 10.0 (VS2010)

time: Sat Aug 20 12:06:48 2016
elapsed time: 134 seconds (0d 0h 2m 14s)

