#
# A fatal error has been detected by the Java Runtime Environment:
#
#  EXCEPTION_ACCESS_VIOLATION (0xc0000005) at pc=0x151cb397, pid=5040, tid=5656
#
# JRE version: Java(TM) SE Runtime Environment (8.0_91-b15) (build 1.8.0_91-b15)
# Java VM: Java HotSpot(TM) Client VM (25.91-b15 mixed mode windows-x86 )
# Problematic frame:
# C  0x151cb397
#
# Failed to write core dump. Minidumps are not enabled by default on client versions of Windows
#
# If you would like to submit a bug report, please visit:
#   http://bugreport.java.com/bugreport/crash.jsp
# The crash happened outside the Java Virtual Machine in native code.
# See problematic frame for where to report the bug.
#

---------------  T H R E A D  ---------------

Current thread (0x16085000):  JavaThread "Thread-4" [_thread_in_native, id=5656, stack(0x17070000,0x170c0000)]

siginfo: ExceptionCode=0xc0000005, ExceptionInformation=0x00000008 0x151cb397

Registers:
EAX=0xffffff2c, EBX=0x16abcf50, ECX=0x00000000, EDX=0x00016800
ESP=0x170bee08, EBP=0x170bee08, ESI=0x170beed0, EDI=0x16085000
EIP=0x151cb397, EFLAGS=0x00010216

Top of Stack: (sp=0x170bee08)
0x170bee08:   170bee48 151c8efa 151c8d30 170bee30
0x170bee18:   00000004 00000001 170bf0c0 16abcf50
0x170bee28:   170bee48 151c6aba 170bf050 170bf0c0
0x170bee38:   170bee70 00000000 170beed0 00000000
0x170bee48:   170bf098 151c2131 170bf050 16abcf50
0x170bee58:   170bf0c0 170bee70 170bee90 6e086d83
0x170bee68:   00000000 151c1449 170beed0 16085000
0x170bee78:   168f06e0 170bee6c 16085000 170bf3bc 

Instructions: (pc=0x151cb397)
0x151cb377:   
[error occurred during error reporting (printing registers, top of stack, instructions near pc), id 0xc0000005]

Register to memory mapping:

EAX=0xffffff2c is an unknown value
EBX=0x16abcf50 is an unknown value
ECX=0x00000000 is an unknown value
EDX=0x00016800 is an unknown value
ESP=0x170bee08 is pointing into the stack for thread: 0x16085000
EBP=0x170bee08 is pointing into the stack for thread: 0x16085000
ESI=0x170beed0 is pointing into the stack for thread: 0x16085000
EDI=0x16085000 is a thread


Stack: [0x17070000,0x170c0000],  sp=0x170bee08,  free space=315k
Native frames: (J=compiled Java code, j=interpreted, Vv=VM code, C=native code)
C  0x151cb397
C  0x151c8efa
C  0x151c2131
C  0x151c2811
j  com.sun.jna.Function.invokeInt(I[Ljava/lang/Object;)I+0
j  com.sun.jna.Function.invoke([Ljava/lang/Object;Ljava/lang/Class;)Ljava/lang/Object;+309
j  com.sun.jna.Function.invoke(Ljava/lang/Class;[Ljava/lang/Object;Ljava/util/Map;)Ljava/lang/Object;+194
j  com.sun.jna.Library$Handler.invoke(Ljava/lang/Object;Ljava/lang/reflect/Method;[Ljava/lang/Object;)Ljava/lang/Object;+344
j  com.sun.proxy.$Proxy0.UFS_CaptureSingleImage(Lcom/sun/jna/Pointer;)I+16
j  GUI.Checador$5.run()V+65
j  java.lang.Thread.run()V+11
v  ~StubRoutines::call_stub
V  [jvm.dll+0x159425]
V  [jvm.dll+0x21f02e]
V  [jvm.dll+0x1594be]
V  [jvm.dll+0x159646]
V  [jvm.dll+0x1596b7]
V  [jvm.dll+0xfdd2f]
V  [jvm.dll+0x17c8ec]
V  [jvm.dll+0x17c9da]
V  [jvm.dll+0x1c0fd6]
C  [msvcr100.dll+0x10fac]
C  [msvcr100.dll+0x110b1]
C  [kernel32.dll+0x1338a]
C  [ntdll.dll+0x39902]
C  [ntdll.dll+0x398d5]
C  0x00000000

Java frames: (J=compiled Java code, j=interpreted, Vv=VM code)
j  com.sun.jna.Function.invokeInt(I[Ljava/lang/Object;)I+0
j  com.sun.jna.Function.invoke([Ljava/lang/Object;Ljava/lang/Class;)Ljava/lang/Object;+309
j  com.sun.jna.Function.invoke(Ljava/lang/Class;[Ljava/lang/Object;Ljava/util/Map;)Ljava/lang/Object;+194
j  com.sun.jna.Library$Handler.invoke(Ljava/lang/Object;Ljava/lang/reflect/Method;[Ljava/lang/Object;)Ljava/lang/Object;+344
j  com.sun.proxy.$Proxy0.UFS_CaptureSingleImage(Lcom/sun/jna/Pointer;)I+16
j  GUI.Checador$5.run()V+65
j  java.lang.Thread.run()V+11
v  ~StubRoutines::call_stub

---------------  P R O C E S S  ---------------

Java Threads: ( => current thread )
  0x15f10c00 JavaThread "Image Fetcher 0" daemon [_thread_blocked, id=5448, stack(0x171a0000,0x171f0000)]
=>0x16085000 JavaThread "Thread-4" [_thread_in_native, id=5656, stack(0x17070000,0x170c0000)]
  0x1604d400 JavaThread "Thread-2" [_thread_blocked, id=5864, stack(0x15710000,0x15760000)]
  0x00e0c400 JavaThread "DestroyJavaVM" [_thread_blocked, id=5464, stack(0x007c0000,0x00810000)]
  0x15eb6000 JavaThread "AWT-EventQueue-0" [_thread_blocked, id=6000, stack(0x152a0000,0x152f0000)]
  0x14e3b800 JavaThread "AWT-Shutdown" [_thread_blocked, id=4444, stack(0x154b0000,0x15500000)]
  0x14e39000 JavaThread "Java2D Disposer" daemon [_thread_blocked, id=812, stack(0x156b0000,0x15700000)]
  0x14ce5c00 JavaThread "Service Thread" daemon [_thread_blocked, id=5364, stack(0x153a0000,0x153f0000)]
  0x14ccb400 JavaThread "C1 CompilerThread0" daemon [_thread_blocked, id=5576, stack(0x15510000,0x15560000)]
  0x14cca000 JavaThread "Attach Listener" daemon [_thread_blocked, id=1840, stack(0x15450000,0x154a0000)]
  0x14cc7000 JavaThread "Signal Dispatcher" daemon [_thread_blocked, id=5524, stack(0x15300000,0x15350000)]
  0x14ca6c00 JavaThread "Finalizer" daemon [_thread_blocked, id=2968, stack(0x14ed0000,0x14f20000)]
  0x14c81c00 JavaThread "Reference Handler" daemon [_thread_blocked, id=5216, stack(0x14f30000,0x14f80000)]

Other Threads:
  0x14c7b000 VMThread [stack: 0x14fd0000,0x15020000] [id=5808]

VM state:at safepoint (normal execution)

VM Mutex/Monitor currently owned by a thread:  ([mutex/lock_event])
[0x00e0a7a0] Threads_lock - owner thread: 0x14c7b000

Heap:
 def new generation   total 5184K, used 1587K [0x04800000, 0x04d90000, 0x09d50000)
  eden space 4672K,  32% used [0x04800000, 0x04977328, 0x04c90000)
  from space 512K,  16% used [0x04c90000, 0x04ca5a70, 0x04d10000)
  to   space 512K,   0% used [0x04d10000, 0x04d10000, 0x04d90000)
 tenured generation   total 21092K, used 20557K [0x09d50000, 0x0b1e9000, 0x14800000)
   the space 21092K,  97% used [0x09d50000, 0x0b163490, 0x0b163600, 0x0b1e9000)
 Metaspace       used 9285K, capacity 9494K, committed 9600K, reserved 9600K

Card table byte_map: [0x00d30000,0x00dc0000] byte_map_base: 0x00d0c000

Polling page: 0x00150000

CodeCache: size=32768Kb used=1102Kb max_used=1102Kb free=31665Kb
 bounds [0x026e0000, 0x027f8000, 0x046e0000]
 total_blobs=583 nmethods=340 adapters=174
 compilation: enabled

Compilation events (10 events):
Event: 8.799 Thread 0x14ccb400  340             java.awt.EventQueue::noEvents (29 bytes)
Event: 8.799 Thread 0x14ccb400 nmethod 340 0x027f1ac8 code [0x027f1bc0, 0x027f1ca0]
Event: 8.807 Thread 0x14ccb400  341             java.security.AccessControlContext::optimize (318 bytes)
Event: 8.808 Thread 0x14ccb400 nmethod 341 0x027f1d88 code [0x027f1f90, 0x027f2898]
Event: 8.808 Thread 0x14ccb400  342             java.awt.Container::getChildAt (54 bytes)
Event: 8.809 Thread 0x14ccb400 nmethod 342 0x027f3188 code [0x027f32a0, 0x027f33f8]
Event: 9.611 Thread 0x14ccb400  343             sun.awt.SunToolkit::targetToAppContext (30 bytes)
Event: 9.611 Thread 0x14ccb400 nmethod 343 0x027f3508 code [0x027f3620, 0x027f3898]
Event: 9.611 Thread 0x14ccb400  344             sun.awt.SunToolkit::getAppContext (42 bytes)
Event: 9.611 Thread 0x14ccb400 nmethod 344 0x027f3a08 code [0x027f3b50, 0x027f3d54]

GC Heap History (10 events):
Event: 0.411 GC heap before
{Heap before GC invocations=2 (full 0):
 def new generation   total 4928K, used 4678K [0x04800000, 0x04d50000, 0x09d50000)
  eden space 4416K,  99% used [0x04800000, 0x04c4fef0, 0x04c50000)
  from space 512K,  51% used [0x04c50000, 0x04c91b78, 0x04cd0000)
  to   space 512K,   0% used [0x04cd0000, 0x04cd0000, 0x04d50000)
 tenured generation   total 10944K, used 1523K [0x09d50000, 0x0a800000, 0x14800000)
   the space 10944K,  13% used [0x09d50000, 0x09eccca8, 0x09ecce00, 0x0a800000)
 Metaspace       used 6825K, capacity 7014K, committed 7040K, reserved 7552K
Event: 0.413 GC heap after
Heap after GC invocations=3 (full 0):
 def new generation   total 4928K, used 1K [0x04800000, 0x04d50000, 0x09d50000)
  eden space 4416K,   0% used [0x04800000, 0x04800000, 0x04c50000)
  from space 512K,   0% used [0x04cd0000, 0x04cd04b8, 0x04d50000)
  to   space 512K,   0% used [0x04c50000, 0x04c50000, 0x04cd0000)
 tenured generation   total 10944K, used 5933K [0x09d50000, 0x0a800000, 0x14800000)
   the space 10944K,  54% used [0x09d50000, 0x0a31b740, 0x0a31b800, 0x0a800000)
 Metaspace       used 6825K, capacity 7014K, committed 7040K, reserved 7552K
}
Event: 0.510 GC heap before
{Heap before GC invocations=3 (full 0):
 def new generation   total 4928K, used 4417K [0x04800000, 0x04d50000, 0x09d50000)
  eden space 4416K, 100% used [0x04800000, 0x04c50000, 0x04c50000)
  from space 512K,   0% used [0x04cd0000, 0x04cd04b8, 0x04d50000)
  to   space 512K,   0% used [0x04c50000, 0x04c50000, 0x04cd0000)
 tenured generation   total 10944K, used 5933K [0x09d50000, 0x0a800000, 0x14800000)
   the space 10944K,  54% used [0x09d50000, 0x0a31b740, 0x0a31b800, 0x0a800000)
 Metaspace       used 7439K, capacity 7627K, committed 7680K, reserved 8576K
Event: 0.512 GC heap after
Heap after GC invocations=4 (full 0):
 def new generation   total 4928K, used 196K [0x04800000, 0x04d50000, 0x09d50000)
  eden space 4416K,   0% used [0x04800000, 0x04800000, 0x04c50000)
  from space 512K,  38% used [0x04c50000, 0x04c812b8, 0x04cd0000)
  to   space 512K,   0% used [0x04cd0000, 0x04cd0000, 0x04d50000)
 tenured generation   total 10944K, used 5933K [0x09d50000, 0x0a800000, 0x14800000)
   the space 10944K,  54% used [0x09d50000, 0x0a31b740, 0x0a31b800, 0x0a800000)
 Metaspace       used 7439K, capacity 7627K, committed 7680K, reserved 8576K
}
Event: 0.611 GC heap before
{Heap before GC invocations=4 (full 0):
 def new generation   total 4928K, used 2592K [0x04800000, 0x04d50000, 0x09d50000)
  eden space 4416K,  54% used [0x04800000, 0x04a56e78, 0x04c50000)
  from space 512K,  38% used [0x04c50000, 0x04c812b8, 0x04cd0000)
  to   space 512K,   0% used [0x04cd0000, 0x04cd0000, 0x04d50000)
 tenured generation   total 10944K, used 5933K [0x09d50000, 0x0a800000, 0x14800000)
   the space 10944K,  54% used [0x09d50000, 0x0a31b740, 0x0a31b800, 0x0a800000)
 Metaspace       used 8270K, capacity 8499K, committed 8576K, reserved 8576K
Event: 0.620 GC heap after
Heap after GC invocations=5 (full 1):
 def new generation   total 5184K, used 0K [0x04800000, 0x04d90000, 0x09d50000)
  eden space 4672K,   0% used [0x04800000, 0x04800000, 0x04c90000)
  from space 512K,   0% used [0x04c90000, 0x04c90000, 0x04d10000)
  to   space 512K,   0% used [0x04d10000, 0x04d10000, 0x04d90000)
 tenured generation   total 11324K, used 6792K [0x09d50000, 0x0a85f000, 0x14800000)
   the space 11324K,  59% used [0x09d50000, 0x0a3f2208, 0x0a3f2400, 0x0a85f000)
 Metaspace       used 8270K, capacity 8499K, committed 8576K, reserved 8576K
}
Event: 1.743 GC heap before
{Heap before GC invocations=5 (full 1):
 def new generation   total 5184K, used 2011K [0x04800000, 0x04d90000, 0x09d50000)
  eden space 4672K,  43% used [0x04800000, 0x049f6fe0, 0x04c90000)
  from space 512K,   0% used [0x04c90000, 0x04c90000, 0x04d10000)
  to   space 512K,   0% used [0x04d10000, 0x04d10000, 0x04d90000)
 tenured generation   total 21092K, used 16558K [0x09d50000, 0x0b1e9000, 0x14800000)
   the space 21092K,  78% used [0x09d50000, 0x0ad7b898, 0x0ad7ba00, 0x0b1e9000)
 Metaspace       used 8823K, capacity 9043K, committed 9088K, reserved 9600K
Event: 1.745 GC heap after
Heap after GC invocations=6 (full 1):
 def new generation   total 5184K, used 332K [0x04800000, 0x04d90000, 0x09d50000)
  eden space 4672K,   0% used [0x04800000, 0x04800000, 0x04c90000)
  from space 512K,  65% used [0x04d10000, 0x04d633d0, 0x04d90000)
  to   space 512K,   0% used [0x04c90000, 0x04c90000, 0x04d10000)
 tenured generation   total 21092K, used 16558K [0x09d50000, 0x0b1e9000, 0x14800000)
   the space 21092K,  78% used [0x09d50000, 0x0ad7b898, 0x0ad7ba00, 0x0b1e9000)
 Metaspace       used 8823K, capacity 9043K, committed 9088K, reserved 9600K
}
Event: 4.612 GC heap before
{Heap before GC invocations=6 (full 1):
 def new generation   total 5184K, used 5004K [0x04800000, 0x04d90000, 0x09d50000)
  eden space 4672K, 100% used [0x04800000, 0x04c90000, 0x04c90000)
  from space 512K,  65% used [0x04d10000, 0x04d633d0, 0x04d90000)
  to   space 512K,   0% used [0x04c90000, 0x04c90000, 0x04d10000)
 tenured generation   total 21092K, used 16558K [0x09d50000, 0x0b1e9000, 0x14800000)
   the space 21092K,  78% used [0x09d50000, 0x0ad7b898, 0x0ad7ba00, 0x0b1e9000)
 Metaspace       used 8968K, capacity 9203K, committed 9344K, reserved 9600K
Event: 4.615 GC heap after
Heap after GC invocations=7 (full 1):
 def new generation   total 5184K, used 86K [0x04800000, 0x04d90000, 0x09d50000)
  eden space 4672K,   0% used [0x04800000, 0x04800000, 0x04c90000)
  from space 512K,  16% used [0x04c90000, 0x04ca5a70, 0x04d10000)
  to   space 512K,   0% used [0x04d10000, 0x04d10000, 0x04d90000)
 tenured generation   total 21092K, used 20557K [0x09d50000, 0x0b1e9000, 0x14800000)
   the space 21092K,  97% used [0x09d50000, 0x0b163490, 0x0b163600, 0x0b1e9000)
 Metaspace       used 8968K, capacity 9203K, committed 9344K, reserved 9600K
}

Deoptimization events (0 events):
No events

Internal exceptions (10 events):
Event: 0.258 Thread 0x00e0c400 Exception <a 'java/lang/ClassNotFoundException': ToolBar> (0x04ad0438) thrown at [C:\re\workspace\8-2-build-windows-i586-cygwin\jdk8u91\7017\hotspot\src\share\vm\classfile\systemDictionary.cpp, line 210]
Event: 0.258 Thread 0x00e0c400 Exception <a 'java/lang/ClassNotFoundException': ToggleButton> (0x04ad0980) thrown at [C:\re\workspace\8-2-build-windows-i586-cygwin\jdk8u91\7017\hotspot\src\share\vm\classfile\systemDictionary.cpp, line 210]
Event: 0.258 Thread 0x00e0c400 Exception <a 'java/lang/ClassNotFoundException': javax/swing/JToolBarSeparator> (0x04ad0d88) thrown at [C:\re\workspace\8-2-build-windows-i586-cygwin\jdk8u91\7017\hotspot\src\share\vm\classfile\systemDictionary.cpp, line 210]
Event: 0.258 Thread 0x00e0c400 Exception <a 'java/lang/ClassNotFoundException': ToolBarSeparator> (0x04ad11e0) thrown at [C:\re\workspace\8-2-build-windows-i586-cygwin\jdk8u91\7017\hotspot\src\share\vm\classfile\systemDictionary.cpp, line 210]
Event: 0.258 Thread 0x00e0c400 Exception <a 'java/lang/ClassNotFoundException': ToolTip> (0x04ad1888) thrown at [C:\re\workspace\8-2-build-windows-i586-cygwin\jdk8u91\7017\hotspot\src\share\vm\classfile\systemDictionary.cpp, line 210]
Event: 0.260 Thread 0x00e0c400 Exception <a 'java/lang/ClassNotFoundException': Tree> (0x04ad2388) thrown at [C:\re\workspace\8-2-build-windows-i586-cygwin\jdk8u91\7017\hotspot\src\share\vm\classfile\systemDictionary.cpp, line 210]
Event: 0.260 Thread 0x00e0c400 Exception <a 'java/lang/ClassNotFoundException': Tree> (0x04ad2a28) thrown at [C:\re\workspace\8-2-build-windows-i586-cygwin\jdk8u91\7017\hotspot\src\share\vm\classfile\systemDictionary.cpp, line 210]
Event: 0.260 Thread 0x00e0c400 Exception <a 'java/lang/ClassNotFoundException': javax/swing/JTreeCell> (0x04ad2d60) thrown at [C:\re\workspace\8-2-build-windows-i586-cygwin\jdk8u91\7017\hotspot\src\share\vm\classfile\systemDictionary.cpp, line 210]
Event: 0.260 Thread 0x00e0c400 Exception <a 'java/lang/ClassNotFoundException': TreeCell> (0x04ad31a8) thrown at [C:\re\workspace\8-2-build-windows-i586-cygwin\jdk8u91\7017\hotspot\src\share\vm\classfile\systemDictionary.cpp, line 210]
Event: 0.260 Thread 0x00e0c400 Exception <a 'java/lang/ClassNotFoundException': RootPane> (0x04ad3b20) thrown at [C:\re\workspace\8-2-build-windows-i586-cygwin\jdk8u91\7017\hotspot\src\share\vm\classfile\systemDictionary.cpp, line 210]

Events (10 events):
Event: 10.327 Thread 0x15ffe400 Thread added: 0x15ffe400
Event: 10.328 Thread 0x15ffec00 Thread added: 0x15ffec00
Event: 10.328 Thread 0x15fff000 Thread added: 0x15fff000
Event: 10.328 Thread 0x15ffe400 Thread exited: 0x15ffe400
Event: 10.328 loading class java/util/Vector$Itr
Event: 10.328 loading class java/util/Vector$Itr done
Event: 10.329 Thread 0x15ffec00 Thread exited: 0x15ffec00
Event: 10.340 Thread 0x14e3cc00 Thread exited: 0x14e3cc00
Event: 10.429 Thread 0x15fff000 Thread exited: 0x15fff000
Event: 10.429 Executing VM operation: Exit


Dynamic libraries:
0x00e80000 - 0x00eb3000 	C:\Program Files (x86)\Java\jdk1.8.0_91\bin\java.exe
0x77200000 - 0x77380000 	C:\Windows\SysWOW64\ntdll.dll
0x74c80000 - 0x74d90000 	C:\Windows\syswow64\kernel32.dll
0x76690000 - 0x766d7000 	C:\Windows\syswow64\KERNELBASE.dll
0x76a10000 - 0x76ab1000 	C:\Windows\syswow64\ADVAPI32.dll
0x75ed0000 - 0x75f7c000 	C:\Windows\syswow64\msvcrt.dll
0x74c50000 - 0x74c69000 	C:\Windows\SysWOW64\sechost.dll
0x75190000 - 0x75280000 	C:\Windows\syswow64\RPCRT4.dll
0x74b50000 - 0x74bb0000 	C:\Windows\syswow64\SspiCli.dll
0x74b40000 - 0x74b4c000 	C:\Windows\syswow64\CRYPTBASE.dll
0x76320000 - 0x76420000 	C:\Windows\syswow64\USER32.dll
0x74fb0000 - 0x75040000 	C:\Windows\syswow64\GDI32.dll
0x74c70000 - 0x74c7a000 	C:\Windows\syswow64\LPK.dll
0x74f10000 - 0x74fad000 	C:\Windows\syswow64\USP10.dll
0x72900000 - 0x72a9e000 	C:\Windows\WinSxS\x86_microsoft.windows.common-controls_6595b64144ccf1df_6.0.7601.18837_none_41e855142bd5705d\COMCTL32.dll
0x76420000 - 0x76477000 	C:\Windows\syswow64\SHLWAPI.dll
0x76ad0000 - 0x76b30000 	C:\Windows\system32\IMM32.DLL
0x760e0000 - 0x761ac000 	C:\Windows\syswow64\MSCTF.dll
0x705e0000 - 0x7069d000 	C:\Program Files (x86)\Java\jdk1.8.0_91\jre\bin\msvcr100.dll
0x6e080000 - 0x6e44a000 	C:\Program Files (x86)\Java\jdk1.8.0_91\jre\bin\client\jvm.dll
0x72870000 - 0x72877000 	C:\Windows\system32\WSOCK32.dll
0x76650000 - 0x76685000 	C:\Windows\syswow64\WS2_32.dll
0x76ac0000 - 0x76ac6000 	C:\Windows\syswow64\NSI.dll
0x722f0000 - 0x72322000 	C:\Windows\system32\WINMM.dll
0x72f30000 - 0x72f39000 	C:\Windows\system32\VERSION.dll
0x74f00000 - 0x74f05000 	C:\Windows\syswow64\PSAPI.DLL
0x733f0000 - 0x733fc000 	C:\Program Files (x86)\Java\jdk1.8.0_91\jre\bin\verify.dll
0x72050000 - 0x72071000 	C:\Program Files (x86)\Java\jdk1.8.0_91\jre\bin\java.dll
0x6faa0000 - 0x6fab3000 	C:\Program Files (x86)\Java\jdk1.8.0_91\jre\bin\zip.dll
0x75280000 - 0x75ecc000 	C:\Windows\syswow64\SHELL32.dll
0x761b0000 - 0x7630d000 	C:\Windows\syswow64\ole32.dll
0x771d0000 - 0x771db000 	C:\Windows\syswow64\profapi.dll
0x6f950000 - 0x6fa95000 	C:\Program Files (x86)\Java\jdk1.8.0_91\jre\bin\awt.dll
0x76010000 - 0x7609f000 	C:\Windows\syswow64\OLEAUT32.dll
0x71f40000 - 0x71fc0000 	C:\Windows\system32\uxtheme.dll
0x71d90000 - 0x71da3000 	C:\Windows\system32\dwmapi.dll
0x6f910000 - 0x6f949000 	C:\Program Files (x86)\Java\jdk1.8.0_91\jre\bin\fontmanager.dll
0x6f8e0000 - 0x6f906000 	C:\Program Files (x86)\Java\jdk1.8.0_91\jre\bin\jpeg.dll
0x00460000 - 0x00477000 	C:\Users\OSORIO\AppData\Local\Temp\ShellHook.dll
0x6f8c0000 - 0x6f8d6000 	C:\Program Files (x86)\Java\jdk1.8.0_91\jre\bin\net.dll
0x72500000 - 0x7253c000 	C:\Windows\system32\mswsock.dll
0x71fd0000 - 0x71fd6000 	C:\Windows\System32\wship6.dll
0x74610000 - 0x7461f000 	C:\Program Files (x86)\Java\jdk1.8.0_91\jre\bin\nio.dll
0x6f880000 - 0x6f8b2000 	C:\Program Files (x86)\Java\jdk1.8.0_91\jre\bin\t2k.dll
0x72840000 - 0x72857000 	C:\Windows\system32\CRYPTSP.dll
0x72800000 - 0x7283b000 	C:\Windows\system32\rsaenh.dll
0x76980000 - 0x76997000 	C:\Windows\syswow64\USERENV.dll
0x746b0000 - 0x746cc000 	C:\Windows\system32\IPHLPAPI.DLL
0x73340000 - 0x73347000 	C:\Windows\system32\WINNSI.DLL
0x720f0000 - 0x720fd000 	C:\Windows\system32\dhcpcsvc6.DLL
0x72290000 - 0x722a2000 	C:\Windows\system32\dhcpcsvc.DLL
0x16aa0000 - 0x16c26000 	C:\Users\OSORIO\AppData\Local\Temp\BioMiniLib\UFScanner.dll
0x76480000 - 0x7661d000 	C:\Windows\syswow64\SETUPAPI.dll
0x76620000 - 0x76647000 	C:\Windows\syswow64\CFGMGR32.dll
0x75ff0000 - 0x76002000 	C:\Windows\syswow64\DEVOBJ.dll
0x705d0000 - 0x705d9000 	C:\Windows\system32\HID.DLL
0x6df60000 - 0x6e07c000 	C:\Windows\system32\MFC42.DLL
0x6ded0000 - 0x6df5c000 	C:\Windows\system32\ODBC32.dll
0x72190000 - 0x721e1000 	C:\Windows\system32\WINSPOOL.DRV
0x6de90000 - 0x6dec8000 	C:\Windows\system32\odbcint.dll
0x00860000 - 0x00897000 	C:\Users\OSORIO\AppData\Local\Temp\BioMiniLib\UFMatcher.dll
0x760a0000 - 0x760cf000 	C:\Windows\syswow64\WINTRUST.dll
0x74d90000 - 0x74eb1000 	C:\Windows\syswow64\CRYPT32.dll
0x760d0000 - 0x760dc000 	C:\Windows\syswow64\MSASN1.dll
0x006a0000 - 0x006ae000 	C:\Program Files (x86)\Suprema\UFE35\bin\UFScanner_IZZIX.dll
0x6de60000 - 0x6de84000 	C:\Program Files (x86)\Java\jdk1.8.0_91\jre\bin\dcpr.dll
0x72360000 - 0x7244b000 	C:\Windows\system32\dbghelp.dll

VM Arguments:
jvm_args: -Dfile.encoding=UTF-8 
java_command: GUI.Checador
java_class_path (initial): C:\Program Files\NetBeans 8.1\java\modules\ext\AbsoluteLayout.jar;C:\Users\OSORIO\Documents\NetBeansProjects\siumV1\postgresql-9.4.1208.jre6.jar;C:\Users\OSORIO\Documents\NetBeansProjects\siumV1\jna.jar;C:\Users\OSORIO\Documents\NetBeansProjects\siumV1\build\classes
Launcher Type: SUN_STANDARD

Environment Variables:
PATH=C:\ProgramData\Oracle\Java\javapath;C:\Windows\system32;C:\Windows;C:\Windows\System32\Wbem;C:\Windows\System32\WindowsPowerShell\v1.0\;C:\xampp\php;C:\ProgramData\ComposerSetup\bin;C:\Program Files (x86)\Suprema\UFE35\bin;C:\Program Files (x86)\pgmodeler;C:\Program Files (x86)\Suprema\UFE35\bin;C:\Program Files\Git\cmd;C:\Users\OSORIO\AppData\Roaming\Composer\vendor\bin;C:\Program Files\Java\jdk1.8.0_91\bin;C:\Program Files (x86)\SSH Communications Security\SSH Secure Shell;C:\Program Files (x86)\Suprema\UFE35\bin
USERNAME=OSORIO
OS=Windows_NT
PROCESSOR_IDENTIFIER=Intel64 Family 6 Model 58 Stepping 9, GenuineIntel



---------------  S Y S T E M  ---------------

OS: Windows 7 , 64 bit Build 7601 (6.1.7601.23418)

CPU:total 4 (2 cores per cpu, 2 threads per core) family 6 model 58 stepping 9, cmov, cx8, fxsr, mmx, sse, sse2, sse3, ssse3, sse4.1, sse4.2, popcnt, avx, clmul, erms, ht, tsc, tscinvbit, tscinv

Memory: 4k page, physical 8279396k(3671892k free), swap 16556932k(11927760k free)

vm_info: Java HotSpot(TM) Client VM (25.91-b15) for windows-x86 JRE (1.8.0_91-b15), built on May 20 2016 17:33:18 by "java_re" with MS VC++ 10.0 (VS2010)

time: Mon Aug 15 08:47:49 2016
elapsed time: 10 seconds (0d 0h 0m 10s)

