#
# A fatal error has been detected by the Java Runtime Environment:
#
#  EXCEPTION_ACCESS_VIOLATION (0xc0000005) at pc=0x15535f66, pid=7240, tid=5428
#
# JRE version: Java(TM) SE Runtime Environment (8.0_91-b15) (build 1.8.0_91-b15)
# Java VM: Java HotSpot(TM) Client VM (25.91-b15 mixed mode windows-x86 )
# Problematic frame:
# C  0x15535f66
#
# Failed to write core dump. Minidumps are not enabled by default on client versions of Windows
#
# If you would like to submit a bug report, please visit:
#   http://bugreport.java.com/bugreport/crash.jsp
# The crash happened outside the Java Virtual Machine in native code.
# See problematic frame for where to report the bug.
#

---------------  T H R E A D  ---------------

Current thread (0x15aaa400):  JavaThread "Thread-4" [_thread_in_native, id=5428, stack(0x17770000,0x177c0000)]

siginfo: ExceptionCode=0xc0000005, ExceptionInformation=0x00000008 0x15535f66

Registers:
EAX=0x15535f66, EBX=0x16b09298, ECX=0x15aaa540, EDX=0x16b2ca80
ESP=0x177bf1bc, EBP=0x177bf1f4, ESI=0x16b09298, EDI=0x15aaa400
EIP=0x15535f66, EFLAGS=0x00010283

Top of Stack: (sp=0x177bf1bc)
0x177bf1bc:   02943991 15aaa540 177bf1fc 00000004
0x177bf1cc:   00000000 00000006 177bf1d4 00000000
0x177bf1dc:   177bf208 16b2ca80 00000000 16b09298
0x177bf1ec:   00000000 177bf204 177bf230 02934600
0x177bf1fc:   0af8b060 0293dc89 00000004 00000000
0x177bf20c:   04ba9d98 177bf210 16b07743 177bf240
0x177bf21c:   16b2ca80 00000000 16b077a0 177bf204
0x177bf22c:   177bf238 177bf26c 029348d4 00000004 

Instructions: (pc=0x15535f66)
0x15535f46:   
[error occurred during error reporting (printing registers, top of stack, instructions near pc), id 0xc0000005]

Register to memory mapping:

EAX=0x15535f66 is an unknown value
EBX={method} {0x16b0929c} 'malloc' '(J)J' in 'com/sun/jna/Memory'
ECX=0x15aaa540 is an unknown value
EDX=0x16b2ca80 is pointing into metadata
ESP=0x177bf1bc is pointing into the stack for thread: 0x15aaa400
EBP=0x177bf1f4 is pointing into the stack for thread: 0x15aaa400
ESI={method} {0x16b0929c} 'malloc' '(J)J' in 'com/sun/jna/Memory'
EDI=0x15aaa400 is a thread


Stack: [0x17770000,0x177c0000],  sp=0x177bf1bc,  free space=316k
Native frames: (J=compiled Java code, j=interpreted, Vv=VM code, C=native code)
C  0x15535f66
j  com.sun.jna.Memory.<init>(J)V+27
j  com.sun.jna.ptr.ByReference.<init>(I)V+11
j  com.sun.jna.ptr.IntByReference.<init>(I)V+2
j  com.sun.jna.ptr.IntByReference.<init>()V+2
j  GUI.Checador.drawCurrentFingerImage()V+4
j  GUI.Checador$6.run()V+567
j  java.lang.Thread.run()V+11
v  ~StubRoutines::call_stub
V  [jvm.dll+0x159425]
V  [jvm.dll+0x21f02e]
V  [jvm.dll+0x1594be]
V  [jvm.dll+0x159646]
V  [jvm.dll+0x1596b7]
V  [jvm.dll+0xfdd2f]
V  [jvm.dll+0x17c8ec]
V  [jvm.dll+0x17c9da]
V  [jvm.dll+0x1c0fd6]
C  [msvcr100.dll+0x10fac]
C  [msvcr100.dll+0x110b1]
C  [kernel32.dll+0x1338a]
C  [ntdll.dll+0x39902]
C  [ntdll.dll+0x398d5]
C  0x00000000

Java frames: (J=compiled Java code, j=interpreted, Vv=VM code)
j  com.sun.jna.Memory.malloc(J)J+0
j  com.sun.jna.Memory.<init>(J)V+27
j  com.sun.jna.ptr.ByReference.<init>(I)V+11
j  com.sun.jna.ptr.IntByReference.<init>(I)V+2
j  com.sun.jna.ptr.IntByReference.<init>()V+2
j  GUI.Checador.drawCurrentFingerImage()V+4
j  GUI.Checador$6.run()V+567
j  java.lang.Thread.run()V+11
v  ~StubRoutines::call_stub

---------------  P R O C E S S  ---------------

Java Threads: ( => current thread )
  0x1589c400 JavaThread "Image Fetcher 0" daemon [_thread_blocked, id=5412, stack(0x15ee0000,0x15f30000)]
  0x159fc800 JavaThread "TimerQueue" daemon [_thread_blocked, id=6896, stack(0x161a0000,0x161f0000)]
=>0x15aaa400 JavaThread "Thread-4" [_thread_in_native, id=5428, stack(0x17770000,0x177c0000)]
  0x15a9f400 JavaThread "Thread-2" [_thread_blocked, id=5588, stack(0x15c80000,0x15cd0000)]
  0x158cf800 JavaThread "org.netbeans.modules.debugger.jpda.visual AWT Access Loop" daemon [_thread_blocked, id=7712, stack(0x15310000,0x15360000)]
  0x0094c800 JavaThread "DestroyJavaVM" [_thread_blocked, id=6232, stack(0x00f80000,0x00fd0000)]
  0x158ad400 JavaThread "AWT-EventQueue-0" [_thread_in_native, id=7684, stack(0x16530000,0x16580000)]
  0x15853800 JavaThread "AWT-Shutdown" [_thread_blocked, id=7012, stack(0x15d30000,0x15d80000)]
  0x15852c00 JavaThread "Java2D Disposer" daemon [_thread_blocked, id=4376, stack(0x15060000,0x150b0000)]
  0x14efa000 JavaThread "Service Thread" daemon [_thread_blocked, id=7788, stack(0x15680000,0x156d0000)]
  0x14ed4800 JavaThread "C1 CompilerThread0" daemon [_thread_blocked, id=6828, stack(0x15580000,0x155d0000)]
  0x14ec4400 JavaThread "JDWP Event Helper Thread" daemon [_thread_blocked, id=7280, stack(0x154e0000,0x15530000)]
  0x14ec9c00 JavaThread "Attach Listener" daemon [_thread_blocked, id=6812, stack(0x15370000,0x153c0000)]
  0x14ec6c00 JavaThread "Signal Dispatcher" daemon [_thread_blocked, id=7544, stack(0x150c0000,0x15110000)]
  0x14ea7000 JavaThread "Finalizer" daemon [_thread_blocked, id=6364, stack(0x15120000,0x15170000)]
  0x14e82000 JavaThread "Reference Handler" daemon [_thread_blocked, id=6048, stack(0x049a0000,0x049f0000)]

Other Threads:
  0x14e7bc00 VMThread [stack: 0x01080000,0x010d0000] [id=7448]

VM state:not at safepoint (normal execution)

VM Mutex/Monitor currently owned by a thread: None

Heap:
 def new generation   total 5184K, used 2055K [0x04a00000, 0x04fa0000, 0x09f50000)
  eden space 4608K,  38% used [0x04a00000, 0x04bbedc8, 0x04e80000)
  from space 576K,  46% used [0x04f10000, 0x04f52fc8, 0x04fa0000)
  to   space 576K,   0% used [0x04e80000, 0x04e80000, 0x04f10000)
 tenured generation   total 21184K, used 20612K [0x09f50000, 0x0b400000, 0x14a00000)
   the space 21184K,  97% used [0x09f50000, 0x0b371390, 0x0b371400, 0x0b400000)
 Metaspace       used 9878K, capacity 10102K, committed 10240K, reserved 10624K

Card table byte_map: [0x00e10000,0x00ea0000] byte_map_base: 0x00deb000

Polling page: 0x001e0000

CodeCache: size=32768Kb used=1502Kb max_used=1502Kb free=31265Kb
 bounds [0x02930000, 0x02aa8000, 0x04930000]
 total_blobs=836 nmethods=601 adapters=174
 compilation: enabled

Compilation events (10 events):
Event: 315.372 Thread 0x14ed4800  602             java.util.TreeMap::put (247 bytes)
Event: 315.373 Thread 0x14ed4800 nmethod 602 0x02aa4c08 code [0x02aa4d90, 0x02aa5248]
Event: 315.373 Thread 0x14ed4800  603             java.lang.String::compareTo (9 bytes)
Event: 315.373 Thread 0x14ed4800 nmethod 603 0x02aa5648 code [0x02aa5750, 0x02aa580c]
Event: 315.373 Thread 0x14ed4800  604             java.util.concurrent.ConcurrentHashMap$Traverser::advance (188 bytes)
Event: 315.373 Thread 0x14ed4800 nmethod 604 0x02aa5888 code [0x02aa59d0, 0x02aa5d78]
Event: 315.373 Thread 0x14ed4800  605             java.nio.DirectLongBufferU::ix (10 bytes)
Event: 315.374 Thread 0x14ed4800 nmethod 605 0x02aa6088 code [0x02aa6180, 0x02aa6230]
Event: 315.405 Thread 0x14ed4800  606             sun.awt.image.PNGImageDecoder::filterRow (459 bytes)
Event: 315.406 Thread 0x14ed4800 nmethod 606 0x02aa6288 code [0x02aa6420, 0x02aa6b3c]

GC Heap History (10 events):
Event: 0.671 GC heap before
{Heap before GC invocations=3 (full 0):
 def new generation   total 4928K, used 4417K [0x04a00000, 0x04f50000, 0x09f50000)
  eden space 4416K, 100% used [0x04a00000, 0x04e50000, 0x04e50000)
  from space 512K,   0% used [0x04ed0000, 0x04ed04b8, 0x04f50000)
  to   space 512K,   0% used [0x04e50000, 0x04e50000, 0x04ed0000)
 tenured generation   total 10944K, used 5957K [0x09f50000, 0x0aa00000, 0x14a00000)
   the space 10944K,  54% used [0x09f50000, 0x0a5217f0, 0x0a521800, 0x0aa00000)
 Metaspace       used 7533K, capacity 7723K, committed 7808K, reserved 8576K
Event: 0.673 GC heap after
Heap after GC invocations=4 (full 0):
 def new generation   total 4928K, used 183K [0x04a00000, 0x04f50000, 0x09f50000)
  eden space 4416K,   0% used [0x04a00000, 0x04a00000, 0x04e50000)
  from space 512K,  35% used [0x04e50000, 0x04e7dd28, 0x04ed0000)
  to   space 512K,   0% used [0x04ed0000, 0x04ed0000, 0x04f50000)
 tenured generation   total 10944K, used 5957K [0x09f50000, 0x0aa00000, 0x14a00000)
   the space 10944K,  54% used [0x09f50000, 0x0a5217f0, 0x0a521800, 0x0aa00000)
 Metaspace       used 7533K, capacity 7723K, committed 7808K, reserved 8576K
}
Event: 0.764 GC heap before
{Heap before GC invocations=4 (full 0):
 def new generation   total 4928K, used 2704K [0x04a00000, 0x04f50000, 0x09f50000)
  eden space 4416K,  57% used [0x04a00000, 0x04c762e0, 0x04e50000)
  from space 512K,  35% used [0x04e50000, 0x04e7dd28, 0x04ed0000)
  to   space 512K,   0% used [0x04ed0000, 0x04ed0000, 0x04f50000)
 tenured generation   total 10944K, used 5957K [0x09f50000, 0x0aa00000, 0x14a00000)
   the space 10944K,  54% used [0x09f50000, 0x0a5217f0, 0x0a521800, 0x0aa00000)
 Metaspace       used 8416K, capacity 8659K, committed 8704K, reserved 9600K
Event: 0.774 GC heap after
Heap after GC invocations=5 (full 1):
 def new generation   total 5184K, used 0K [0x04a00000, 0x04fa0000, 0x09f50000)
  eden space 4608K,   0% used [0x04a00000, 0x04a00000, 0x04e80000)
  from space 576K,   0% used [0x04e80000, 0x04e80000, 0x04f10000)
  to   space 576K,   0% used [0x04f10000, 0x04f10000, 0x04fa0000)
 tenured generation   total 11416K, used 6848K [0x09f50000, 0x0aa76000, 0x14a00000)
   the space 11416K,  59% used [0x09f50000, 0x0a6001d8, 0x0a600200, 0x0aa76000)
 Metaspace       used 8416K, capacity 8659K, committed 8704K, reserved 9600K
}
Event: 1.896 GC heap before
{Heap before GC invocations=5 (full 1):
 def new generation   total 5184K, used 2039K [0x04a00000, 0x04fa0000, 0x09f50000)
  eden space 4608K,  44% used [0x04a00000, 0x04bfdc28, 0x04e80000)
  from space 576K,   0% used [0x04e80000, 0x04e80000, 0x04f10000)
  to   space 576K,   0% used [0x04f10000, 0x04f10000, 0x04fa0000)
 tenured generation   total 21184K, used 16614K [0x09f50000, 0x0b400000, 0x14a00000)
   the space 21184K,  78% used [0x09f50000, 0x0af89868, 0x0af89a00, 0x0b400000)
 Metaspace       used 8947K, capacity 9171K, committed 9216K, reserved 9600K
Event: 1.898 GC heap after
Heap after GC invocations=6 (full 1):
 def new generation   total 5184K, used 332K [0x04a00000, 0x04fa0000, 0x09f50000)
  eden space 4608K,   0% used [0x04a00000, 0x04a00000, 0x04e80000)
  from space 576K,  57% used [0x04f10000, 0x04f633b8, 0x04fa0000)
  to   space 576K,   0% used [0x04e80000, 0x04e80000, 0x04f10000)
 tenured generation   total 21184K, used 16614K [0x09f50000, 0x0b400000, 0x14a00000)
   the space 21184K,  78% used [0x09f50000, 0x0af89868, 0x0af89a00, 0x0b400000)
 Metaspace       used 8947K, capacity 9171K, committed 9216K, reserved 9600K
}
Event: 29.777 GC heap before
{Heap before GC invocations=6 (full 1):
 def new generation   total 5184K, used 4940K [0x04a00000, 0x04fa0000, 0x09f50000)
  eden space 4608K, 100% used [0x04a00000, 0x04e80000, 0x04e80000)
  from space 576K,  57% used [0x04f10000, 0x04f633b8, 0x04fa0000)
  to   space 576K,   0% used [0x04e80000, 0x04e80000, 0x04f10000)
 tenured generation   total 21184K, used 16614K [0x09f50000, 0x0b400000, 0x14a00000)
   the space 21184K,  78% used [0x09f50000, 0x0af89868, 0x0af89a00, 0x0b400000)
 Metaspace       used 9122K, capacity 9331K, committed 9472K, reserved 9600K
Event: 29.782 GC heap after
Heap after GC invocations=7 (full 1):
 def new generation   total 5184K, used 50K [0x04a00000, 0x04fa0000, 0x09f50000)
  eden space 4608K,   0% used [0x04a00000, 0x04a00000, 0x04e80000)
  from space 576K,   8% used [0x04e80000, 0x04e8ca80, 0x04f10000)
  to   space 576K,   0% used [0x04f10000, 0x04f10000, 0x04fa0000)
 tenured generation   total 21184K, used 20612K [0x09f50000, 0x0b400000, 0x14a00000)
   the space 21184K,  97% used [0x09f50000, 0x0b371390, 0x0b371400, 0x0b400000)
 Metaspace       used 9122K, capacity 9331K, committed 9472K, reserved 9600K
}
Event: 315.284 GC heap before
{Heap before GC invocations=7 (full 1):
 def new generation   total 5184K, used 4658K [0x04a00000, 0x04fa0000, 0x09f50000)
  eden space 4608K, 100% used [0x04a00000, 0x04e80000, 0x04e80000)
  from space 576K,   8% used [0x04e80000, 0x04e8ca80, 0x04f10000)
  to   space 576K,   0% used [0x04f10000, 0x04f10000, 0x04fa0000)
 tenured generation   total 21184K, used 20612K [0x09f50000, 0x0b400000, 0x14a00000)
   the space 21184K,  97% used [0x09f50000, 0x0b371390, 0x0b371400, 0x0b400000)
 Metaspace       used 9468K, capacity 9686K, committed 9728K, reserved 10624K
Event: 315.287 GC heap after
Heap after GC invocations=8 (full 1):
 def new generation   total 5184K, used 267K [0x04a00000, 0x04fa0000, 0x09f50000)
  eden space 4608K,   0% used [0x04a00000, 0x04a00000, 0x04e80000)
  from space 576K,  46% used [0x04f10000, 0x04f52fc8, 0x04fa0000)
  to   space 576K,   0% used [0x04e80000, 0x04e80000, 0x04f10000)
 tenured generation   total 21184K, used 20612K [0x09f50000, 0x0b400000, 0x14a00000)
   the space 21184K,  97% used [0x09f50000, 0x0b371390, 0x0b371400, 0x0b400000)
 Metaspace       used 9468K, capacity 9686K, committed 9728K, reserved 10624K
}

Deoptimization events (0 events):
No events

Internal exceptions (10 events):
Event: 0.395 Thread 0x0094c800 Exception <a 'java/lang/ClassNotFoundException': ToolBar> (0x04ceec68) thrown at [C:\re\workspace\8-2-build-windows-i586-cygwin\jdk8u91\7017\hotspot\src\share\vm\classfile\systemDictionary.cpp, line 210]
Event: 0.395 Thread 0x0094c800 Exception <a 'java/lang/ClassNotFoundException': ToggleButton> (0x04cef1b0) thrown at [C:\re\workspace\8-2-build-windows-i586-cygwin\jdk8u91\7017\hotspot\src\share\vm\classfile\systemDictionary.cpp, line 210]
Event: 0.395 Thread 0x0094c800 Exception <a 'java/lang/ClassNotFoundException': javax/swing/JToolBarSeparator> (0x04cef5b8) thrown at [C:\re\workspace\8-2-build-windows-i586-cygwin\jdk8u91\7017\hotspot\src\share\vm\classfile\systemDictionary.cpp, line 210]
Event: 0.395 Thread 0x0094c800 Exception <a 'java/lang/ClassNotFoundException': ToolBarSeparator> (0x04cefa10) thrown at [C:\re\workspace\8-2-build-windows-i586-cygwin\jdk8u91\7017\hotspot\src\share\vm\classfile\systemDictionary.cpp, line 210]
Event: 0.395 Thread 0x0094c800 Exception <a 'java/lang/ClassNotFoundException': ToolTip> (0x04cf00b8) thrown at [C:\re\workspace\8-2-build-windows-i586-cygwin\jdk8u91\7017\hotspot\src\share\vm\classfile\systemDictionary.cpp, line 210]
Event: 0.396 Thread 0x0094c800 Exception <a 'java/lang/ClassNotFoundException': Tree> (0x04cf0ba0) thrown at [C:\re\workspace\8-2-build-windows-i586-cygwin\jdk8u91\7017\hotspot\src\share\vm\classfile\systemDictionary.cpp, line 210]
Event: 0.396 Thread 0x0094c800 Exception <a 'java/lang/ClassNotFoundException': Tree> (0x04cf1240) thrown at [C:\re\workspace\8-2-build-windows-i586-cygwin\jdk8u91\7017\hotspot\src\share\vm\classfile\systemDictionary.cpp, line 210]
Event: 0.396 Thread 0x0094c800 Exception <a 'java/lang/ClassNotFoundException': javax/swing/JTreeCell> (0x04cf1578) thrown at [C:\re\workspace\8-2-build-windows-i586-cygwin\jdk8u91\7017\hotspot\src\share\vm\classfile\systemDictionary.cpp, line 210]
Event: 0.396 Thread 0x0094c800 Exception <a 'java/lang/ClassNotFoundException': TreeCell> (0x04cf19c0) thrown at [C:\re\workspace\8-2-build-windows-i586-cygwin\jdk8u91\7017\hotspot\src\share\vm\classfile\systemDictionary.cpp, line 210]
Event: 0.397 Thread 0x0094c800 Exception <a 'java/lang/ClassNotFoundException': RootPane> (0x04cf2338) thrown at [C:\re\workspace\8-2-build-windows-i586-cygwin\jdk8u91\7017\hotspot\src\share\vm\classfile\systemDictionary.cpp, line 210]

Events (10 events):
Event: 315.402 loading class sun/awt/image/PNGImageDecoder
Event: 315.403 loading class sun/awt/image/PNGImageDecoder done
Event: 315.403 loading class sun/awt/image/PNGFilterInputStream
Event: 315.403 loading class sun/awt/image/PNGFilterInputStream done
Event: 315.404 Executing VM operation: RevokeBias
Event: 315.404 Executing VM operation: RevokeBias done
Event: 315.404 Executing VM operation: RevokeBias
Event: 315.404 Executing VM operation: RevokeBias done
Event: 315.407 Executing VM operation: RevokeBias
Event: 315.407 Executing VM operation: RevokeBias done


Dynamic libraries:
0x01220000 - 0x01253000 	C:\Program Files (x86)\Java\jdk1.8.0_91\bin\java.exe
0x77cf0000 - 0x77e70000 	C:\Windows\SysWOW64\ntdll.dll
0x76e60000 - 0x76f70000 	C:\Windows\syswow64\kernel32.dll
0x76ca0000 - 0x76ce7000 	C:\Windows\syswow64\KERNELBASE.dll
0x765b0000 - 0x76651000 	C:\Windows\syswow64\ADVAPI32.dll
0x775c0000 - 0x7766c000 	C:\Windows\syswow64\msvcrt.dll
0x76660000 - 0x76679000 	C:\Windows\SysWOW64\sechost.dll
0x77670000 - 0x77760000 	C:\Windows\syswow64\RPCRT4.dll
0x75600000 - 0x75660000 	C:\Windows\syswow64\SspiCli.dll
0x755f0000 - 0x755fc000 	C:\Windows\syswow64\CRYPTBASE.dll
0x769f0000 - 0x76af0000 	C:\Windows\syswow64\USER32.dll
0x76c10000 - 0x76ca0000 	C:\Windows\syswow64\GDI32.dll
0x76b50000 - 0x76b5a000 	C:\Windows\syswow64\LPK.dll
0x76b70000 - 0x76c0d000 	C:\Windows\syswow64\USP10.dll
0x733a0000 - 0x7353e000 	C:\Windows\WinSxS\x86_microsoft.windows.common-controls_6595b64144ccf1df_6.0.7601.18837_none_41e855142bd5705d\COMCTL32.dll
0x76310000 - 0x76367000 	C:\Windows\syswow64\SHLWAPI.dll
0x771e0000 - 0x77240000 	C:\Windows\system32\IMM32.DLL
0x77110000 - 0x771dc000 	C:\Windows\syswow64\MSCTF.dll
0x59de0000 - 0x59e9d000 	C:\Program Files (x86)\Java\jdk1.8.0_91\jre\bin\msvcr100.dll
0x59a10000 - 0x59dda000 	C:\Program Files (x86)\Java\jdk1.8.0_91\jre\bin\client\jvm.dll
0x73310000 - 0x73317000 	C:\Windows\system32\WSOCK32.dll
0x769b0000 - 0x769e5000 	C:\Windows\syswow64\WS2_32.dll
0x76e50000 - 0x76e56000 	C:\Windows\syswow64\NSI.dll
0x72c10000 - 0x72c42000 	C:\Windows\system32\WINMM.dll
0x74d30000 - 0x74d39000 	C:\Windows\system32\VERSION.dll
0x75660000 - 0x75665000 	C:\Windows\syswow64\PSAPI.DLL
0x627b0000 - 0x627bc000 	C:\Program Files (x86)\Java\jdk1.8.0_91\jre\bin\verify.dll
0x62780000 - 0x627a1000 	C:\Program Files (x86)\Java\jdk1.8.0_91\jre\bin\java.dll
0x62750000 - 0x62779000 	C:\Program Files (x86)\Java\jdk1.8.0_91\jre\bin\jdwp.dll
0x627c0000 - 0x627c7000 	C:\Program Files (x86)\Java\jdk1.8.0_91\jre\bin\npt.dll
0x62730000 - 0x62743000 	C:\Program Files (x86)\Java\jdk1.8.0_91\jre\bin\zip.dll
0x756c0000 - 0x7630c000 	C:\Windows\syswow64\SHELL32.dll
0x76cf0000 - 0x76e4d000 	C:\Windows\syswow64\ole32.dll
0x770a0000 - 0x770ab000 	C:\Windows\syswow64\profapi.dll
0x5aa40000 - 0x5aa49000 	C:\Program Files (x86)\Java\jdk1.8.0_91\jre\bin\dt_shmem.dll
0x598c0000 - 0x59a05000 	C:\Program Files (x86)\Java\jdk1.8.0_91\jre\bin\awt.dll
0x774a0000 - 0x7752f000 	C:\Windows\syswow64\OLEAUT32.dll
0x72900000 - 0x72980000 	C:\Windows\system32\uxtheme.dll
0x72240000 - 0x72253000 	C:\Windows\system32\dwmapi.dll
0x5a9f0000 - 0x5aa29000 	C:\Program Files (x86)\Java\jdk1.8.0_91\jre\bin\fontmanager.dll
0x5a9c0000 - 0x5a9e6000 	C:\Program Files (x86)\Java\jdk1.8.0_91\jre\bin\jpeg.dll
0x00370000 - 0x00387000 	C:\Users\OSORIO\AppData\Local\Temp\ShellHook.dll
0x5a970000 - 0x5a986000 	C:\Program Files (x86)\Java\jdk1.8.0_91\jre\bin\net.dll
0x731b0000 - 0x731ec000 	C:\Windows\system32\mswsock.dll
0x73640000 - 0x73646000 	C:\Windows\System32\wship6.dll
0x5a9b0000 - 0x5a9bf000 	C:\Program Files (x86)\Java\jdk1.8.0_91\jre\bin\nio.dll
0x5a930000 - 0x5a962000 	C:\Program Files (x86)\Java\jdk1.8.0_91\jre\bin\t2k.dll
0x732e0000 - 0x732f7000 	C:\Windows\system32\CRYPTSP.dll
0x732a0000 - 0x732db000 	C:\Windows\system32\rsaenh.dll
0x76990000 - 0x769a7000 	C:\Windows\syswow64\USERENV.dll
0x75150000 - 0x7516c000 	C:\Windows\system32\IPHLPAPI.DLL
0x75140000 - 0x75147000 	C:\Windows\system32\WINNSI.DLL
0x72fe0000 - 0x72fed000 	C:\Windows\system32\dhcpcsvc6.DLL
0x73040000 - 0x73052000 	C:\Windows\system32\dhcpcsvc.DLL
0x16dd0000 - 0x16f56000 	C:\Users\OSORIO\AppData\Local\Temp\BioMiniLib\UFScanner.dll
0x77300000 - 0x7749d000 	C:\Windows\syswow64\SETUPAPI.dll
0x76680000 - 0x766a7000 	C:\Windows\syswow64\CFGMGR32.dll
0x77240000 - 0x77252000 	C:\Windows\syswow64\DEVOBJ.dll
0x5a920000 - 0x5a929000 	C:\Windows\system32\HID.DLL
0x597a0000 - 0x598bc000 	C:\Windows\system32\MFC42.DLL
0x6eed0000 - 0x6ef5c000 	C:\Windows\system32\ODBC32.dll
0x720f0000 - 0x72141000 	C:\Windows\system32\WINSPOOL.DRV
0x6ee90000 - 0x6eec8000 	C:\Windows\system32\odbcint.dll
0x15290000 - 0x152c7000 	C:\Users\OSORIO\AppData\Local\Temp\BioMiniLib\UFMatcher.dll
0x75690000 - 0x756bf000 	C:\Windows\syswow64\WINTRUST.dll
0x76f70000 - 0x77091000 	C:\Windows\syswow64\CRYPT32.dll
0x775b0000 - 0x775bc000 	C:\Windows\syswow64\MSASN1.dll
0x59770000 - 0x59794000 	C:\Program Files (x86)\Java\jdk1.8.0_91\jre\bin\dcpr.dll
0x73060000 - 0x7314b000 	C:\Windows\system32\dbghelp.dll

VM Arguments:
jvm_args: -Xdebug -Xrunjdwp:transport=dt_shmem,address=javadebug -Dfile.encoding=UTF-8 
java_command: GUI.Checador
java_class_path (initial): C:\Program Files\NetBeans 8.1\java\modules\ext\AbsoluteLayout.jar;C:\Users\OSORIO\Documents\NetBeansProjects\siumV1\postgresql-9.4.1208.jre6.jar;C:\Users\OSORIO\Documents\NetBeansProjects\siumV1\jna.jar;C:\Users\OSORIO\Documents\NetBeansProjects\siumV1\joda-time-2.9.4-javadoc.jar;C:\Users\OSORIO\Documents\NetBeansProjects\siumV1\joda-time-2.9.4.jar;C:\Users\OSORIO\Documents\NetBeansProjects\siumV1\build\classes
Launcher Type: SUN_STANDARD

Environment Variables:
PATH=C:\ProgramData\Oracle\Java\javapath;C:\Windows\system32;C:\Windows;C:\Windows\System32\Wbem;C:\Windows\System32\WindowsPowerShell\v1.0\;C:\xampp\php;C:\ProgramData\ComposerSetup\bin;C:\Program Files (x86)\Suprema\UFE35\bin;C:\Program Files (x86)\pgmodeler;C:\Program Files (x86)\Suprema\UFE35\bin;C:\Program Files\Git\cmd;C:\Users\OSORIO\AppData\Roaming\Composer\vendor\bin;C:\Program Files\Java\jdk1.8.0_91\bin;C:\Program Files (x86)\SSH Communications Security\SSH Secure Shell;C:\Program Files (x86)\Suprema\UFE35\bin
USERNAME=OSORIO
OS=Windows_NT
PROCESSOR_IDENTIFIER=Intel64 Family 6 Model 58 Stepping 9, GenuineIntel



---------------  S Y S T E M  ---------------

OS: Windows 7 , 64 bit Build 7601 (6.1.7601.23418)

CPU:total 4 (2 cores per cpu, 2 threads per core) family 6 model 58 stepping 9, cmov, cx8, fxsr, mmx, sse, sse2, sse3, ssse3, sse4.1, sse4.2, popcnt, avx, clmul, erms, ht, tsc, tscinvbit, tscinv

Memory: 4k page, physical 8279396k(2277552k free), swap 16556932k(10211276k free)

vm_info: Java HotSpot(TM) Client VM (25.91-b15) for windows-x86 JRE (1.8.0_91-b15), built on May 20 2016 17:33:18 by "java_re" with MS VC++ 10.0 (VS2010)

time: Sat Aug 20 15:24:13 2016
elapsed time: 315 seconds (0d 0h 5m 15s)

