#
# A fatal error has been detected by the Java Runtime Environment:
#
#  EXCEPTION_ACCESS_VIOLATION (0xc0000005) at pc=0x00000000, pid=5380, tid=4796
#
# JRE version: Java(TM) SE Runtime Environment (8.0_91-b15) (build 1.8.0_91-b15)
# Java VM: Java HotSpot(TM) Client VM (25.91-b15 mixed mode windows-x86 )
# Problematic frame:
# C  0x00000000
#
# Failed to write core dump. Minidumps are not enabled by default on client versions of Windows
#
# If you would like to submit a bug report, please visit:
#   http://bugreport.java.com/bugreport/crash.jsp
# The crash happened outside the Java Virtual Machine in native code.
# See problematic frame for where to report the bug.
#

---------------  T H R E A D  ---------------

Current thread (0x161b0c00):  JavaThread "Thread-4" [_thread_in_native, id=4796, stack(0x174a0000,0x174f0000)]

siginfo: ExceptionCode=0xc0000005, ExceptionInformation=0x00000008 0x00000000

Registers:
EAX=0x19bf70a0, EBX=0x00000000, ECX=0x1697ef60, EDX=0x174eedc0
ESP=0x174eed9c, EBP=0x174eedd8, ESI=0x1697ef60, EDI=0x174eedfc
EIP=0x00000000, EFLAGS=0x00010246

Top of Stack: (sp=0x174eed9c)
0x174eed9c:   16b9c5f7 174eee00 174eedfc 174eedc0
0x174eedac:   199c6eb8 00000000 161b0c00 19bca008
0x174eedbc:   19bca0cb 00000000 00000028 00000000
0x174eedcc:   00000000 000002d0 199c6eb8 00000000
0x174eeddc:   16b8d0c0 174eee00 014eedfc 00000000
0x174eedec:   19bca008 16b8d5a7 000000cb 174eee00
0x174eedfc:   00000002 00000001 00000000 00000001
0x174eee0c:   174eee2c 0282ad50 174eee5c 5caff02e 

Instructions: (pc=0x00000000)
0xffffffe0:   


Register to memory mapping:

EAX=0x19bf70a0 is an unknown value
EBX=0x00000000 is an unknown value
ECX=0x1697ef60 is an unknown value
EDX=0x174eedc0 is pointing into the stack for thread: 0x161b0c00
ESP=0x174eed9c is pointing into the stack for thread: 0x161b0c00
EBP=0x174eedd8 is pointing into the stack for thread: 0x161b0c00
ESI=0x1697ef60 is an unknown value
EDI=0x174eedfc is pointing into the stack for thread: 0x161b0c00


Stack: [0x174a0000,0x174f0000],  sp=0x174eed9c,  free space=315k
Java frames: (J=compiled Java code, j=interpreted, Vv=VM code)
j  com.sun.jna.Function.invokeInt(I[Ljava/lang/Object;)I+0
j  com.sun.jna.Function.invoke([Ljava/lang/Object;Ljava/lang/Class;)Ljava/lang/Object;+309
j  com.sun.jna.Function.invoke(Ljava/lang/Class;[Ljava/lang/Object;Ljava/util/Map;)Ljava/lang/Object;+194
j  com.sun.jna.Library$Handler.invoke(Ljava/lang/Object;Ljava/lang/reflect/Method;[Ljava/lang/Object;)Ljava/lang/Object;+344
j  com.sun.proxy.$Proxy0.UFS_CaptureSingleImage(Lcom/sun/jna/Pointer;)I+16
j  GUI.Checador$6.run()V+65
j  java.lang.Thread.run()V+11
v  ~StubRoutines::call_stub

---------------  P R O C E S S  ---------------

Java Threads: ( => current thread )
  0x14ec4c00 JavaThread "Thread-0" daemon [_thread_in_native, id=6216, stack(0x173a0000,0x173f0000)]
  0x14ec4400 JavaThread "TimerQueue" daemon [_thread_blocked, id=6376, stack(0x174f0000,0x17540000)]
=>0x161b0c00 JavaThread "Thread-4" [_thread_in_native, id=4796, stack(0x174a0000,0x174f0000)]
  0x161c7800 JavaThread "Thread-2" [_thread_blocked, id=6236, stack(0x16910000,0x16960000)]
  0x005dc400 JavaThread "DestroyJavaVM" [_thread_blocked, id=1216, stack(0x00f60000,0x00fb0000)]
  0x1505e800 JavaThread "AWT-EventQueue-0" [_thread_blocked, id=1264, stack(0x164c0000,0x16510000)]
  0x1504c800 JavaThread "AWT-Shutdown" [_thread_blocked, id=2604, stack(0x15850000,0x158a0000)]
  0x15049c00 JavaThread "Java2D Disposer" daemon [_thread_blocked, id=6368, stack(0x157a0000,0x157f0000)]
  0x14ece000 JavaThread "Service Thread" daemon [_thread_blocked, id=5116, stack(0x155b0000,0x15600000)]
  0x14ecb400 JavaThread "C1 CompilerThread0" daemon [_thread_blocked, id=6392, stack(0x154d0000,0x15520000)]
  0x14eca400 JavaThread "Attach Listener" daemon [_thread_blocked, id=4480, stack(0x153d0000,0x15420000)]
  0x14ec7400 JavaThread "Signal Dispatcher" daemon [_thread_blocked, id=6584, stack(0x152e0000,0x15330000)]
  0x14ea6c00 JavaThread "Finalizer" daemon [_thread_blocked, id=6948, stack(0x049b0000,0x04a00000)]
  0x14e82000 JavaThread "Reference Handler" daemon [_thread_blocked, id=5108, stack(0x150b0000,0x15100000)]

Other Threads:
  0x14e7b400 VMThread [stack: 0x04860000,0x048b0000] [id=6964]
  0x14ed1000 WatcherThread [stack: 0x151e0000,0x15230000] [id=6864]

VM state:not at safepoint (normal execution)

VM Mutex/Monitor currently owned by a thread: None

Heap:
 def new generation   total 5184K, used 3972K [0x04a00000, 0x04f90000, 0x09f50000)
  eden space 4672K,  81% used [0x04a00000, 0x04db6470, 0x04e90000)
  from space 512K,  33% used [0x04e90000, 0x04ebacd8, 0x04f10000)
  to   space 512K,   0% used [0x04f10000, 0x04f10000, 0x04f90000)
 tenured generation   total 21112K, used 20564K [0x09f50000, 0x0b3ee000, 0x14a00000)
   the space 21112K,  97% used [0x09f50000, 0x0b365108, 0x0b365200, 0x0b3ee000)
 Metaspace       used 9763K, capacity 9974K, committed 10112K, reserved 10624K

Card table byte_map: [0x00e90000,0x00f20000] byte_map_base: 0x00e6b000

Polling page: 0x001d0000

CodeCache: size=32768Kb used=1168Kb max_used=1168Kb free=31599Kb
 bounds [0x02820000, 0x02948000, 0x04820000]
 total_blobs=620 nmethods=377 adapters=174
 compilation: enabled

Compilation events (10 events):
Event: 19.917 Thread 0x14ecb400  377             sun.awt.AWTAutoShutdown::isReadyToShutdown (37 bytes)
Event: 19.918 Thread 0x14ecb400 nmethod 377 0x02942d08 code [0x02942e10, 0x02942f08]
Event: 19.973 Thread 0x14ecb400  378             java.util.concurrent.locks.AbstractQueuedSynchronizer::compareAndSetState (13 bytes)
Event: 19.973 Thread 0x14ecb400 nmethod 378 0x02942f88 code [0x02943080, 0x02943120]
Event: 19.973 Thread 0x14ecb400  379   !         java.awt.Container::getMouseEventTargetImpl (255 bytes)
Event: 19.975 Thread 0x14ecb400 nmethod 379 0x02943188 code [0x02943330, 0x029439f4]
Event: 20.480 Thread 0x14ecb400  380             javax.swing.JComponent::getFlag (20 bytes)
Event: 20.481 Thread 0x14ecb400 nmethod 380 0x02944048 code [0x02944140, 0x029441e0]
Event: 20.805 Thread 0x14ecb400  381             java.util.concurrent.locks.AbstractQueuedSynchronizer::setState (6 bytes)
Event: 20.805 Thread 0x14ecb400 nmethod 381 0x02944248 code [0x02944340, 0x029443c0]

GC Heap History (10 events):
Event: 0.303 GC heap before
{Heap before GC invocations=2 (full 0):
 def new generation   total 4928K, used 4627K [0x04a00000, 0x04f50000, 0x09f50000)
  eden space 4416K,  99% used [0x04a00000, 0x04e4fe50, 0x04e50000)
  from space 512K,  41% used [0x04e50000, 0x04e85028, 0x04ed0000)
  to   space 512K,   0% used [0x04ed0000, 0x04ed0000, 0x04f50000)
 tenured generation   total 10944K, used 1570K [0x09f50000, 0x0aa00000, 0x14a00000)
   the space 10944K,  14% used [0x09f50000, 0x0a0d88c8, 0x0a0d8a00, 0x0aa00000)
 Metaspace       used 6810K, capacity 6982K, committed 7040K, reserved 7552K
Event: 0.305 GC heap after
Heap after GC invocations=3 (full 0):
 def new generation   total 4928K, used 212K [0x04a00000, 0x04f50000, 0x09f50000)
  eden space 4416K,   0% used [0x04a00000, 0x04a00000, 0x04e50000)
  from space 512K,  41% used [0x04ed0000, 0x04f053c8, 0x04f50000)
  to   space 512K,   0% used [0x04e50000, 0x04e50000, 0x04ed0000)
 tenured generation   total 10944K, used 5718K [0x09f50000, 0x0aa00000, 0x14a00000)
   the space 10944K,  52% used [0x09f50000, 0x0a4e59f8, 0x0a4e5a00, 0x0aa00000)
 Metaspace       used 6810K, capacity 6982K, committed 7040K, reserved 7552K
}
Event: 0.381 GC heap before
{Heap before GC invocations=3 (full 0):
 def new generation   total 4928K, used 4628K [0x04a00000, 0x04f50000, 0x09f50000)
  eden space 4416K, 100% used [0x04a00000, 0x04e50000, 0x04e50000)
  from space 512K,  41% used [0x04ed0000, 0x04f053c8, 0x04f50000)
  to   space 512K,   0% used [0x04e50000, 0x04e50000, 0x04ed0000)
 tenured generation   total 10944K, used 5718K [0x09f50000, 0x0aa00000, 0x14a00000)
   the space 10944K,  52% used [0x09f50000, 0x0a4e59f8, 0x0a4e5a00, 0x0aa00000)
 Metaspace       used 7391K, capacity 7595K, committed 7680K, reserved 8576K
Event: 0.383 GC heap after
Heap after GC invocations=4 (full 0):
 def new generation   total 4928K, used 389K [0x04a00000, 0x04f50000, 0x09f50000)
  eden space 4416K,   0% used [0x04a00000, 0x04a00000, 0x04e50000)
  from space 512K,  76% used [0x04e50000, 0x04eb15e8, 0x04ed0000)
  to   space 512K,   0% used [0x04ed0000, 0x04ed0000, 0x04f50000)
 tenured generation   total 10944K, used 5718K [0x09f50000, 0x0aa00000, 0x14a00000)
   the space 10944K,  52% used [0x09f50000, 0x0a4e59f8, 0x0a4e5a00, 0x0aa00000)
 Metaspace       used 7391K, capacity 7595K, committed 7680K, reserved 8576K
}
Event: 0.467 GC heap before
{Heap before GC invocations=4 (full 0):
 def new generation   total 4928K, used 2849K [0x04a00000, 0x04f50000, 0x09f50000)
  eden space 4416K,  55% used [0x04a00000, 0x04c66e90, 0x04e50000)
  from space 512K,  76% used [0x04e50000, 0x04eb15e8, 0x04ed0000)
  to   space 512K,   0% used [0x04ed0000, 0x04ed0000, 0x04f50000)
 tenured generation   total 10944K, used 5718K [0x09f50000, 0x0aa00000, 0x14a00000)
   the space 10944K,  52% used [0x09f50000, 0x0a4e59f8, 0x0a4e5a00, 0x0aa00000)
 Metaspace       used 8265K, capacity 8497K, committed 8576K, reserved 8576K
Event: 0.477 GC heap after
Heap after GC invocations=5 (full 1):
 def new generation   total 5184K, used 0K [0x04a00000, 0x04f90000, 0x09f50000)
  eden space 4672K,   0% used [0x04a00000, 0x04a00000, 0x04e90000)
  from space 512K,   0% used [0x04e90000, 0x04e90000, 0x04f10000)
  to   space 512K,   0% used [0x04f10000, 0x04f10000, 0x04f90000)
 tenured generation   total 11344K, used 6806K [0x09f50000, 0x0aa64000, 0x14a00000)
   the space 11344K,  59% used [0x09f50000, 0x0a5f5800, 0x0a5f5800, 0x0aa64000)
 Metaspace       used 8265K, capacity 8497K, committed 8576K, reserved 8576K
}
Event: 1.522 GC heap before
{Heap before GC invocations=5 (full 1):
 def new generation   total 5184K, used 2053K [0x04a00000, 0x04f90000, 0x09f50000)
  eden space 4672K,  43% used [0x04a00000, 0x04c014b8, 0x04e90000)
  from space 512K,   0% used [0x04e90000, 0x04e90000, 0x04f10000)
  to   space 512K,   0% used [0x04f10000, 0x04f10000, 0x04f90000)
 tenured generation   total 21112K, used 16571K [0x09f50000, 0x0b3ee000, 0x14a00000)
   the space 21112K,  78% used [0x09f50000, 0x0af7ee90, 0x0af7f000, 0x0b3ee000)
 Metaspace       used 8789K, capacity 9011K, committed 9088K, reserved 9600K
Event: 1.524 GC heap after
Heap after GC invocations=6 (full 1):
 def new generation   total 5184K, used 326K [0x04a00000, 0x04f90000, 0x09f50000)
  eden space 4672K,   0% used [0x04a00000, 0x04a00000, 0x04e90000)
  from space 512K,  63% used [0x04f10000, 0x04f61b20, 0x04f90000)
  to   space 512K,   0% used [0x04e90000, 0x04e90000, 0x04f10000)
 tenured generation   total 21112K, used 16571K [0x09f50000, 0x0b3ee000, 0x14a00000)
   the space 21112K,  78% used [0x09f50000, 0x0af7ee90, 0x0af7f000, 0x0b3ee000)
 Metaspace       used 8789K, capacity 9011K, committed 9088K, reserved 9600K
}
Event: 4.790 GC heap before
{Heap before GC invocations=6 (full 1):
 def new generation   total 5184K, used 4998K [0x04a00000, 0x04f90000, 0x09f50000)
  eden space 4672K, 100% used [0x04a00000, 0x04e90000, 0x04e90000)
  from space 512K,  63% used [0x04f10000, 0x04f61b20, 0x04f90000)
  to   space 512K,   0% used [0x04e90000, 0x04e90000, 0x04f10000)
 tenured generation   total 21112K, used 16571K [0x09f50000, 0x0b3ee000, 0x14a00000)
   the space 21112K,  78% used [0x09f50000, 0x0af7ee90, 0x0af7f000, 0x0b3ee000)
 Metaspace       used 9070K, capacity 9299K, committed 9344K, reserved 9600K
Event: 4.793 GC heap after
Heap after GC invocations=7 (full 1):
 def new generation   total 5184K, used 171K [0x04a00000, 0x04f90000, 0x09f50000)
  eden space 4672K,   0% used [0x04a00000, 0x04a00000, 0x04e90000)
  from space 512K,  33% used [0x04e90000, 0x04ebacd8, 0x04f10000)
  to   space 512K,   0% used [0x04f10000, 0x04f10000, 0x04f90000)
 tenured generation   total 21112K, used 20564K [0x09f50000, 0x0b3ee000, 0x14a00000)
   the space 21112K,  97% used [0x09f50000, 0x0b365108, 0x0b365200, 0x0b3ee000)
 Metaspace       used 9070K, capacity 9299K, committed 9344K, reserved 9600K
}

Deoptimization events (0 events):
No events

Internal exceptions (10 events):
Event: 0.204 Thread 0x005dc400 Exception <a 'java/lang/ClassNotFoundException': ToolBar> (0x04cd7c18) thrown at [C:\re\workspace\8-2-build-windows-i586-cygwin\jdk8u91\7017\hotspot\src\share\vm\classfile\systemDictionary.cpp, line 210]
Event: 0.204 Thread 0x005dc400 Exception <a 'java/lang/ClassNotFoundException': ToggleButton> (0x04cd8160) thrown at [C:\re\workspace\8-2-build-windows-i586-cygwin\jdk8u91\7017\hotspot\src\share\vm\classfile\systemDictionary.cpp, line 210]
Event: 0.204 Thread 0x005dc400 Exception <a 'java/lang/ClassNotFoundException': javax/swing/JToolBarSeparator> (0x04cd8568) thrown at [C:\re\workspace\8-2-build-windows-i586-cygwin\jdk8u91\7017\hotspot\src\share\vm\classfile\systemDictionary.cpp, line 210]
Event: 0.204 Thread 0x005dc400 Exception <a 'java/lang/ClassNotFoundException': ToolBarSeparator> (0x04cd89c0) thrown at [C:\re\workspace\8-2-build-windows-i586-cygwin\jdk8u91\7017\hotspot\src\share\vm\classfile\systemDictionary.cpp, line 210]
Event: 0.204 Thread 0x005dc400 Exception <a 'java/lang/ClassNotFoundException': ToolTip> (0x04cd9068) thrown at [C:\re\workspace\8-2-build-windows-i586-cygwin\jdk8u91\7017\hotspot\src\share\vm\classfile\systemDictionary.cpp, line 210]
Event: 0.205 Thread 0x005dc400 Exception <a 'java/lang/ClassNotFoundException': Tree> (0x04cd9b50) thrown at [C:\re\workspace\8-2-build-windows-i586-cygwin\jdk8u91\7017\hotspot\src\share\vm\classfile\systemDictionary.cpp, line 210]
Event: 0.205 Thread 0x005dc400 Exception <a 'java/lang/ClassNotFoundException': Tree> (0x04cda1f0) thrown at [C:\re\workspace\8-2-build-windows-i586-cygwin\jdk8u91\7017\hotspot\src\share\vm\classfile\systemDictionary.cpp, line 210]
Event: 0.205 Thread 0x005dc400 Exception <a 'java/lang/ClassNotFoundException': javax/swing/JTreeCell> (0x04cda528) thrown at [C:\re\workspace\8-2-build-windows-i586-cygwin\jdk8u91\7017\hotspot\src\share\vm\classfile\systemDictionary.cpp, line 210]
Event: 0.205 Thread 0x005dc400 Exception <a 'java/lang/ClassNotFoundException': TreeCell> (0x04cda970) thrown at [C:\re\workspace\8-2-build-windows-i586-cygwin\jdk8u91\7017\hotspot\src\share\vm\classfile\systemDictionary.cpp, line 210]
Event: 0.206 Thread 0x005dc400 Exception <a 'java/lang/ClassNotFoundException': RootPane> (0x04cdb2e8) thrown at [C:\re\workspace\8-2-build-windows-i586-cygwin\jdk8u91\7017\hotspot\src\share\vm\classfile\systemDictionary.cpp, line 210]

Events (10 events):
Event: 19.311 loading class java/util/concurrent/TimeUnit$5
Event: 19.311 loading class java/util/concurrent/TimeUnit$5 done
Event: 19.311 loading class java/util/concurrent/TimeUnit$6
Event: 19.311 loading class java/util/concurrent/TimeUnit$6 done
Event: 19.311 loading class java/util/concurrent/TimeUnit$7
Event: 19.311 loading class java/util/concurrent/TimeUnit$7 done
Event: 19.818 loading class javax/swing/Timer$1
Event: 19.818 loading class javax/swing/Timer$1 done
Event: 19.973 loading class java/awt/LightweightDispatcher$2
Event: 19.973 loading class java/awt/LightweightDispatcher$2 done


Dynamic libraries:
0x013e0000 - 0x01413000 	C:\Program Files (x86)\Java\jdk1.8.0_91\bin\java.exe
0x77e70000 - 0x77ff0000 	C:\Windows\SysWOW64\ntdll.dll
0x75a10000 - 0x75b20000 	C:\Windows\syswow64\kernel32.dll
0x76a20000 - 0x76a67000 	C:\Windows\syswow64\KERNELBASE.dll
0x75cb0000 - 0x75d51000 	C:\Windows\syswow64\ADVAPI32.dll
0x76010000 - 0x760bc000 	C:\Windows\syswow64\msvcrt.dll
0x77a50000 - 0x77a69000 	C:\Windows\SysWOW64\sechost.dll
0x768c0000 - 0x769b0000 	C:\Windows\syswow64\RPCRT4.dll
0x75780000 - 0x757e0000 	C:\Windows\syswow64\SspiCli.dll
0x75770000 - 0x7577c000 	C:\Windows\syswow64\CRYPTBASE.dll
0x75d90000 - 0x75e90000 	C:\Windows\syswow64\USER32.dll
0x76340000 - 0x763d0000 	C:\Windows\syswow64\GDI32.dll
0x769d0000 - 0x769da000 	C:\Windows\syswow64\LPK.dll
0x76b20000 - 0x76bbd000 	C:\Windows\syswow64\USP10.dll
0x73520000 - 0x736be000 	C:\Windows\WinSxS\x86_microsoft.windows.common-controls_6595b64144ccf1df_6.0.7601.18837_none_41e855142bd5705d\COMCTL32.dll
0x75b20000 - 0x75b77000 	C:\Windows\syswow64\SHLWAPI.dll
0x77930000 - 0x77990000 	C:\Windows\system32\IMM32.DLL
0x76110000 - 0x761dc000 	C:\Windows\syswow64\MSCTF.dll
0x5de20000 - 0x5dedd000 	C:\Program Files (x86)\Java\jdk1.8.0_91\jre\bin\msvcr100.dll
0x5c8e0000 - 0x5ccaa000 	C:\Program Files (x86)\Java\jdk1.8.0_91\jre\bin\client\jvm.dll
0x734a0000 - 0x734a7000 	C:\Windows\system32\WSOCK32.dll
0x769e0000 - 0x76a15000 	C:\Windows\syswow64\WS2_32.dll
0x77e40000 - 0x77e46000 	C:\Windows\syswow64\NSI.dll
0x73310000 - 0x73342000 	C:\Windows\system32\WINMM.dll
0x75240000 - 0x75249000 	C:\Windows\system32\VERSION.dll
0x769c0000 - 0x769c5000 	C:\Windows\syswow64\PSAPI.DLL
0x604d0000 - 0x604dc000 	C:\Program Files (x86)\Java\jdk1.8.0_91\jre\bin\verify.dll
0x604a0000 - 0x604c1000 	C:\Program Files (x86)\Java\jdk1.8.0_91\jre\bin\java.dll
0x60480000 - 0x60493000 	C:\Program Files (x86)\Java\jdk1.8.0_91\jre\bin\zip.dll
0x76bc0000 - 0x7780c000 	C:\Windows\syswow64\SHELL32.dll
0x761e0000 - 0x7633d000 	C:\Windows\syswow64\ole32.dll
0x75a00000 - 0x75a0b000 	C:\Windows\syswow64\profapi.dll
0x5db50000 - 0x5dc95000 	C:\Program Files (x86)\Java\jdk1.8.0_91\jre\bin\awt.dll
0x779c0000 - 0x77a4f000 	C:\Windows\syswow64\OLEAUT32.dll
0x725f0000 - 0x72670000 	C:\Windows\system32\uxtheme.dll
0x72560000 - 0x72573000 	C:\Windows\system32\dwmapi.dll
0x5dde0000 - 0x5de19000 	C:\Program Files (x86)\Java\jdk1.8.0_91\jre\bin\fontmanager.dll
0x5ddb0000 - 0x5ddd6000 	C:\Program Files (x86)\Java\jdk1.8.0_91\jre\bin\jpeg.dll
0x5dd90000 - 0x5dda6000 	C:\Program Files (x86)\Java\jdk1.8.0_91\jre\bin\net.dll
0x733f0000 - 0x7342c000 	C:\Windows\system32\mswsock.dll
0x73db0000 - 0x73db6000 	C:\Windows\System32\wship6.dll
0x60470000 - 0x6047f000 	C:\Program Files (x86)\Java\jdk1.8.0_91\jre\bin\nio.dll
0x5dd50000 - 0x5dd82000 	C:\Program Files (x86)\Java\jdk1.8.0_91\jre\bin\t2k.dll
0x73470000 - 0x73487000 	C:\Windows\system32\CRYPTSP.dll
0x726d0000 - 0x7270b000 	C:\Windows\system32\rsaenh.dll
0x760c0000 - 0x760d7000 	C:\Windows\syswow64\USERENV.dll
0x75660000 - 0x7567c000 	C:\Windows\system32\IPHLPAPI.DLL
0x75650000 - 0x75657000 	C:\Windows\system32\WINNSI.DLL
0x73260000 - 0x7326d000 	C:\Windows\system32\dhcpcsvc6.DLL
0x732d0000 - 0x732e2000 	C:\Windows\system32\dhcpcsvc.DLL
0x16b60000 - 0x16ce6000 	C:\Users\OSORIO\AppData\Local\Temp\BioMiniLib\UFScanner.dll
0x757e0000 - 0x7597d000 	C:\Windows\syswow64\SETUPAPI.dll
0x75d60000 - 0x75d87000 	C:\Windows\syswow64\CFGMGR32.dll
0x76b00000 - 0x76b12000 	C:\Windows\syswow64\DEVOBJ.dll
0x5dd40000 - 0x5dd49000 	C:\Windows\system32\HID.DLL
0x5ceb0000 - 0x5cfcc000 	C:\Windows\system32\MFC42.DLL
0x61240000 - 0x612cc000 	C:\Windows\system32\ODBC32.dll
0x71f90000 - 0x71fe1000 	C:\Windows\system32\WINSPOOL.DRV
0x61200000 - 0x61238000 	C:\Windows\system32\odbcint.dll
0x00270000 - 0x002a7000 	C:\Users\OSORIO\AppData\Local\Temp\BioMiniLib\UFMatcher.dll
0x75fe0000 - 0x7600f000 	C:\Windows\syswow64\WINTRUST.dll
0x75b80000 - 0x75ca1000 	C:\Windows\syswow64\CRYPT32.dll
0x76100000 - 0x7610c000 	C:\Windows\syswow64\MSASN1.dll
0x5db20000 - 0x5db44000 	C:\Program Files (x86)\Java\jdk1.8.0_91\jre\bin\dcpr.dll
0x72e90000 - 0x72f7b000 	C:\Windows\system32\dbghelp.dll

VM Arguments:
jvm_args: -Dfile.encoding=UTF-8 
java_command: GUI.Checador
java_class_path (initial): C:\Program Files\NetBeans 8.1\java\modules\ext\AbsoluteLayout.jar;C:\Users\OSORIO\Documents\NetBeansProjects\siumV1\postgresql-9.4.1208.jre6.jar;C:\Users\OSORIO\Documents\NetBeansProjects\siumV1\jna.jar;C:\Users\OSORIO\Documents\NetBeansProjects\siumV1\joda-time-2.9.4-javadoc.jar;C:\Users\OSORIO\Documents\NetBeansProjects\siumV1\joda-time-2.9.4.jar;C:\Users\OSORIO\Documents\NetBeansProjects\siumV1\build\classes
Launcher Type: SUN_STANDARD

Environment Variables:
PATH=C:\ProgramData\Oracle\Java\javapath;C:\Windows\system32;C:\Windows;C:\Windows\System32\Wbem;C:\Windows\System32\WindowsPowerShell\v1.0\;C:\xampp\php;C:\ProgramData\ComposerSetup\bin;C:\Program Files (x86)\Suprema\UFE35\bin;C:\Program Files (x86)\pgmodeler;C:\Program Files (x86)\Suprema\UFE35\bin;C:\Program Files\Git\cmd;C:\Users\OSORIO\AppData\Roaming\Composer\vendor\bin;C:\Program Files\Java\jdk1.8.0_91\bin;C:\Program Files (x86)\SSH Communications Security\SSH Secure Shell;C:\Program Files (x86)\Suprema\UFE35\bin
USERNAME=OSORIO
OS=Windows_NT
PROCESSOR_IDENTIFIER=Intel64 Family 6 Model 58 Stepping 9, GenuineIntel



---------------  S Y S T E M  ---------------

OS: Windows 7 , 64 bit Build 7601 (6.1.7601.23418)

CPU:total 4 (2 cores per cpu, 2 threads per core) family 6 model 58 stepping 9, cmov, cx8, fxsr, mmx, sse, sse2, sse3, ssse3, sse4.1, sse4.2, popcnt, avx, clmul, erms, ht, tsc, tscinvbit, tscinv

Memory: 4k page, physical 8279396k(3182448k free), swap 16556932k(11139948k free)

vm_info: Java HotSpot(TM) Client VM (25.91-b15) for windows-x86 JRE (1.8.0_91-b15), built on May 20 2016 17:33:18 by "java_re" with MS VC++ 10.0 (VS2010)

time: Sun Aug 21 09:14:17 2016
elapsed time: 21 seconds (0d 0h 0m 21s)

