#
# A fatal error has been detected by the Java Runtime Environment:
#
#  EXCEPTION_ACCESS_VIOLATION (0xc0000005) at pc=0x00000000, pid=7392, tid=7696
#
# JRE version: Java(TM) SE Runtime Environment (8.0_91-b15) (build 1.8.0_91-b15)
# Java VM: Java HotSpot(TM) Client VM (25.91-b15 mixed mode windows-x86 )
# Problematic frame:
# C  0x00000000
#
# Failed to write core dump. Minidumps are not enabled by default on client versions of Windows
#
# If you would like to submit a bug report, please visit:
#   http://bugreport.java.com/bugreport/crash.jsp
# The crash happened outside the Java Virtual Machine in native code.
# See problematic frame for where to report the bug.
#

---------------  T H R E A D  ---------------

Current thread (0x1604d400):  JavaThread "Thread-4" [_thread_in_native, id=7696, stack(0x17370000,0x173c0000)]

siginfo: ExceptionCode=0xc0000005, ExceptionInformation=0x00000008 0x00000000

Registers:
EAX=0x19c77f58, EBX=0x00000000, ECX=0x169def60, EDX=0x173bebcc
ESP=0x173beba8, EBP=0x173bebe4, ESI=0x169def60, EDI=0x173bec08
EIP=0x00000000, EFLAGS=0x00010246

Top of Stack: (sp=0x173beba8)
0x173beba8:   16bfc5f7 173bec0c 173bec08 173bebcc
0x173bebb8:   19a46eb8 00000000 0005cc60 16d50020
0x173bebc8:   75a216c3 00000000 00000028 00000000
0x173bebd8:   00000000 000002d0 19a46eb8 00000000
0x173bebe8:   16bed0c0 173bec0c 013bec08 00000000
0x173bebf8:   75a216b9 16bed36d 000000c3 173bec0c
0x173bec08:   00000002 00000525 00001033 00000000
0x173bec18:   00000001 173bec3c 0273ad50 173bec6c 

Instructions: (pc=0x00000000)
0xffffffe0:   


Register to memory mapping:

EAX=0x19c77f58 is an unknown value
EBX=0x00000000 is an unknown value
ECX=0x169def60 is an unknown value
EDX=0x173bebcc is pointing into the stack for thread: 0x1604d400
ESP=0x173beba8 is pointing into the stack for thread: 0x1604d400
EBP=0x173bebe4 is pointing into the stack for thread: 0x1604d400
ESI=0x169def60 is an unknown value
EDI=0x173bec08 is pointing into the stack for thread: 0x1604d400


Stack: [0x17370000,0x173c0000],  sp=0x173beba8,  free space=314k
Java frames: (J=compiled Java code, j=interpreted, Vv=VM code)
j  com.sun.jna.Function.invokeInt(I[Ljava/lang/Object;)I+0
j  com.sun.jna.Function.invoke([Ljava/lang/Object;Ljava/lang/Class;)Ljava/lang/Object;+309
j  com.sun.jna.Function.invoke(Ljava/lang/Class;[Ljava/lang/Object;Ljava/util/Map;)Ljava/lang/Object;+194
j  com.sun.jna.Library$Handler.invoke(Ljava/lang/Object;Ljava/lang/reflect/Method;[Ljava/lang/Object;)Ljava/lang/Object;+344
j  com.sun.proxy.$Proxy0.UFS_CaptureSingleImage(Lcom/sun/jna/Pointer;)I+16
j  GUI.Checador$6.run()V+65
j  java.lang.Thread.run()V+11
v  ~StubRoutines::call_stub

---------------  P R O C E S S  ---------------

Java Threads: ( => current thread )
  0x14d8a000 JavaThread "Thread-0" daemon [_thread_in_native, id=8144, stack(0x16db0000,0x16e00000)]
  0x15eca800 JavaThread "Thread-1" [_thread_new, id=4836, stack(0x00000000,0x00000000)]
=>0x1604d400 JavaThread "Thread-4" [_thread_in_native, id=7696, stack(0x17370000,0x173c0000)]
  0x16054000 JavaThread "Thread-2" [_thread_blocked, id=7896, stack(0x15890000,0x158e0000)]
  0x00e1c400 JavaThread "DestroyJavaVM" [_thread_blocked, id=7444, stack(0x02410000,0x02460000)]
  0x15e6e400 JavaThread "AWT-EventQueue-0" [_thread_blocked, id=5288, stack(0x16450000,0x164a0000)]
  0x14e53c00 JavaThread "AWT-Windows" daemon [_thread_in_native, id=7340, stack(0x152a0000,0x152f0000)]
  0x14e53000 JavaThread "AWT-Shutdown" [_thread_blocked, id=7604, stack(0x157b0000,0x15800000)]
  0x14e50400 JavaThread "Java2D Disposer" daemon [_thread_blocked, id=6460, stack(0x15820000,0x15870000)]
  0x14cde800 JavaThread "Service Thread" daemon [_thread_blocked, id=7888, stack(0x15310000,0x15360000)]
  0x14ccb400 JavaThread "C1 CompilerThread0" daemon [_thread_blocked, id=7132, stack(0x15410000,0x15460000)]
  0x14cca400 JavaThread "Attach Listener" daemon [_thread_blocked, id=7428, stack(0x151e0000,0x15230000)]
  0x14cc7000 JavaThread "Signal Dispatcher" daemon [_thread_blocked, id=5100, stack(0x15250000,0x152a0000)]
  0x14ca6c00 JavaThread "Finalizer" daemon [_thread_blocked, id=6808, stack(0x15100000,0x15150000)]
  0x14c82000 JavaThread "Reference Handler" daemon [_thread_blocked, id=7924, stack(0x00db0000,0x00e00000)]

Other Threads:
  0x14c7b400 VMThread [stack: 0x04730000,0x04780000] [id=7836]
  0x14cc5400 WatcherThread [stack: 0x155f0000,0x15640000] [id=4844]

VM state:not at safepoint (normal execution)

VM Mutex/Monitor currently owned by a thread: None

Heap:
 def new generation   total 5184K, used 3141K [0x04800000, 0x04d90000, 0x09d50000)
  eden space 4672K,  63% used [0x04800000, 0x04aeb478, 0x04c90000)
  from space 512K,  29% used [0x04c90000, 0x04cb61e8, 0x04d10000)
  to   space 512K,   0% used [0x04d10000, 0x04d10000, 0x04d90000)
 tenured generation   total 21068K, used 20536K [0x09d50000, 0x0b1e3000, 0x14800000)
   the space 21068K,  97% used [0x09d50000, 0x0b15e2c0, 0x0b15e400, 0x0b1e3000)
 Metaspace       used 9715K, capacity 9910K, committed 9984K, reserved 10624K

Card table byte_map: [0x007f0000,0x00880000] byte_map_base: 0x007cc000

Polling page: 0x001f0000

CodeCache: size=32768Kb used=1095Kb max_used=1095Kb free=31672Kb
 bounds [0x02730000, 0x02848000, 0x04730000]
 total_blobs=572 nmethods=329 adapters=174
 compilation: enabled

Compilation events (10 events):
Event: 8.217 Thread 0x14ccb400  329             sun.font.FontDesignMetrics::stringWidth (154 bytes)
Event: 8.218 Thread 0x14ccb400 nmethod 329 0x02840c88 code [0x02840e50, 0x028412cc]
Event: 8.222 Thread 0x14ccb400  330             java.util.IdentityHashMap::clear (39 bytes)
Event: 8.223 Thread 0x14ccb400 nmethod 330 0x028418c8 code [0x028419c0, 0x02841a80]
Event: 8.223 Thread 0x14ccb400  331             java.util.Hashtable$Enumerator::nextElement (111 bytes)
Event: 8.223 Thread 0x14ccb400 nmethod 331 0x02841b08 code [0x02841c20, 0x02841dcc]
Event: 9.494 Thread 0x14ccb400  332             java.awt.Component::isValid (20 bytes)
Event: 9.494 Thread 0x14ccb400 nmethod 332 0x028077c8 code [0x028078c0, 0x02807970]
Event: 9.670 Thread 0x14ccb400  333             java.util.concurrent.locks.AbstractOwnableSynchronizer::setExclusiveOwnerThread (6 bytes)
Event: 9.670 Thread 0x14ccb400 nmethod 333 0x0282d9c8 code [0x0282dac0, 0x0282db50]

GC Heap History (10 events):
Event: 0.319 GC heap before
{Heap before GC invocations=2 (full 0):
 def new generation   total 4928K, used 4617K [0x04800000, 0x04d50000, 0x09d50000)
  eden space 4416K,  99% used [0x04800000, 0x04c4f578, 0x04c50000)
  from space 512K,  39% used [0x04c50000, 0x04c83030, 0x04cd0000)
  to   space 512K,   0% used [0x04cd0000, 0x04cd0000, 0x04d50000)
 tenured generation   total 10944K, used 1578K [0x09d50000, 0x0a800000, 0x14800000)
   the space 10944K,  14% used [0x09d50000, 0x09eda8e0, 0x09edaa00, 0x0a800000)
 Metaspace       used 6810K, capacity 6982K, committed 7040K, reserved 7552K
Event: 0.321 GC heap after
Heap after GC invocations=3 (full 0):
 def new generation   total 4928K, used 204K [0x04800000, 0x04d50000, 0x09d50000)
  eden space 4416K,   0% used [0x04800000, 0x04800000, 0x04c50000)
  from space 512K,  40% used [0x04cd0000, 0x04d033d0, 0x04d50000)
  to   space 512K,   0% used [0x04c50000, 0x04c50000, 0x04cd0000)
 tenured generation   total 10944K, used 5726K [0x09d50000, 0x0a800000, 0x14800000)
   the space 10944K,  52% used [0x09d50000, 0x0a2e7a10, 0x0a2e7c00, 0x0a800000)
 Metaspace       used 6810K, capacity 6982K, committed 7040K, reserved 7552K
}
Event: 0.399 GC heap before
{Heap before GC invocations=3 (full 0):
 def new generation   total 4928K, used 4620K [0x04800000, 0x04d50000, 0x09d50000)
  eden space 4416K, 100% used [0x04800000, 0x04c50000, 0x04c50000)
  from space 512K,  40% used [0x04cd0000, 0x04d033d0, 0x04d50000)
  to   space 512K,   0% used [0x04c50000, 0x04c50000, 0x04cd0000)
 tenured generation   total 10944K, used 5726K [0x09d50000, 0x0a800000, 0x14800000)
   the space 10944K,  52% used [0x09d50000, 0x0a2e7a10, 0x0a2e7c00, 0x0a800000)
 Metaspace       used 7425K, capacity 7627K, committed 7680K, reserved 8576K
Event: 0.401 GC heap after
Heap after GC invocations=4 (full 0):
 def new generation   total 4928K, used 393K [0x04800000, 0x04d50000, 0x09d50000)
  eden space 4416K,   0% used [0x04800000, 0x04800000, 0x04c50000)
  from space 512K,  76% used [0x04c50000, 0x04cb24f8, 0x04cd0000)
  to   space 512K,   0% used [0x04cd0000, 0x04cd0000, 0x04d50000)
 tenured generation   total 10944K, used 5726K [0x09d50000, 0x0a800000, 0x14800000)
   the space 10944K,  52% used [0x09d50000, 0x0a2e7a10, 0x0a2e7c00, 0x0a800000)
 Metaspace       used 7425K, capacity 7627K, committed 7680K, reserved 8576K
}
Event: 0.481 GC heap before
{Heap before GC invocations=4 (full 0):
 def new generation   total 4928K, used 2777K [0x04800000, 0x04d50000, 0x09d50000)
  eden space 4416K,  53% used [0x04800000, 0x04a54138, 0x04c50000)
  from space 512K,  76% used [0x04c50000, 0x04cb24f8, 0x04cd0000)
  to   space 512K,   0% used [0x04cd0000, 0x04cd0000, 0x04d50000)
 tenured generation   total 10944K, used 5726K [0x09d50000, 0x0a800000, 0x14800000)
   the space 10944K,  52% used [0x09d50000, 0x0a2e7a10, 0x0a2e7c00, 0x0a800000)
 Metaspace       used 8260K, capacity 8497K, committed 8576K, reserved 8576K
Event: 0.490 GC heap after
Heap after GC invocations=5 (full 1):
 def new generation   total 5184K, used 0K [0x04800000, 0x04d90000, 0x09d50000)
  eden space 4672K,   0% used [0x04800000, 0x04800000, 0x04c90000)
  from space 512K,   0% used [0x04c90000, 0x04c90000, 0x04d10000)
  to   space 512K,   0% used [0x04d10000, 0x04d10000, 0x04d90000)
 tenured generation   total 11300K, used 6778K [0x09d50000, 0x0a859000, 0x14800000)
   the space 11300K,  59% used [0x09d50000, 0x0a3ee9b8, 0x0a3eea00, 0x0a859000)
 Metaspace       used 8260K, capacity 8497K, committed 8576K, reserved 8576K
}
Event: 1.583 GC heap before
{Heap before GC invocations=5 (full 1):
 def new generation   total 5184K, used 2072K [0x04800000, 0x04d90000, 0x09d50000)
  eden space 4672K,  44% used [0x04800000, 0x04a06170, 0x04c90000)
  from space 512K,   0% used [0x04c90000, 0x04c90000, 0x04d10000)
  to   space 512K,   0% used [0x04d10000, 0x04d10000, 0x04d90000)
 tenured generation   total 21068K, used 16544K [0x09d50000, 0x0b1e3000, 0x14800000)
   the space 21068K,  78% used [0x09d50000, 0x0ad78048, 0x0ad78200, 0x0b1e3000)
 Metaspace       used 8785K, capacity 9011K, committed 9088K, reserved 9600K
Event: 1.585 GC heap after
Heap after GC invocations=6 (full 1):
 def new generation   total 5184K, used 326K [0x04800000, 0x04d90000, 0x09d50000)
  eden space 4672K,   0% used [0x04800000, 0x04800000, 0x04c90000)
  from space 512K,  63% used [0x04d10000, 0x04d61b20, 0x04d90000)
  to   space 512K,   0% used [0x04c90000, 0x04c90000, 0x04d10000)
 tenured generation   total 21068K, used 16544K [0x09d50000, 0x0b1e3000, 0x14800000)
   the space 21068K,  78% used [0x09d50000, 0x0ad78048, 0x0ad78200, 0x0b1e3000)
 Metaspace       used 8785K, capacity 9011K, committed 9088K, reserved 9600K
}
Event: 5.145 GC heap before
{Heap before GC invocations=6 (full 1):
 def new generation   total 5184K, used 4998K [0x04800000, 0x04d90000, 0x09d50000)
  eden space 4672K, 100% used [0x04800000, 0x04c90000, 0x04c90000)
  from space 512K,  63% used [0x04d10000, 0x04d61b20, 0x04d90000)
  to   space 512K,   0% used [0x04c90000, 0x04c90000, 0x04d10000)
 tenured generation   total 21068K, used 16544K [0x09d50000, 0x0b1e3000, 0x14800000)
   the space 21068K,  78% used [0x09d50000, 0x0ad78048, 0x0ad78200, 0x0b1e3000)
 Metaspace       used 9060K, capacity 9267K, committed 9344K, reserved 9600K
Event: 5.148 GC heap after
Heap after GC invocations=7 (full 1):
 def new generation   total 5184K, used 152K [0x04800000, 0x04d90000, 0x09d50000)
  eden space 4672K,   0% used [0x04800000, 0x04800000, 0x04c90000)
  from space 512K,  29% used [0x04c90000, 0x04cb61e8, 0x04d10000)
  to   space 512K,   0% used [0x04d10000, 0x04d10000, 0x04d90000)
 tenured generation   total 21068K, used 20536K [0x09d50000, 0x0b1e3000, 0x14800000)
   the space 21068K,  97% used [0x09d50000, 0x0b15e2c0, 0x0b15e400, 0x0b1e3000)
 Metaspace       used 9060K, capacity 9267K, committed 9344K, reserved 9600K
}

Deoptimization events (0 events):
No events

Internal exceptions (10 events):
Event: 0.215 Thread 0x00e1c400 Exception <a 'java/lang/ClassNotFoundException': ToolBar> (0x04ad8190) thrown at [C:\re\workspace\8-2-build-windows-i586-cygwin\jdk8u91\7017\hotspot\src\share\vm\classfile\systemDictionary.cpp, line 210]
Event: 0.215 Thread 0x00e1c400 Exception <a 'java/lang/ClassNotFoundException': ToggleButton> (0x04ad86d8) thrown at [C:\re\workspace\8-2-build-windows-i586-cygwin\jdk8u91\7017\hotspot\src\share\vm\classfile\systemDictionary.cpp, line 210]
Event: 0.215 Thread 0x00e1c400 Exception <a 'java/lang/ClassNotFoundException': javax/swing/JToolBarSeparator> (0x04ad8ae0) thrown at [C:\re\workspace\8-2-build-windows-i586-cygwin\jdk8u91\7017\hotspot\src\share\vm\classfile\systemDictionary.cpp, line 210]
Event: 0.215 Thread 0x00e1c400 Exception <a 'java/lang/ClassNotFoundException': ToolBarSeparator> (0x04ad8f38) thrown at [C:\re\workspace\8-2-build-windows-i586-cygwin\jdk8u91\7017\hotspot\src\share\vm\classfile\systemDictionary.cpp, line 210]
Event: 0.215 Thread 0x00e1c400 Exception <a 'java/lang/ClassNotFoundException': ToolTip> (0x04ad95e0) thrown at [C:\re\workspace\8-2-build-windows-i586-cygwin\jdk8u91\7017\hotspot\src\share\vm\classfile\systemDictionary.cpp, line 210]
Event: 0.216 Thread 0x00e1c400 Exception <a 'java/lang/ClassNotFoundException': Tree> (0x04ada0c8) thrown at [C:\re\workspace\8-2-build-windows-i586-cygwin\jdk8u91\7017\hotspot\src\share\vm\classfile\systemDictionary.cpp, line 210]
Event: 0.216 Thread 0x00e1c400 Exception <a 'java/lang/ClassNotFoundException': Tree> (0x04ada768) thrown at [C:\re\workspace\8-2-build-windows-i586-cygwin\jdk8u91\7017\hotspot\src\share\vm\classfile\systemDictionary.cpp, line 210]
Event: 0.216 Thread 0x00e1c400 Exception <a 'java/lang/ClassNotFoundException': javax/swing/JTreeCell> (0x04adaaa0) thrown at [C:\re\workspace\8-2-build-windows-i586-cygwin\jdk8u91\7017\hotspot\src\share\vm\classfile\systemDictionary.cpp, line 210]
Event: 0.216 Thread 0x00e1c400 Exception <a 'java/lang/ClassNotFoundException': TreeCell> (0x04adaee8) thrown at [C:\re\workspace\8-2-build-windows-i586-cygwin\jdk8u91\7017\hotspot\src\share\vm\classfile\systemDictionary.cpp, line 210]
Event: 0.216 Thread 0x00e1c400 Exception <a 'java/lang/ClassNotFoundException': RootPane> (0x04adb860) thrown at [C:\re\workspace\8-2-build-windows-i586-cygwin\jdk8u91\7017\hotspot\src\share\vm\classfile\systemDictionary.cpp, line 210]

Events (10 events):
Event: 5.216 loading class sun/awt/image/ByteInterleavedRaster done
Event: 5.219 Executing VM operation: RevokeBias
Event: 5.219 Executing VM operation: RevokeBias done
Event: 5.221 loading class java/awt/geom/Path2D$Float$CopyIterator
Event: 5.221 loading class java/awt/geom/Path2D$Float$CopyIterator done
Event: 6.494 Thread 0x14ccb400 flushing nmethod 0x028077c8
Event: 7.494 Thread 0x14ccb400 flushing nmethod 0x0282d988
Event: 9.702 loading class java/awt/LightweightDispatcher$2
Event: 9.702 loading class java/awt/LightweightDispatcher$2 done
Event: 10.216 Thread 0x15eca800 Thread exited: 0x15eca800


Dynamic libraries:
0x00eb0000 - 0x00ee3000 	C:\Program Files (x86)\Java\jdk1.8.0_91\bin\java.exe
0x77e70000 - 0x77ff0000 	C:\Windows\SysWOW64\ntdll.dll
0x75a10000 - 0x75b20000 	C:\Windows\syswow64\kernel32.dll
0x76a20000 - 0x76a67000 	C:\Windows\syswow64\KERNELBASE.dll
0x75cb0000 - 0x75d51000 	C:\Windows\syswow64\ADVAPI32.dll
0x76010000 - 0x760bc000 	C:\Windows\syswow64\msvcrt.dll
0x77a50000 - 0x77a69000 	C:\Windows\SysWOW64\sechost.dll
0x768c0000 - 0x769b0000 	C:\Windows\syswow64\RPCRT4.dll
0x75780000 - 0x757e0000 	C:\Windows\syswow64\SspiCli.dll
0x75770000 - 0x7577c000 	C:\Windows\syswow64\CRYPTBASE.dll
0x75d90000 - 0x75e90000 	C:\Windows\syswow64\USER32.dll
0x76340000 - 0x763d0000 	C:\Windows\syswow64\GDI32.dll
0x769d0000 - 0x769da000 	C:\Windows\syswow64\LPK.dll
0x76b20000 - 0x76bbd000 	C:\Windows\syswow64\USP10.dll
0x73520000 - 0x736be000 	C:\Windows\WinSxS\x86_microsoft.windows.common-controls_6595b64144ccf1df_6.0.7601.18837_none_41e855142bd5705d\COMCTL32.dll
0x75b20000 - 0x75b77000 	C:\Windows\syswow64\SHLWAPI.dll
0x77930000 - 0x77990000 	C:\Windows\system32\IMM32.DLL
0x76110000 - 0x761dc000 	C:\Windows\syswow64\MSCTF.dll
0x5ffc0000 - 0x6007d000 	C:\Program Files (x86)\Java\jdk1.8.0_91\jre\bin\msvcr100.dll
0x59ed0000 - 0x5a29a000 	C:\Program Files (x86)\Java\jdk1.8.0_91\jre\bin\client\jvm.dll
0x734a0000 - 0x734a7000 	C:\Windows\system32\WSOCK32.dll
0x769e0000 - 0x76a15000 	C:\Windows\syswow64\WS2_32.dll
0x77e40000 - 0x77e46000 	C:\Windows\syswow64\NSI.dll
0x73310000 - 0x73342000 	C:\Windows\system32\WINMM.dll
0x75240000 - 0x75249000 	C:\Windows\system32\VERSION.dll
0x769c0000 - 0x769c5000 	C:\Windows\syswow64\PSAPI.DLL
0x60130000 - 0x6013c000 	C:\Program Files (x86)\Java\jdk1.8.0_91\jre\bin\verify.dll
0x60100000 - 0x60121000 	C:\Program Files (x86)\Java\jdk1.8.0_91\jre\bin\java.dll
0x600e0000 - 0x600f3000 	C:\Program Files (x86)\Java\jdk1.8.0_91\jre\bin\zip.dll
0x76bc0000 - 0x7780c000 	C:\Windows\syswow64\SHELL32.dll
0x761e0000 - 0x7633d000 	C:\Windows\syswow64\ole32.dll
0x75a00000 - 0x75a0b000 	C:\Windows\syswow64\profapi.dll
0x5fd00000 - 0x5fe45000 	C:\Program Files (x86)\Java\jdk1.8.0_91\jre\bin\awt.dll
0x779c0000 - 0x77a4f000 	C:\Windows\syswow64\OLEAUT32.dll
0x725f0000 - 0x72670000 	C:\Windows\system32\uxtheme.dll
0x72560000 - 0x72573000 	C:\Windows\system32\dwmapi.dll
0x600a0000 - 0x600d9000 	C:\Program Files (x86)\Java\jdk1.8.0_91\jre\bin\fontmanager.dll
0x5ff90000 - 0x5ffb6000 	C:\Program Files (x86)\Java\jdk1.8.0_91\jre\bin\jpeg.dll
0x60080000 - 0x60096000 	C:\Program Files (x86)\Java\jdk1.8.0_91\jre\bin\net.dll
0x733f0000 - 0x7342c000 	C:\Windows\system32\mswsock.dll
0x73db0000 - 0x73db6000 	C:\Windows\System32\wship6.dll
0x604d0000 - 0x604df000 	C:\Program Files (x86)\Java\jdk1.8.0_91\jre\bin\nio.dll
0x5ff50000 - 0x5ff82000 	C:\Program Files (x86)\Java\jdk1.8.0_91\jre\bin\t2k.dll
0x73470000 - 0x73487000 	C:\Windows\system32\CRYPTSP.dll
0x726d0000 - 0x7270b000 	C:\Windows\system32\rsaenh.dll
0x760c0000 - 0x760d7000 	C:\Windows\syswow64\USERENV.dll
0x75660000 - 0x7567c000 	C:\Windows\system32\IPHLPAPI.DLL
0x75650000 - 0x75657000 	C:\Windows\system32\WINNSI.DLL
0x73260000 - 0x7326d000 	C:\Windows\system32\dhcpcsvc6.DLL
0x732d0000 - 0x732e2000 	C:\Windows\system32\dhcpcsvc.DLL
0x16bc0000 - 0x16d46000 	C:\Users\OSORIO\AppData\Local\Temp\BioMiniLib\UFScanner.dll
0x757e0000 - 0x7597d000 	C:\Windows\syswow64\SETUPAPI.dll
0x75d60000 - 0x75d87000 	C:\Windows\syswow64\CFGMGR32.dll
0x76b00000 - 0x76b12000 	C:\Windows\syswow64\DEVOBJ.dll
0x5ff40000 - 0x5ff49000 	C:\Windows\system32\HID.DLL
0x5db80000 - 0x5dc9c000 	C:\Windows\system32\MFC42.DLL
0x61240000 - 0x612cc000 	C:\Windows\system32\ODBC32.dll
0x71f90000 - 0x71fe1000 	C:\Windows\system32\WINSPOOL.DRV
0x61200000 - 0x61238000 	C:\Windows\system32\odbcint.dll
0x154b0000 - 0x154e7000 	C:\Users\OSORIO\AppData\Local\Temp\BioMiniLib\UFMatcher.dll
0x75fe0000 - 0x7600f000 	C:\Windows\syswow64\WINTRUST.dll
0x75b80000 - 0x75ca1000 	C:\Windows\syswow64\CRYPT32.dll
0x76100000 - 0x7610c000 	C:\Windows\syswow64\MSASN1.dll
0x5ff10000 - 0x5ff34000 	C:\Program Files (x86)\Java\jdk1.8.0_91\jre\bin\dcpr.dll
0x72e90000 - 0x72f7b000 	C:\Windows\system32\dbghelp.dll

VM Arguments:
jvm_args: -Dfile.encoding=UTF-8 
java_command: GUI.Checador
java_class_path (initial): C:\Program Files\NetBeans 8.1\java\modules\ext\AbsoluteLayout.jar;C:\Users\OSORIO\Documents\NetBeansProjects\siumV1\postgresql-9.4.1208.jre6.jar;C:\Users\OSORIO\Documents\NetBeansProjects\siumV1\jna.jar;C:\Users\OSORIO\Documents\NetBeansProjects\siumV1\joda-time-2.9.4-javadoc.jar;C:\Users\OSORIO\Documents\NetBeansProjects\siumV1\joda-time-2.9.4.jar;C:\Users\OSORIO\Documents\NetBeansProjects\siumV1\build\classes
Launcher Type: SUN_STANDARD

Environment Variables:
PATH=C:\ProgramData\Oracle\Java\javapath;C:\Windows\system32;C:\Windows;C:\Windows\System32\Wbem;C:\Windows\System32\WindowsPowerShell\v1.0\;C:\xampp\php;C:\ProgramData\ComposerSetup\bin;C:\Program Files (x86)\Suprema\UFE35\bin;C:\Program Files (x86)\pgmodeler;C:\Program Files (x86)\Suprema\UFE35\bin;C:\Program Files\Git\cmd;C:\Users\OSORIO\AppData\Roaming\Composer\vendor\bin;C:\Program Files\Java\jdk1.8.0_91\bin;C:\Program Files (x86)\SSH Communications Security\SSH Secure Shell;C:\Program Files (x86)\Suprema\UFE35\bin
USERNAME=OSORIO
OS=Windows_NT
PROCESSOR_IDENTIFIER=Intel64 Family 6 Model 58 Stepping 9, GenuineIntel



---------------  S Y S T E M  ---------------

OS: Windows 7 , 64 bit Build 7601 (6.1.7601.23418)

CPU:total 4 (2 cores per cpu, 2 threads per core) family 6 model 58 stepping 9, cmov, cx8, fxsr, mmx, sse, sse2, sse3, ssse3, sse4.1, sse4.2, popcnt, avx, clmul, erms, ht, tsc, tscinvbit, tscinv

Memory: 4k page, physical 8279396k(2316340k free), swap 16556932k(10296776k free)

vm_info: Java HotSpot(TM) Client VM (25.91-b15) for windows-x86 JRE (1.8.0_91-b15), built on May 20 2016 17:33:18 by "java_re" with MS VC++ 10.0 (VS2010)

time: Sun Aug 21 11:44:51 2016
elapsed time: 10 seconds (0d 0h 0m 10s)

