#
# A fatal error has been detected by the Java Runtime Environment:
#
#  EXCEPTION_ACCESS_VIOLATION (0xc0000005) at pc=0x00000000, pid=7380, tid=6508
#
# JRE version: Java(TM) SE Runtime Environment (8.0_91-b15) (build 1.8.0_91-b15)
# Java VM: Java HotSpot(TM) Client VM (25.91-b15 mixed mode windows-x86 )
# Problematic frame:
# C  0x00000000
#
# Failed to write core dump. Minidumps are not enabled by default on client versions of Windows
#
# If you would like to submit a bug report, please visit:
#   http://bugreport.java.com/bugreport/crash.jsp
# The crash happened outside the Java Virtual Machine in native code.
# See problematic frame for where to report the bug.
#

---------------  T H R E A D  ---------------

Current thread (0x15efbc00):  JavaThread "Thread-4" [_thread_in_native, id=6508, stack(0x15d70000,0x15dc0000)]

siginfo: ExceptionCode=0xc0000005, ExceptionInformation=0x00000008 0x00000000

Registers:
EAX=0x16b5ff48, EBX=0x00000000, ECX=0x16a7ef60, EDX=0x15dbf030
ESP=0x15dbf00c, EBP=0x15dbf048, ESI=0x16a7ef60, EDI=0x15dbf06c
EIP=0x00000000, EFLAGS=0x00010246

Top of Stack: (sp=0x15dbf00c)
0x15dbf00c:   15a6c5f7 15dbf070 15dbf06c 15dbf030
0x15dbf01c:   19847fb8 00000000 15efbc00 1981a008
0x15dbf02c:   1981a0c3 00000000 00000028 00000000
0x15dbf03c:   00000000 00000448 19847fb8 00000000
0x15dbf04c:   15a5d0c0 15dbf070 01dbf06c 00000000
0x15dbf05c:   1981a008 15a5d36d 000000c3 15dbf070
0x15dbf06c:   00000002 00001030 00000000 00000001
0x15dbf07c:   00000000 15efbc00 5c181fbd 15efbc00 

Instructions: (pc=0x00000000)
0xffffffe0:   


Register to memory mapping:

EAX=0x16b5ff48 is an unknown value
EBX=0x00000000 is an unknown value
ECX=0x16a7ef60 is an unknown value
EDX=0x15dbf030 is pointing into the stack for thread: 0x15efbc00
ESP=0x15dbf00c is pointing into the stack for thread: 0x15efbc00
EBP=0x15dbf048 is pointing into the stack for thread: 0x15efbc00
ESI=0x16a7ef60 is an unknown value
EDI=0x15dbf06c is pointing into the stack for thread: 0x15efbc00


Stack: [0x15d70000,0x15dc0000],  sp=0x15dbf00c,  free space=316k
Java frames: (J=compiled Java code, j=interpreted, Vv=VM code)
j  com.sun.jna.Function.invokeInt(I[Ljava/lang/Object;)I+0
j  com.sun.jna.Function.invoke([Ljava/lang/Object;Ljava/lang/Class;)Ljava/lang/Object;+309
j  com.sun.jna.Function.invoke(Ljava/lang/Class;[Ljava/lang/Object;Ljava/util/Map;)Ljava/lang/Object;+194
j  com.sun.jna.Library$Handler.invoke(Ljava/lang/Object;Ljava/lang/reflect/Method;[Ljava/lang/Object;)Ljava/lang/Object;+344
j  com.sun.proxy.$Proxy0.UFS_CaptureSingleImage(Lcom/sun/jna/Pointer;)I+16
j  GUI.Checador$6.run()V+65
j  java.lang.Thread.run()V+11
v  ~StubRoutines::call_stub

---------------  P R O C E S S  ---------------

Java Threads: ( => current thread )
  0x160a8000 JavaThread "Thread-0" daemon [_thread_in_native, id=4872, stack(0x15c60000,0x15cb0000)]
=>0x15efbc00 JavaThread "Thread-4" [_thread_in_native, id=6508, stack(0x15d70000,0x15dc0000)]
  0x1604ec00 JavaThread "Thread-2" [_thread_blocked, id=7604, stack(0x16910000,0x16960000)]
  0x15ec6800 JavaThread "Image Fetcher 0" daemon [_thread_blocked, id=2448, stack(0x165d0000,0x16620000)]
  0x001bc400 JavaThread "DestroyJavaVM" [_thread_blocked, id=5992, stack(0x00f70000,0x00fc0000)]
  0x15e8e400 JavaThread "AWT-EventQueue-0" [_thread_blocked, id=5076, stack(0x15740000,0x15790000)]
  0x01253400 JavaThread "AWT-Shutdown" [_thread_blocked, id=8060, stack(0x153f0000,0x15440000)]
  0x01250c00 JavaThread "Java2D Disposer" daemon [_thread_blocked, id=7648, stack(0x156f0000,0x15740000)]
  0x010c4000 JavaThread "Service Thread" daemon [_thread_blocked, id=1372, stack(0x15350000,0x153a0000)]
  0x010bdc00 JavaThread "C1 CompilerThread0" daemon [_thread_blocked, id=8152, stack(0x152e0000,0x15330000)]
  0x010cc000 JavaThread "Attach Listener" daemon [_thread_blocked, id=8172, stack(0x00fd0000,0x01020000)]
  0x010c9000 JavaThread "Signal Dispatcher" daemon [_thread_blocked, id=5952, stack(0x15280000,0x152d0000)]
  0x010a6c00 JavaThread "Finalizer" daemon [_thread_blocked, id=7524, stack(0x01280000,0x012d0000)]
  0x01082000 JavaThread "Reference Handler" daemon [_thread_blocked, id=6764, stack(0x15070000,0x150c0000)]

Other Threads:
  0x0107b400 VMThread [stack: 0x14f60000,0x14fb0000] [id=5000]
  0x010c4c00 WatcherThread [stack: 0x155c0000,0x15610000] [id=2024]

VM state:not at safepoint (normal execution)

VM Mutex/Monitor currently owned by a thread: None

Heap:
 def new generation   total 19840K, used 17646K [0x04a00000, 0x05f80000, 0x09f50000)
  eden space 17664K,  99% used [0x04a00000, 0x05b3b770, 0x05b40000)
  from space 2176K,   0% used [0x05d60000, 0x05d602e0, 0x05f80000)
  to   space 2176K,   0% used [0x05b40000, 0x05b40000, 0x05d60000)
 tenured generation   total 43916K, used 35651K [0x09f50000, 0x0ca33000, 0x14a00000)
   the space 43916K,  81% used [0x09f50000, 0x0c220db8, 0x0c220e00, 0x0ca33000)
 Metaspace       used 8982K, capacity 9206K, committed 9344K, reserved 9600K

Card table byte_map: [0x00360000,0x003f0000] byte_map_base: 0x0033b000

Polling page: 0x001a0000

CodeCache: size=32768Kb used=1099Kb max_used=1099Kb free=31668Kb
 bounds [0x029f0000, 0x02b08000, 0x049f0000]
 total_blobs=584 nmethods=342 adapters=173
 compilation: enabled

Compilation events (10 events):
Event: 2.508 Thread 0x010bdc00  340             java.awt.Toolkit$SelectiveAWTEventListener::eventDispatched (745 bytes)
Event: 2.509 Thread 0x010bdc00 nmethod 340 0x02affe48 code [0x02afff80, 0x02b0080c]
Event: 2.517 Thread 0x010bdc00  341             sun.awt.SunToolkit::targetToAppContext (30 bytes)
Event: 2.517 Thread 0x010bdc00 nmethod 341 0x02b00d08 code [0x02b00e20, 0x02b01098]
Event: 2.517 Thread 0x010bdc00  342             sun.awt.SunToolkit::getAppContext (42 bytes)
Event: 2.517 Thread 0x010bdc00 nmethod 342 0x02b01208 code [0x02b01350, 0x02b01554]
Event: 2.526 Thread 0x010bdc00  343             java.security.AccessControlContext::combine (205 bytes)
Event: 2.526 Thread 0x010bdc00 nmethod 343 0x02b016c8 code [0x02b01800, 0x02b01cb8]
Event: 2.526 Thread 0x010bdc00  344   !         sun.awt.PostEventQueue::flush (168 bytes)
Event: 2.527 Thread 0x010bdc00 nmethod 344 0x02b02008 code [0x02b021a0, 0x02b02944]

GC Heap History (10 events):
Event: 0.786 GC heap before
{Heap before GC invocations=18 (full 8):
 def new generation   total 19840K, used 10106K [0x04a00000, 0x05f80000, 0x09f50000)
  eden space 17664K,  57% used [0x04a00000, 0x053dea18, 0x05b40000)
  from space 2176K,   0% used [0x05b40000, 0x05b40000, 0x05d60000)
  to   space 2176K,   0% used [0x05d60000, 0x05d60000, 0x05f80000)
 tenured generation   total 43916K, used 25885K [0x09f50000, 0x0ca33000, 0x14a00000)
   the space 43916K,  58% used [0x09f50000, 0x0b897770, 0x0b897800, 0x0ca33000)
 Metaspace       used 8294K, capacity 8531K, committed 8576K, reserved 8576K
Event: 0.789 GC heap after
Heap after GC invocations=19 (full 8):
 def new generation   total 19840K, used 0K [0x04a00000, 0x05f80000, 0x09f50000)
  eden space 17664K,   0% used [0x04a00000, 0x04a00000, 0x05b40000)
  from space 2176K,   0% used [0x05d60000, 0x05d602c8, 0x05f80000)
  to   space 2176K,   0% used [0x05b40000, 0x05b40000, 0x05d60000)
 tenured generation   total 43916K, used 35651K [0x09f50000, 0x0ca33000, 0x14a00000)
   the space 43916K,  81% used [0x09f50000, 0x0c220e00, 0x0c220e00, 0x0ca33000)
 Metaspace       used 8294K, capacity 8531K, committed 8576K, reserved 8576K
}
Event: 0.792 GC heap before
{Heap before GC invocations=19 (full 8):
 def new generation   total 19840K, used 10107K [0x04a00000, 0x05f80000, 0x09f50000)
  eden space 17664K,  57% used [0x04a00000, 0x053deaf0, 0x05b40000)
  from space 2176K,   0% used [0x05d60000, 0x05d602c8, 0x05f80000)
  to   space 2176K,   0% used [0x05b40000, 0x05b40000, 0x05d60000)
 tenured generation   total 43916K, used 35651K [0x09f50000, 0x0ca33000, 0x14a00000)
   the space 43916K,  81% used [0x09f50000, 0x0c220e00, 0x0c220e00, 0x0ca33000)
 Metaspace       used 8294K, capacity 8531K, committed 8576K, reserved 8576K
Event: 0.807 GC heap after
Heap after GC invocations=20 (full 9):
 def new generation   total 19840K, used 0K [0x04a00000, 0x05f80000, 0x09f50000)
  eden space 17664K,   0% used [0x04a00000, 0x04a00000, 0x05b40000)
  from space 2176K,   0% used [0x05b40000, 0x05b40000, 0x05d60000)
  to   space 2176K,   0% used [0x05d60000, 0x05d60000, 0x05f80000)
 tenured generation   total 43916K, used 25886K [0x09f50000, 0x0ca33000, 0x14a00000)
   the space 43916K,  58% used [0x09f50000, 0x0b897920, 0x0b897a00, 0x0ca33000)
 Metaspace       used 8294K, capacity 8531K, committed 8576K, reserved 8576K
}
Event: 0.811 GC heap before
{Heap before GC invocations=20 (full 9):
 def new generation   total 19840K, used 10106K [0x04a00000, 0x05f80000, 0x09f50000)
  eden space 17664K,  57% used [0x04a00000, 0x053deb78, 0x05b40000)
  from space 2176K,   0% used [0x05b40000, 0x05b40000, 0x05d60000)
  to   space 2176K,   0% used [0x05d60000, 0x05d60000, 0x05f80000)
 tenured generation   total 43916K, used 25886K [0x09f50000, 0x0ca33000, 0x14a00000)
   the space 43916K,  58% used [0x09f50000, 0x0b897920, 0x0b897a00, 0x0ca33000)
 Metaspace       used 8294K, capacity 8531K, committed 8576K, reserved 8576K
Event: 0.814 GC heap after
Heap after GC invocations=21 (full 9):
 def new generation   total 19840K, used 0K [0x04a00000, 0x05f80000, 0x09f50000)
  eden space 17664K,   0% used [0x04a00000, 0x04a00000, 0x05b40000)
  from space 2176K,   0% used [0x05d60000, 0x05d602c8, 0x05f80000)
  to   space 2176K,   0% used [0x05b40000, 0x05b40000, 0x05d60000)
 tenured generation   total 43916K, used 35651K [0x09f50000, 0x0ca33000, 0x14a00000)
   the space 43916K,  81% used [0x09f50000, 0x0c220fb0, 0x0c221000, 0x0ca33000)
 Metaspace       used 8294K, capacity 8531K, committed 8576K, reserved 8576K
}
Event: 0.817 GC heap before
{Heap before GC invocations=21 (full 9):
 def new generation   total 19840K, used 10107K [0x04a00000, 0x05f80000, 0x09f50000)
  eden space 17664K,  57% used [0x04a00000, 0x053debe0, 0x05b40000)
  from space 2176K,   0% used [0x05d60000, 0x05d602c8, 0x05f80000)
  to   space 2176K,   0% used [0x05b40000, 0x05b40000, 0x05d60000)
 tenured generation   total 43916K, used 35651K [0x09f50000, 0x0ca33000, 0x14a00000)
   the space 43916K,  81% used [0x09f50000, 0x0c220fb0, 0x0c221000, 0x0ca33000)
 Metaspace       used 8294K, capacity 8531K, committed 8576K, reserved 8576K
Event: 0.834 GC heap after
Heap after GC invocations=22 (full 10):
 def new generation   total 19840K, used 0K [0x04a00000, 0x05f80000, 0x09f50000)
  eden space 17664K,   0% used [0x04a00000, 0x04a00000, 0x05b40000)
  from space 2176K,   0% used [0x05b40000, 0x05b40000, 0x05d60000)
  to   space 2176K,   0% used [0x05d60000, 0x05d60000, 0x05f80000)
 tenured generation   total 43916K, used 25885K [0x09f50000, 0x0ca33000, 0x14a00000)
   the space 43916K,  58% used [0x09f50000, 0x0b897728, 0x0b897800, 0x0ca33000)
 Metaspace       used 8294K, capacity 8531K, committed 8576K, reserved 8576K
}
Event: 0.838 GC heap before
{Heap before GC invocations=22 (full 10):
 def new generation   total 19840K, used 10107K [0x04a00000, 0x05f80000, 0x09f50000)
  eden space 17664K,  57% used [0x04a00000, 0x053dec08, 0x05b40000)
  from space 2176K,   0% used [0x05b40000, 0x05b40000, 0x05d60000)
  to   space 2176K,   0% used [0x05d60000, 0x05d60000, 0x05f80000)
 tenured generation   total 43916K, used 25885K [0x09f50000, 0x0ca33000, 0x14a00000)
   the space 43916K,  58% used [0x09f50000, 0x0b897728, 0x0b897800, 0x0ca33000)
 Metaspace       used 8294K, capacity 8531K, committed 8576K, reserved 8576K
Event: 0.840 GC heap after
Heap after GC invocations=23 (full 10):
 def new generation   total 19840K, used 0K [0x04a00000, 0x05f80000, 0x09f50000)
  eden space 17664K,   0% used [0x04a00000, 0x04a00000, 0x05b40000)
  from space 2176K,   0% used [0x05d60000, 0x05d602e0, 0x05f80000)
  to   space 2176K,   0% used [0x05b40000, 0x05b40000, 0x05d60000)
 tenured generation   total 43916K, used 35651K [0x09f50000, 0x0ca33000, 0x14a00000)
   the space 43916K,  81% used [0x09f50000, 0x0c220db8, 0x0c220e00, 0x0ca33000)
 Metaspace       used 8294K, capacity 8531K, committed 8576K, reserved 8576K
}

Deoptimization events (0 events):
No events

Internal exceptions (10 events):
Event: 0.277 Thread 0x001bc400 Exception <a 'java/lang/ClassNotFoundException': ToolBar> (0x04cd83f0) thrown at [C:\re\workspace\8-2-build-windows-i586-cygwin\jdk8u91\7017\hotspot\src\share\vm\classfile\systemDictionary.cpp, line 210]
Event: 0.277 Thread 0x001bc400 Exception <a 'java/lang/ClassNotFoundException': ToggleButton> (0x04cd8938) thrown at [C:\re\workspace\8-2-build-windows-i586-cygwin\jdk8u91\7017\hotspot\src\share\vm\classfile\systemDictionary.cpp, line 210]
Event: 0.277 Thread 0x001bc400 Exception <a 'java/lang/ClassNotFoundException': javax/swing/JToolBarSeparator> (0x04cd8d40) thrown at [C:\re\workspace\8-2-build-windows-i586-cygwin\jdk8u91\7017\hotspot\src\share\vm\classfile\systemDictionary.cpp, line 210]
Event: 0.277 Thread 0x001bc400 Exception <a 'java/lang/ClassNotFoundException': ToolBarSeparator> (0x04cd9198) thrown at [C:\re\workspace\8-2-build-windows-i586-cygwin\jdk8u91\7017\hotspot\src\share\vm\classfile\systemDictionary.cpp, line 210]
Event: 0.277 Thread 0x001bc400 Exception <a 'java/lang/ClassNotFoundException': ToolTip> (0x04cd9840) thrown at [C:\re\workspace\8-2-build-windows-i586-cygwin\jdk8u91\7017\hotspot\src\share\vm\classfile\systemDictionary.cpp, line 210]
Event: 0.278 Thread 0x001bc400 Exception <a 'java/lang/ClassNotFoundException': Tree> (0x04cda328) thrown at [C:\re\workspace\8-2-build-windows-i586-cygwin\jdk8u91\7017\hotspot\src\share\vm\classfile\systemDictionary.cpp, line 210]
Event: 0.278 Thread 0x001bc400 Exception <a 'java/lang/ClassNotFoundException': Tree> (0x04cda9c8) thrown at [C:\re\workspace\8-2-build-windows-i586-cygwin\jdk8u91\7017\hotspot\src\share\vm\classfile\systemDictionary.cpp, line 210]
Event: 0.278 Thread 0x001bc400 Exception <a 'java/lang/ClassNotFoundException': javax/swing/JTreeCell> (0x04cdad00) thrown at [C:\re\workspace\8-2-build-windows-i586-cygwin\jdk8u91\7017\hotspot\src\share\vm\classfile\systemDictionary.cpp, line 210]
Event: 0.278 Thread 0x001bc400 Exception <a 'java/lang/ClassNotFoundException': TreeCell> (0x04cdb148) thrown at [C:\re\workspace\8-2-build-windows-i586-cygwin\jdk8u91\7017\hotspot\src\share\vm\classfile\systemDictionary.cpp, line 210]
Event: 0.278 Thread 0x001bc400 Exception <a 'java/lang/ClassNotFoundException': RootPane> (0x04cdbac0) thrown at [C:\re\workspace\8-2-build-windows-i586-cygwin\jdk8u91\7017\hotspot\src\share\vm\classfile\systemDictionary.cpp, line 210]

Events (10 events):
Event: 2.048 loading class java/text/CharacterIterator
Event: 2.048 loading class java/text/CharacterIterator done
Event: 2.048 loading class java/text/AttributedCharacterIterator done
Event: 2.048 loading class java/text/AttributedString$AttributedStringIterator done
Event: 2.048 loading class java/util/concurrent/locks/LockSupport
Event: 2.049 loading class java/util/concurrent/locks/LockSupport done
Event: 2.554 loading class java/awt/LightweightDispatcher$2
Event: 2.554 loading class java/awt/LightweightDispatcher$2 done
Event: 4.139 Executing VM operation: EnableBiasedLocking
Event: 4.139 Executing VM operation: EnableBiasedLocking done


Dynamic libraries:
0x012e0000 - 0x01313000 	C:\Program Files (x86)\Java\jdk1.8.0_91\bin\java.exe
0x77250000 - 0x773d0000 	C:\Windows\SysWOW64\ntdll.dll
0x75e50000 - 0x75f60000 	C:\Windows\syswow64\kernel32.dll
0x76930000 - 0x76977000 	C:\Windows\syswow64\KERNELBASE.dll
0x74be0000 - 0x74c81000 	C:\Windows\syswow64\ADVAPI32.dll
0x74c90000 - 0x74d3c000 	C:\Windows\syswow64\msvcrt.dll
0x76910000 - 0x76929000 	C:\Windows\SysWOW64\sechost.dll
0x76310000 - 0x76400000 	C:\Windows\syswow64\RPCRT4.dll
0x74b60000 - 0x74bc0000 	C:\Windows\syswow64\SspiCli.dll
0x74b50000 - 0x74b5c000 	C:\Windows\syswow64\CRYPTBASE.dll
0x76980000 - 0x76a80000 	C:\Windows\syswow64\USER32.dll
0x74ea0000 - 0x74f30000 	C:\Windows\syswow64\GDI32.dll
0x75f60000 - 0x75f6a000 	C:\Windows\syswow64\LPK.dll
0x76270000 - 0x7630d000 	C:\Windows\syswow64\USP10.dll
0x72910000 - 0x72aae000 	C:\Windows\WinSxS\x86_microsoft.windows.common-controls_6595b64144ccf1df_6.0.7601.18837_none_41e855142bd5705d\COMCTL32.dll
0x76170000 - 0x761c7000 	C:\Windows\syswow64\SHLWAPI.dll
0x76100000 - 0x76160000 	C:\Windows\system32\IMM32.DLL
0x74d40000 - 0x74e0c000 	C:\Windows\syswow64\MSCTF.dll
0x60c00000 - 0x60cbd000 	C:\Program Files (x86)\Java\jdk1.8.0_91\jre\bin\msvcr100.dll
0x5c100000 - 0x5c4ca000 	C:\Program Files (x86)\Java\jdk1.8.0_91\jre\bin\client\jvm.dll
0x72880000 - 0x72887000 	C:\Windows\system32\WSOCK32.dll
0x76a80000 - 0x76ab5000 	C:\Windows\syswow64\WS2_32.dll
0x74bc0000 - 0x74bc6000 	C:\Windows\syswow64\NSI.dll
0x72330000 - 0x72362000 	C:\Windows\system32\WINMM.dll
0x72f40000 - 0x72f49000 	C:\Windows\system32\VERSION.dll
0x75dc0000 - 0x75dc5000 	C:\Windows\syswow64\PSAPI.DLL
0x67310000 - 0x6731c000 	C:\Program Files (x86)\Java\jdk1.8.0_91\jre\bin\verify.dll
0x64a90000 - 0x64ab1000 	C:\Program Files (x86)\Java\jdk1.8.0_91\jre\bin\java.dll
0x665a0000 - 0x665b3000 	C:\Program Files (x86)\Java\jdk1.8.0_91\jre\bin\zip.dll
0x75170000 - 0x75dbc000 	C:\Windows\syswow64\SHELL32.dll
0x76ba0000 - 0x76cfd000 	C:\Windows\syswow64\ole32.dll
0x76ac0000 - 0x76acb000 	C:\Windows\syswow64\profapi.dll
0x5e7c0000 - 0x5e905000 	C:\Program Files (x86)\Java\jdk1.8.0_91\jre\bin\awt.dll
0x74e10000 - 0x74e9f000 	C:\Windows\syswow64\OLEAUT32.dll
0x721b0000 - 0x72230000 	C:\Windows\system32\uxtheme.dll
0x72120000 - 0x72133000 	C:\Windows\system32\dwmapi.dll
0x60bc0000 - 0x60bf9000 	C:\Program Files (x86)\Java\jdk1.8.0_91\jre\bin\fontmanager.dll
0x64a60000 - 0x64a86000 	C:\Program Files (x86)\Java\jdk1.8.0_91\jre\bin\jpeg.dll
0x67060000 - 0x67076000 	C:\Program Files (x86)\Java\jdk1.8.0_91\jre\bin\net.dll
0x72520000 - 0x7255c000 	C:\Windows\system32\mswsock.dll
0x72320000 - 0x72326000 	C:\Windows\System32\wship6.dll
0x67710000 - 0x6771f000 	C:\Program Files (x86)\Java\jdk1.8.0_91\jre\bin\nio.dll
0x60b80000 - 0x60bb2000 	C:\Program Files (x86)\Java\jdk1.8.0_91\jre\bin\t2k.dll
0x72850000 - 0x72867000 	C:\Windows\system32\CRYPTSP.dll
0x72810000 - 0x7284b000 	C:\Windows\system32\rsaenh.dll
0x76b80000 - 0x76b97000 	C:\Windows\syswow64\USERENV.dll
0x73360000 - 0x7337c000 	C:\Windows\system32\IPHLPAPI.DLL
0x73350000 - 0x73357000 	C:\Windows\system32\WINNSI.DLL
0x72240000 - 0x7224d000 	C:\Windows\system32\dhcpcsvc6.DLL
0x722b0000 - 0x722c2000 	C:\Windows\system32\dhcpcsvc.DLL
0x15a30000 - 0x15bb6000 	C:\Users\OSORIO\AppData\Local\Temp\BioMiniLib\UFScanner.dll
0x76770000 - 0x7690d000 	C:\Windows\syswow64\SETUPAPI.dll
0x75fa0000 - 0x75fc7000 	C:\Windows\syswow64\CFGMGR32.dll
0x76750000 - 0x76762000 	C:\Windows\syswow64\DEVOBJ.dll
0x66450000 - 0x66459000 	C:\Windows\system32\HID.DLL
0x5cb40000 - 0x5cc5c000 	C:\Windows\system32\MFC42.DLL
0x6bab0000 - 0x6bb3c000 	C:\Windows\system32\ODBC32.dll
0x71230000 - 0x71281000 	C:\Windows\system32\WINSPOOL.DRV
0x6ba70000 - 0x6baa8000 	C:\Windows\system32\odbcint.dll
0x15510000 - 0x15547000 	C:\Users\OSORIO\AppData\Local\Temp\BioMiniLib\UFMatcher.dll
0x76720000 - 0x7674f000 	C:\Windows\syswow64\WINTRUST.dll
0x75fd0000 - 0x760f1000 	C:\Windows\syswow64\CRYPT32.dll
0x761d0000 - 0x761dc000 	C:\Windows\syswow64\MSASN1.dll
0x60b20000 - 0x60b44000 	C:\Program Files (x86)\Java\jdk1.8.0_91\jre\bin\dcpr.dll
0x70b70000 - 0x70c5b000 	C:\Windows\system32\dbghelp.dll

VM Arguments:
jvm_args: -Dfile.encoding=UTF-8 
java_command: GUI.Checador
java_class_path (initial): C:\Program Files\NetBeans 8.1\java\modules\ext\AbsoluteLayout.jar;C:\Users\OSORIO\Documents\NetBeansProjects\siumV1\postgresql-9.4.1208.jre6.jar;C:\Users\OSORIO\Documents\NetBeansProjects\siumV1\jna.jar;C:\Users\OSORIO\Documents\NetBeansProjects\siumV1\joda-time-2.9.4-javadoc.jar;C:\Users\OSORIO\Documents\NetBeansProjects\siumV1\joda-time-2.9.4.jar;C:\Users\OSORIO\Documents\NetBeansProjects\siumV1\build\classes
Launcher Type: SUN_STANDARD

Environment Variables:
PATH=C:\ProgramData\Oracle\Java\javapath;C:\Windows\system32;C:\Windows;C:\Windows\System32\Wbem;C:\Windows\System32\WindowsPowerShell\v1.0\;C:\xampp\php;C:\ProgramData\ComposerSetup\bin;C:\Program Files (x86)\Suprema\UFE35\bin;C:\Program Files (x86)\pgmodeler;C:\Program Files (x86)\Suprema\UFE35\bin;C:\Program Files\Git\cmd;C:\Users\OSORIO\AppData\Roaming\Composer\vendor\bin;C:\Program Files\Java\jdk1.8.0_91\bin;C:\Program Files (x86)\SSH Communications Security\SSH Secure Shell;C:\Program Files (x86)\Suprema\UFE35\bin
USERNAME=OSORIO
OS=Windows_NT
PROCESSOR_IDENTIFIER=Intel64 Family 6 Model 58 Stepping 9, GenuineIntel



---------------  S Y S T E M  ---------------

OS: Windows 7 , 64 bit Build 7601 (6.1.7601.23418)

CPU:total 4 (2 cores per cpu, 2 threads per core) family 6 model 58 stepping 9, cmov, cx8, fxsr, mmx, sse, sse2, sse3, ssse3, sse4.1, sse4.2, popcnt, avx, clmul, erms, ht, tsc, tscinvbit, tscinv

Memory: 4k page, physical 8279396k(3526824k free), swap 16556932k(11460028k free)

vm_info: Java HotSpot(TM) Client VM (25.91-b15) for windows-x86 JRE (1.8.0_91-b15), built on May 20 2016 17:33:18 by "java_re" with MS VC++ 10.0 (VS2010)

time: Mon Sep 19 15:01:54 2016
elapsed time: 4 seconds (0d 0h 0m 4s)

