#
# A fatal error has been detected by the Java Runtime Environment:
#
#  EXCEPTION_ACCESS_VIOLATION (0xc0000005) at pc=0x0473b397, pid=5196, tid=4680
#
# JRE version: Java(TM) SE Runtime Environment (8.0_91-b15) (build 1.8.0_91-b15)
# Java VM: Java HotSpot(TM) Client VM (25.91-b15 mixed mode windows-x86 )
# Problematic frame:
# C  0x0473b397
#
# Failed to write core dump. Minidumps are not enabled by default on client versions of Windows
#
# If you would like to submit a bug report, please visit:
#   http://bugreport.java.com/bugreport/crash.jsp
# The crash happened outside the Java Virtual Machine in native code.
# See problematic frame for where to report the bug.
#

---------------  T H R E A D  ---------------

Current thread (0x1611f000):  JavaThread "Thread-4" [_thread_in_native, id=4680, stack(0x16f60000,0x16fb0000)]

siginfo: ExceptionCode=0xc0000005, ExceptionInformation=0x00000008 0x0473b397

Registers:
EAX=0xffffff2c, EBX=0x16bfcf50, ECX=0x00000000, EDX=0x00016800
ESP=0x16faf418, EBP=0x16faf418, ESI=0x16faf4e0, EDI=0x1611f000
EIP=0x0473b397, EFLAGS=0x00010212

Top of Stack: (sp=0x16faf418)
0x16faf418:   16faf458 04738efa 04738d30 16faf440
0x16faf428:   00000004 00000001 16faf6d0 16bfcf50
0x16faf438:   16faf458 04736aba 16faf660 16faf6d0
0x16faf448:   16faf480 00000000 16faf4e0 00000000
0x16faf458:   16faf6a8 04732131 16faf660 16bfcf50
0x16faf468:   16faf6d0 16faf480 16faf4a0 6dcb6d83
0x16faf478:   00000000 04731449 16faf4e0 1611f000
0x16faf488:   169d06e0 16faf47c 1611f000 16faf9cc 

Instructions: (pc=0x0473b397)
0x0473b377:   
[error occurred during error reporting (printing registers, top of stack, instructions near pc), id 0xc0000005]

Register to memory mapping:

EAX=0xffffff2c is an unknown value
EBX=0x16bfcf50 is an unknown value
ECX=0x00000000 is an unknown value
EDX=0x00016800 is an unknown value
ESP=0x16faf418 is pointing into the stack for thread: 0x1611f000
EBP=0x16faf418 is pointing into the stack for thread: 0x1611f000
ESI=0x16faf4e0 is pointing into the stack for thread: 0x1611f000
EDI=0x1611f000 is a thread


Stack: [0x16f60000,0x16fb0000],  sp=0x16faf418,  free space=317k
Native frames: (J=compiled Java code, j=interpreted, Vv=VM code, C=native code)
C  0x0473b397
C  0x04738efa
C  0x04732131
C  0x04732811
j  com.sun.jna.Function.invokeInt(I[Ljava/lang/Object;)I+0
j  com.sun.jna.Function.invoke([Ljava/lang/Object;Ljava/lang/Class;)Ljava/lang/Object;+309
j  com.sun.jna.Function.invoke(Ljava/lang/Class;[Ljava/lang/Object;Ljava/util/Map;)Ljava/lang/Object;+194
j  com.sun.jna.Library$Handler.invoke(Ljava/lang/Object;Ljava/lang/reflect/Method;[Ljava/lang/Object;)Ljava/lang/Object;+344
j  com.sun.proxy.$Proxy0.UFS_CaptureSingleImage(Lcom/sun/jna/Pointer;)I+16
j  GUI.Checador$5.run()V+65
j  java.lang.Thread.run()V+11
v  ~StubRoutines::call_stub
V  [jvm.dll+0x159425]
V  [jvm.dll+0x21f02e]
V  [jvm.dll+0x1594be]
V  [jvm.dll+0x159646]
V  [jvm.dll+0x1596b7]
V  [jvm.dll+0xfdd2f]
V  [jvm.dll+0x17c8ec]
V  [jvm.dll+0x17c9da]
V  [jvm.dll+0x1c0fd6]
C  [msvcr100.dll+0x10fac]
C  [msvcr100.dll+0x110b1]
C  [kernel32.dll+0x1338a]
C  [ntdll.dll+0x39902]
C  [ntdll.dll+0x398d5]
C  0x00000000

Java frames: (J=compiled Java code, j=interpreted, Vv=VM code)
j  com.sun.jna.Function.invokeInt(I[Ljava/lang/Object;)I+0
j  com.sun.jna.Function.invoke([Ljava/lang/Object;Ljava/lang/Class;)Ljava/lang/Object;+309
j  com.sun.jna.Function.invoke(Ljava/lang/Class;[Ljava/lang/Object;Ljava/util/Map;)Ljava/lang/Object;+194
j  com.sun.jna.Library$Handler.invoke(Ljava/lang/Object;Ljava/lang/reflect/Method;[Ljava/lang/Object;)Ljava/lang/Object;+344
j  com.sun.proxy.$Proxy0.UFS_CaptureSingleImage(Lcom/sun/jna/Pointer;)I+16
j  GUI.Checador$5.run()V+65
j  java.lang.Thread.run()V+11
v  ~StubRoutines::call_stub

---------------  P R O C E S S  ---------------

Java Threads: ( => current thread )
  0x1607d000 JavaThread "Image Fetcher 0" daemon [_thread_blocked, id=5232, stack(0x17160000,0x171b0000)]
=>0x1611f000 JavaThread "Thread-4" [_thread_in_native, id=4680, stack(0x16f60000,0x16fb0000)]
  0x1612f400 JavaThread "Thread-2" [_thread_blocked, id=5848, stack(0x16830000,0x16880000)]
  0x004fc400 JavaThread "DestroyJavaVM" [_thread_blocked, id=4468, stack(0x00240000,0x00290000)]
  0x15f3d800 JavaThread "AWT-EventQueue-0" [_thread_blocked, id=1056, stack(0x15a20000,0x15a70000)]
  0x14e32000 JavaThread "AWT-Shutdown" [_thread_blocked, id=2348, stack(0x155d0000,0x15620000)]
  0x14e2f400 JavaThread "Java2D Disposer" daemon [_thread_blocked, id=1688, stack(0x15770000,0x157c0000)]
  0x14ce5c00 JavaThread "Service Thread" daemon [_thread_blocked, id=5452, stack(0x15370000,0x153c0000)]
  0x14ccb400 JavaThread "C1 CompilerThread0" daemon [_thread_blocked, id=5560, stack(0x15400000,0x15450000)]
  0x14cca000 JavaThread "Attach Listener" daemon [_thread_blocked, id=5564, stack(0x14ff0000,0x15040000)]
  0x14cc7000 JavaThread "Signal Dispatcher" daemon [_thread_blocked, id=3312, stack(0x15190000,0x151e0000)]
  0x14ca6c00 JavaThread "Finalizer" daemon [_thread_blocked, id=3724, stack(0x046e0000,0x04730000)]
  0x14c81c00 JavaThread "Reference Handler" daemon [_thread_blocked, id=4660, stack(0x14ea0000,0x14ef0000)]

Other Threads:
  0x14c7b000 VMThread [stack: 0x04690000,0x046e0000] [id=5152]

VM state:at safepoint (normal execution)

VM Mutex/Monitor currently owned by a thread:  ([mutex/lock_event])
[0x004fa7a0] Threads_lock - owner thread: 0x14c7b000

Heap:
 def new generation   total 5184K, used 2195K [0x04800000, 0x04d90000, 0x09d50000)
  eden space 4672K,  45% used [0x04800000, 0x04a12ce0, 0x04c90000)
  from space 512K,  14% used [0x04c90000, 0x04ca2260, 0x04d10000)
  to   space 512K,   0% used [0x04d10000, 0x04d10000, 0x04d90000)
 tenured generation   total 21100K, used 20652K [0x09d50000, 0x0b1eb000, 0x14800000)
   the space 21100K,  97% used [0x09d50000, 0x0b17b360, 0x0b17b400, 0x0b1eb000)
 Metaspace       used 9492K, capacity 9725K, committed 9856K, reserved 10624K

Card table byte_map: [0x00400000,0x00490000] byte_map_base: 0x003dc000

Polling page: 0x00190000

CodeCache: size=32768Kb used=1156Kb max_used=1156Kb free=31611Kb
 bounds [0x02690000, 0x027b8000, 0x04690000]
 total_blobs=607 nmethods=362 adapters=176
 compilation: enabled

Compilation events (10 events):
Event: 10.025 Thread 0x14ccb400  361             java.awt.EventQueue::getNextEventPrivate (76 bytes)
Event: 10.025 Thread 0x14ccb400 nmethod 361 0x027afe88 code [0x027aff90, 0x027b00bc]
Event: 10.049 Thread 0x14ccb400  362  s          java.awt.KeyboardFocusManager::getCurrentKeyboardFocusManager (32 bytes)
Event: 10.049 Thread 0x14ccb400 nmethod 362 0x027b01c8 code [0x027b02f0, 0x027b0584]
Event: 10.057 Thread 0x14ccb400  363             java.awt.KeyboardFocusManager::getCurrentKeyboardFocusManager (7 bytes)
Event: 10.057 Thread 0x14ccb400 nmethod 363 0x027b06c8 code [0x027b0800, 0x027b0ae0]
Event: 10.586 Thread 0x14ccb400  364             javax.swing.plaf.synth.SynthContext::getStyle (5 bytes)
Event: 10.586 Thread 0x14ccb400 nmethod 364 0x027b0d48 code [0x027b0e40, 0x027b0ec0]
Event: 10.588 Thread 0x14ccb400  366             javax.swing.JComponent::getFlag (20 bytes)
Event: 10.588 Thread 0x14ccb400 nmethod 366 0x027b11c8 code [0x027b12c0, 0x027b1360]

GC Heap History (10 events):
Event: 0.364 GC heap before
{Heap before GC invocations=2 (full 0):
 def new generation   total 4928K, used 4678K [0x04800000, 0x04d50000, 0x09d50000)
  eden space 4416K,  99% used [0x04800000, 0x04c4fef0, 0x04c50000)
  from space 512K,  51% used [0x04c50000, 0x04c91b78, 0x04cd0000)
  to   space 512K,   0% used [0x04cd0000, 0x04cd0000, 0x04d50000)
 tenured generation   total 10944K, used 1523K [0x09d50000, 0x0a800000, 0x14800000)
   the space 10944K,  13% used [0x09d50000, 0x09eccca8, 0x09ecce00, 0x0a800000)
 Metaspace       used 6825K, capacity 7014K, committed 7040K, reserved 7552K
Event: 0.367 GC heap after
Heap after GC invocations=3 (full 0):
 def new generation   total 4928K, used 1K [0x04800000, 0x04d50000, 0x09d50000)
  eden space 4416K,   0% used [0x04800000, 0x04800000, 0x04c50000)
  from space 512K,   0% used [0x04cd0000, 0x04cd04b8, 0x04d50000)
  to   space 512K,   0% used [0x04c50000, 0x04c50000, 0x04cd0000)
 tenured generation   total 10944K, used 5933K [0x09d50000, 0x0a800000, 0x14800000)
   the space 10944K,  54% used [0x09d50000, 0x0a31b740, 0x0a31b800, 0x0a800000)
 Metaspace       used 6825K, capacity 7014K, committed 7040K, reserved 7552K
}
Event: 0.468 GC heap before
{Heap before GC invocations=3 (full 0):
 def new generation   total 4928K, used 4417K [0x04800000, 0x04d50000, 0x09d50000)
  eden space 4416K, 100% used [0x04800000, 0x04c50000, 0x04c50000)
  from space 512K,   0% used [0x04cd0000, 0x04cd04b8, 0x04d50000)
  to   space 512K,   0% used [0x04c50000, 0x04c50000, 0x04cd0000)
 tenured generation   total 10944K, used 5933K [0x09d50000, 0x0a800000, 0x14800000)
   the space 10944K,  54% used [0x09d50000, 0x0a31b740, 0x0a31b800, 0x0a800000)
 Metaspace       used 7439K, capacity 7627K, committed 7680K, reserved 8576K
Event: 0.470 GC heap after
Heap after GC invocations=4 (full 0):
 def new generation   total 4928K, used 196K [0x04800000, 0x04d50000, 0x09d50000)
  eden space 4416K,   0% used [0x04800000, 0x04800000, 0x04c50000)
  from space 512K,  38% used [0x04c50000, 0x04c812b8, 0x04cd0000)
  to   space 512K,   0% used [0x04cd0000, 0x04cd0000, 0x04d50000)
 tenured generation   total 10944K, used 5933K [0x09d50000, 0x0a800000, 0x14800000)
   the space 10944K,  54% used [0x09d50000, 0x0a31b740, 0x0a31b800, 0x0a800000)
 Metaspace       used 7439K, capacity 7627K, committed 7680K, reserved 8576K
}
Event: 0.570 GC heap before
{Heap before GC invocations=4 (full 0):
 def new generation   total 4928K, used 2592K [0x04800000, 0x04d50000, 0x09d50000)
  eden space 4416K,  54% used [0x04800000, 0x04a56ea0, 0x04c50000)
  from space 512K,  38% used [0x04c50000, 0x04c812b8, 0x04cd0000)
  to   space 512K,   0% used [0x04cd0000, 0x04cd0000, 0x04d50000)
 tenured generation   total 10944K, used 5933K [0x09d50000, 0x0a800000, 0x14800000)
   the space 10944K,  54% used [0x09d50000, 0x0a31b740, 0x0a31b800, 0x0a800000)
 Metaspace       used 8269K, capacity 8497K, committed 8576K, reserved 8576K
Event: 0.580 GC heap after
Heap after GC invocations=5 (full 1):
 def new generation   total 5184K, used 0K [0x04800000, 0x04d90000, 0x09d50000)
  eden space 4672K,   0% used [0x04800000, 0x04800000, 0x04c90000)
  from space 512K,   0% used [0x04c90000, 0x04c90000, 0x04d10000)
  to   space 512K,   0% used [0x04d10000, 0x04d10000, 0x04d90000)
 tenured generation   total 11332K, used 6797K [0x09d50000, 0x0a861000, 0x14800000)
   the space 11332K,  59% used [0x09d50000, 0x0a3f3490, 0x0a3f3600, 0x0a861000)
 Metaspace       used 8269K, capacity 8497K, committed 8576K, reserved 8576K
}
Event: 1.393 GC heap before
{Heap before GC invocations=5 (full 1):
 def new generation   total 5184K, used 2106K [0x04800000, 0x04d90000, 0x09d50000)
  eden space 4672K,  45% used [0x04800000, 0x04a0e8f8, 0x04c90000)
  from space 512K,   0% used [0x04c90000, 0x04c90000, 0x04d10000)
  to   space 512K,   0% used [0x04d10000, 0x04d10000, 0x04d90000)
 tenured generation   total 21100K, used 16562K [0x09d50000, 0x0b1eb000, 0x14800000)
   the space 21100K,  78% used [0x09d50000, 0x0ad7cb20, 0x0ad7cc00, 0x0b1eb000)
 Metaspace       used 8839K, capacity 9075K, committed 9216K, reserved 9600K
Event: 1.395 GC heap after
Heap after GC invocations=6 (full 1):
 def new generation   total 5184K, used 421K [0x04800000, 0x04d90000, 0x09d50000)
  eden space 4672K,   0% used [0x04800000, 0x04800000, 0x04c90000)
  from space 512K,  82% used [0x04d10000, 0x04d79558, 0x04d90000)
  to   space 512K,   0% used [0x04c90000, 0x04c90000, 0x04d10000)
 tenured generation   total 21100K, used 16562K [0x09d50000, 0x0b1eb000, 0x14800000)
   the space 21100K,  78% used [0x09d50000, 0x0ad7cb20, 0x0ad7cc00, 0x0b1eb000)
 Metaspace       used 8839K, capacity 9075K, committed 9216K, reserved 9600K
}
Event: 4.582 GC heap before
{Heap before GC invocations=6 (full 1):
 def new generation   total 5184K, used 5093K [0x04800000, 0x04d90000, 0x09d50000)
  eden space 4672K, 100% used [0x04800000, 0x04c90000, 0x04c90000)
  from space 512K,  82% used [0x04d10000, 0x04d79558, 0x04d90000)
  to   space 512K,   0% used [0x04c90000, 0x04c90000, 0x04d10000)
 tenured generation   total 21100K, used 16562K [0x09d50000, 0x0b1eb000, 0x14800000)
   the space 21100K,  78% used [0x09d50000, 0x0ad7cb20, 0x0ad7cc00, 0x0b1eb000)
 Metaspace       used 8968K, capacity 9203K, committed 9344K, reserved 9600K
Event: 4.585 GC heap after
Heap after GC invocations=7 (full 1):
 def new generation   total 5184K, used 72K [0x04800000, 0x04d90000, 0x09d50000)
  eden space 4672K,   0% used [0x04800000, 0x04800000, 0x04c90000)
  from space 512K,  14% used [0x04c90000, 0x04ca2260, 0x04d10000)
  to   space 512K,   0% used [0x04d10000, 0x04d10000, 0x04d90000)
 tenured generation   total 21100K, used 20652K [0x09d50000, 0x0b1eb000, 0x14800000)
   the space 21100K,  97% used [0x09d50000, 0x0b17b360, 0x0b17b400, 0x0b1eb000)
 Metaspace       used 8968K, capacity 9203K, committed 9344K, reserved 9600K
}

Deoptimization events (0 events):
No events

Internal exceptions (10 events):
Event: 0.226 Thread 0x004fc400 Exception <a 'java/lang/ClassNotFoundException': ToolBar> (0x04ad0438) thrown at [C:\re\workspace\8-2-build-windows-i586-cygwin\jdk8u91\7017\hotspot\src\share\vm\classfile\systemDictionary.cpp, line 210]
Event: 0.226 Thread 0x004fc400 Exception <a 'java/lang/ClassNotFoundException': ToggleButton> (0x04ad0980) thrown at [C:\re\workspace\8-2-build-windows-i586-cygwin\jdk8u91\7017\hotspot\src\share\vm\classfile\systemDictionary.cpp, line 210]
Event: 0.226 Thread 0x004fc400 Exception <a 'java/lang/ClassNotFoundException': javax/swing/JToolBarSeparator> (0x04ad0d88) thrown at [C:\re\workspace\8-2-build-windows-i586-cygwin\jdk8u91\7017\hotspot\src\share\vm\classfile\systemDictionary.cpp, line 210]
Event: 0.226 Thread 0x004fc400 Exception <a 'java/lang/ClassNotFoundException': ToolBarSeparator> (0x04ad11e0) thrown at [C:\re\workspace\8-2-build-windows-i586-cygwin\jdk8u91\7017\hotspot\src\share\vm\classfile\systemDictionary.cpp, line 210]
Event: 0.227 Thread 0x004fc400 Exception <a 'java/lang/ClassNotFoundException': ToolTip> (0x04ad1888) thrown at [C:\re\workspace\8-2-build-windows-i586-cygwin\jdk8u91\7017\hotspot\src\share\vm\classfile\systemDictionary.cpp, line 210]
Event: 0.228 Thread 0x004fc400 Exception <a 'java/lang/ClassNotFoundException': Tree> (0x04ad2388) thrown at [C:\re\workspace\8-2-build-windows-i586-cygwin\jdk8u91\7017\hotspot\src\share\vm\classfile\systemDictionary.cpp, line 210]
Event: 0.228 Thread 0x004fc400 Exception <a 'java/lang/ClassNotFoundException': Tree> (0x04ad2a28) thrown at [C:\re\workspace\8-2-build-windows-i586-cygwin\jdk8u91\7017\hotspot\src\share\vm\classfile\systemDictionary.cpp, line 210]
Event: 0.228 Thread 0x004fc400 Exception <a 'java/lang/ClassNotFoundException': javax/swing/JTreeCell> (0x04ad2d60) thrown at [C:\re\workspace\8-2-build-windows-i586-cygwin\jdk8u91\7017\hotspot\src\share\vm\classfile\systemDictionary.cpp, line 210]
Event: 0.228 Thread 0x004fc400 Exception <a 'java/lang/ClassNotFoundException': TreeCell> (0x04ad31a8) thrown at [C:\re\workspace\8-2-build-windows-i586-cygwin\jdk8u91\7017\hotspot\src\share\vm\classfile\systemDictionary.cpp, line 210]
Event: 0.228 Thread 0x004fc400 Exception <a 'java/lang/ClassNotFoundException': RootPane> (0x04ad3b20) thrown at [C:\re\workspace\8-2-build-windows-i586-cygwin\jdk8u91\7017\hotspot\src\share\vm\classfile\systemDictionary.cpp, line 210]

Events (10 events):
Event: 9.656 Executing VM operation: RevokeBias
Event: 9.656 Executing VM operation: RevokeBias done
Event: 11.121 Thread 0x16031400 Thread added: 0x16031400
Event: 11.121 Thread 0x1623d400 Thread added: 0x1623d400
Event: 11.121 Thread 0x1623d800 Thread added: 0x1623d800
Event: 11.121 Thread 0x16031400 Thread exited: 0x16031400
Event: 11.122 Thread 0x1623d400 Thread exited: 0x1623d400
Event: 11.137 Thread 0x14e33400 Thread exited: 0x14e33400
Event: 11.223 Thread 0x1623d800 Thread exited: 0x1623d800
Event: 11.223 Executing VM operation: Exit


Dynamic libraries:
0x00e80000 - 0x00eb3000 	C:\Program Files (x86)\Java\jdk1.8.0_91\bin\java.exe
0x77200000 - 0x77380000 	C:\Windows\SysWOW64\ntdll.dll
0x74c80000 - 0x74d90000 	C:\Windows\syswow64\kernel32.dll
0x76690000 - 0x766d7000 	C:\Windows\syswow64\KERNELBASE.dll
0x76a10000 - 0x76ab1000 	C:\Windows\syswow64\ADVAPI32.dll
0x75ed0000 - 0x75f7c000 	C:\Windows\syswow64\msvcrt.dll
0x74c50000 - 0x74c69000 	C:\Windows\SysWOW64\sechost.dll
0x75190000 - 0x75280000 	C:\Windows\syswow64\RPCRT4.dll
0x74b50000 - 0x74bb0000 	C:\Windows\syswow64\SspiCli.dll
0x74b40000 - 0x74b4c000 	C:\Windows\syswow64\CRYPTBASE.dll
0x76320000 - 0x76420000 	C:\Windows\syswow64\USER32.dll
0x74fb0000 - 0x75040000 	C:\Windows\syswow64\GDI32.dll
0x74c70000 - 0x74c7a000 	C:\Windows\syswow64\LPK.dll
0x74f10000 - 0x74fad000 	C:\Windows\syswow64\USP10.dll
0x72900000 - 0x72a9e000 	C:\Windows\WinSxS\x86_microsoft.windows.common-controls_6595b64144ccf1df_6.0.7601.18837_none_41e855142bd5705d\COMCTL32.dll
0x76420000 - 0x76477000 	C:\Windows\syswow64\SHLWAPI.dll
0x76ad0000 - 0x76b30000 	C:\Windows\system32\IMM32.DLL
0x760e0000 - 0x761ac000 	C:\Windows\syswow64\MSCTF.dll
0x6fa00000 - 0x6fabd000 	C:\Program Files (x86)\Java\jdk1.8.0_91\jre\bin\msvcr100.dll
0x6dcb0000 - 0x6e07a000 	C:\Program Files (x86)\Java\jdk1.8.0_91\jre\bin\client\jvm.dll
0x72870000 - 0x72877000 	C:\Windows\system32\WSOCK32.dll
0x76650000 - 0x76685000 	C:\Windows\syswow64\WS2_32.dll
0x76ac0000 - 0x76ac6000 	C:\Windows\syswow64\NSI.dll
0x722f0000 - 0x72322000 	C:\Windows\system32\WINMM.dll
0x72f30000 - 0x72f39000 	C:\Windows\system32\VERSION.dll
0x74f00000 - 0x74f05000 	C:\Windows\syswow64\PSAPI.DLL
0x74610000 - 0x7461c000 	C:\Program Files (x86)\Java\jdk1.8.0_91\jre\bin\verify.dll
0x70670000 - 0x70691000 	C:\Program Files (x86)\Java\jdk1.8.0_91\jre\bin\java.dll
0x72060000 - 0x72073000 	C:\Program Files (x86)\Java\jdk1.8.0_91\jre\bin\zip.dll
0x75280000 - 0x75ecc000 	C:\Windows\syswow64\SHELL32.dll
0x761b0000 - 0x7630d000 	C:\Windows\syswow64\ole32.dll
0x771d0000 - 0x771db000 	C:\Windows\syswow64\profapi.dll
0x6f8b0000 - 0x6f9f5000 	C:\Program Files (x86)\Java\jdk1.8.0_91\jre\bin\awt.dll
0x76010000 - 0x7609f000 	C:\Windows\syswow64\OLEAUT32.dll
0x71f40000 - 0x71fc0000 	C:\Windows\system32\uxtheme.dll
0x71d90000 - 0x71da3000 	C:\Windows\system32\dwmapi.dll
0x70630000 - 0x70669000 	C:\Program Files (x86)\Java\jdk1.8.0_91\jre\bin\fontmanager.dll
0x70600000 - 0x70626000 	C:\Program Files (x86)\Java\jdk1.8.0_91\jre\bin\jpeg.dll
0x00350000 - 0x00367000 	C:\Users\OSORIO\AppData\Local\Temp\ShellHook.dll
0x705e0000 - 0x705f6000 	C:\Program Files (x86)\Java\jdk1.8.0_91\jre\bin\net.dll
0x72500000 - 0x7253c000 	C:\Windows\system32\mswsock.dll
0x71fd0000 - 0x71fd6000 	C:\Windows\System32\wship6.dll
0x733f0000 - 0x733ff000 	C:\Program Files (x86)\Java\jdk1.8.0_91\jre\bin\nio.dll
0x6e410000 - 0x6e442000 	C:\Program Files (x86)\Java\jdk1.8.0_91\jre\bin\t2k.dll
0x72840000 - 0x72857000 	C:\Windows\system32\CRYPTSP.dll
0x72800000 - 0x7283b000 	C:\Windows\system32\rsaenh.dll
0x76980000 - 0x76997000 	C:\Windows\syswow64\USERENV.dll
0x746b0000 - 0x746cc000 	C:\Windows\system32\IPHLPAPI.DLL
0x73340000 - 0x73347000 	C:\Windows\system32\WINNSI.DLL
0x720f0000 - 0x720fd000 	C:\Windows\system32\dhcpcsvc6.DLL
0x72290000 - 0x722a2000 	C:\Windows\system32\dhcpcsvc.DLL
0x16be0000 - 0x16d66000 	C:\Users\OSORIO\AppData\Local\Temp\BioMiniLib\UFScanner.dll
0x76480000 - 0x7661d000 	C:\Windows\syswow64\SETUPAPI.dll
0x76620000 - 0x76647000 	C:\Windows\syswow64\CFGMGR32.dll
0x75ff0000 - 0x76002000 	C:\Windows\syswow64\DEVOBJ.dll
0x72050000 - 0x72059000 	C:\Windows\system32\HID.DLL
0x6e2f0000 - 0x6e40c000 	C:\Windows\system32\MFC42.DLL
0x6e260000 - 0x6e2ec000 	C:\Windows\system32\ODBC32.dll
0x72190000 - 0x721e1000 	C:\Windows\system32\WINSPOOL.DRV
0x6e220000 - 0x6e258000 	C:\Windows\system32\odbcint.dll
0x047c0000 - 0x047f7000 	C:\Users\OSORIO\AppData\Local\Temp\BioMiniLib\UFMatcher.dll
0x760a0000 - 0x760cf000 	C:\Windows\syswow64\WINTRUST.dll
0x74d90000 - 0x74eb1000 	C:\Windows\syswow64\CRYPT32.dll
0x760d0000 - 0x760dc000 	C:\Windows\syswow64\MSASN1.dll
0x00520000 - 0x0052e000 	C:\Program Files (x86)\Suprema\UFE35\bin\UFScanner_IZZIX.dll
0x6f880000 - 0x6f8a4000 	C:\Program Files (x86)\Java\jdk1.8.0_91\jre\bin\dcpr.dll
0x72360000 - 0x7244b000 	C:\Windows\system32\dbghelp.dll

VM Arguments:
jvm_args: -Dfile.encoding=UTF-8 
java_command: GUI.Checador
java_class_path (initial): C:\Program Files\NetBeans 8.1\java\modules\ext\AbsoluteLayout.jar;C:\Users\OSORIO\Documents\NetBeansProjects\siumV1\postgresql-9.4.1208.jre6.jar;C:\Users\OSORIO\Documents\NetBeansProjects\siumV1\jna.jar;C:\Users\OSORIO\Documents\NetBeansProjects\siumV1\build\classes
Launcher Type: SUN_STANDARD

Environment Variables:
PATH=C:\ProgramData\Oracle\Java\javapath;C:\Windows\system32;C:\Windows;C:\Windows\System32\Wbem;C:\Windows\System32\WindowsPowerShell\v1.0\;C:\xampp\php;C:\ProgramData\ComposerSetup\bin;C:\Program Files (x86)\Suprema\UFE35\bin;C:\Program Files (x86)\pgmodeler;C:\Program Files (x86)\Suprema\UFE35\bin;C:\Program Files\Git\cmd;C:\Users\OSORIO\AppData\Roaming\Composer\vendor\bin;C:\Program Files\Java\jdk1.8.0_91\bin;C:\Program Files (x86)\SSH Communications Security\SSH Secure Shell;C:\Program Files (x86)\Suprema\UFE35\bin
USERNAME=OSORIO
OS=Windows_NT
PROCESSOR_IDENTIFIER=Intel64 Family 6 Model 58 Stepping 9, GenuineIntel



---------------  S Y S T E M  ---------------

OS: Windows 7 , 64 bit Build 7601 (6.1.7601.23418)

CPU:total 4 (2 cores per cpu, 2 threads per core) family 6 model 58 stepping 9, cmov, cx8, fxsr, mmx, sse, sse2, sse3, ssse3, sse4.1, sse4.2, popcnt, avx, clmul, erms, ht, tsc, tscinvbit, tscinv

Memory: 4k page, physical 8279396k(3675564k free), swap 16556932k(11945944k free)

vm_info: Java HotSpot(TM) Client VM (25.91-b15) for windows-x86 JRE (1.8.0_91-b15), built on May 20 2016 17:33:18 by "java_re" with MS VC++ 10.0 (VS2010)

time: Mon Aug 15 08:48:21 2016
elapsed time: 11 seconds (0d 0h 0m 11s)

